#-----------------------------------------------------------
# Vivado v2019.1 (64-bit)
# SW Build 2552052 on Fri May 24 14:49:42 MDT 2019
# IP Build 2548770 on Fri May 24 18:01:18 MDT 2019
# Start of session at: Thu Oct 14 16:54:37 2021
# Process ID: 10392
# Current directory: C:/Users/James/Desktop/CSE100/Labs/myLab2.xpr/myLab2
# Command line: vivado.exe -gui_launcher_event rodinguilauncherevent10012 C:\Users\James\Desktop\CSE100\Labs\myLab2.xpr\myLab2\myLab2.xpr
# Log file: C:/Users/James/Desktop/CSE100/Labs/myLab2.xpr/myLab2/vivado.log
# Journal file: C:/Users/James/Desktop/CSE100/Labs/myLab2.xpr/myLab2\vivado.jou
#-----------------------------------------------------------
start_gui
open_project C:/Users/James/Desktop/CSE100/Labs/myLab2.xpr/myLab2/myLab2.xpr
Scanning sources...
Finished scanning sources
INFO: [IP_Flow 19-234] Refreshing IP repositories
INFO: [IP_Flow 19-1704] No user IP repositories specified
INFO: [IP_Flow 19-2313] Loaded Vivado IP repository 'C:/Users/James/.Xilinx/Vivado/2019.1/data/ip'.
update_compile_order -fileset sources_1
launch_simulation
INFO: [Vivado 12-5682] Launching behavioral simulation in 'C:/Users/James/Desktop/CSE100/Labs/myLab2.xpr/myLab2/myLab2.sim/sim_1/behav/xsim'
INFO: [SIM-utils-51] Simulation object is 'sim_1'
INFO: [SIM-utils-54] Inspecting design source files for 'lab2_7Seg_testbench' in fileset 'sim_1'...
INFO: [USF-XSim-97] Finding global include files...
INFO: [USF-XSim-98] Fetching design files from 'sim_1'...
INFO: [USF-XSim-2] XSim::Compile design
INFO: [USF-XSim-61] Executing 'COMPILE and ANALYZE' step in 'C:/Users/James/Desktop/CSE100/Labs/myLab2.xpr/myLab2/myLab2.sim/sim_1/behav/xsim'
"xvlog --incr --relax -prj lab2_7Seg_testbench_vlog.prj"
INFO: [USF-XSim-69] 'compile' step finished in '1' seconds
INFO: [USF-XSim-3] XSim::Elaborate design
INFO: [USF-XSim-61] Executing 'ELABORATE' step in 'C:/Users/James/Desktop/CSE100/Labs/myLab2.xpr/myLab2/myLab2.sim/sim_1/behav/xsim'
"xelab -wto 731c3333b8b54b5595f2ebeefffd5bcd --incr --debug typical --relax --mt 2 -L xil_defaultlib -L unisims_ver -L unimacro_ver -L secureip --snapshot lab2_7Seg_testbench_behav xil_defaultlib.lab2_7Seg_testbench xil_defaultlib.glbl -log elaborate.log"
Vivado Simulator 2019.1
Copyright 1986-1999, 2001-2019 Xilinx, Inc. All Rights Reserved.
Running: C:/Users/James/.Xilinx/Vivado/2019.1/bin/unwrapped/win64.o/xelab.exe -wto 731c3333b8b54b5595f2ebeefffd5bcd --incr --debug typical --relax --mt 2 -L xil_defaultlib -L unisims_ver -L unimacro_ver -L secureip --snapshot lab2_7Seg_testbench_behav xil_defaultlib.lab2_7Seg_testbench xil_defaultlib.glbl -log elaborate.log 
Using 2 slave threads.
Starting static elaboration
Completed static elaboration
INFO: [XSIM 43-4323] No Change in HDL. Linking previously generated obj files to create kernel
INFO: [USF-XSim-69] 'elaborate' step finished in '2' seconds
INFO: [USF-XSim-4] XSim::Simulate design
INFO: [USF-XSim-61] Executing 'SIMULATE' step in 'C:/Users/James/Desktop/CSE100/Labs/myLab2.xpr/myLab2/myLab2.sim/sim_1/behav/xsim'
INFO: [USF-XSim-98] *** Running xsim
   with args "lab2_7Seg_testbench_behav -key {Behavioral:sim_1:Functional:lab2_7Seg_testbench} -tclbatch {lab2_7Seg_testbench.tcl} -view {C:/Users/James/Desktop/CSE100/Labs/myLab2.xpr/myLab2/lab2_7Seg_testbench_behav.wcfg} -log {simulate.log}"
INFO: [USF-XSim-8] Loading simulator feature
Vivado Simulator 2019.1
Time resolution is 1 ps
open_wave_config C:/Users/James/Desktop/CSE100/Labs/myLab2.xpr/myLab2/lab2_7Seg_testbench_behav.wcfg
source lab2_7Seg_testbench.tcl
# set curr_wave [current_wave_config]
# if { [string length $curr_wave] == 0 } {
#   if { [llength [get_objects]] > 0} {
#     add_wave /
#     set_property needs_save false [current_wave_config]
#   } else {
#      send_msg_id Add_Wave-1 WARNING "No top level signals found. Simulator will start without a wave window. If you want to open a wave window go to 'File->New Waveform Configuration' or type 'create_wave_config' in the TCL console."
#   }
# }
# run 1000ns
INFO: [USF-XSim-96] XSim completed. Design snapshot 'lab2_7Seg_testbench_behav' loaded.
INFO: [USF-XSim-97] XSim simulation ran for 1000ns
launch_simulation: Time (s): cpu = 00:00:08 ; elapsed = 00:00:07 . Memory (MB): peak = 784.758 ; gain = 6.598
close_sim
INFO: [Simtcl 6-16] Simulation closed
exit
INFO: [Common 17-206] Exiting Vivado at Thu Oct 14 16:59:45 2021...
