#-----------------------------------------------------------
# Vivado v2019.1 (64-bit)
# SW Build 2552052 on Fri May 24 14:49:42 MDT 2019
# IP Build 2548770 on Fri May 24 18:01:18 MDT 2019
# Start of session at: Wed Oct 20 16:32:06 2021
# Process ID: 19756
# Current directory: C:/Users/James/Desktop/CSE100/Labs/myLab2.xpr/myLab2
# Command line: vivado.exe -gui_launcher_event rodinguilauncherevent9632 C:\Users\James\Desktop\CSE100\Labs\myLab2.xpr\myLab2\myLab2.xpr
# Log file: C:/Users/James/Desktop/CSE100/Labs/myLab2.xpr/myLab2/vivado.log
# Journal file: C:/Users/James/Desktop/CSE100/Labs/myLab2.xpr/myLab2\vivado.jou
#-----------------------------------------------------------
start_gui
open_project C:/Users/James/Desktop/CSE100/Labs/myLab2.xpr/myLab2/myLab2.xpr
Scanning sources...
Finished scanning sources
INFO: [IP_Flow 19-234] Refreshing IP repositories
INFO: [IP_Flow 19-1704] No user IP repositories specified
INFO: [IP_Flow 19-2313] Loaded Vivado IP repository 'C:/Users/James/.Xilinx/Vivado/2019.1/data/ip'.
update_compile_order -fileset sources_1
exit
INFO: [Common 17-206] Exiting Vivado at Wed Oct 20 16:45:36 2021...
