#
# A fatal error has been detected by the Java Runtime Environment:
#
#  EXCEPTION_ACCESS_VIOLATION (0xc0000005) at pc=0x00007ff944891439, pid=2428, tid=5648
#
# JRE version: Java(TM) SE Runtime Environment (9.0+11) (build 9.0.4+11)
# Java VM: Java HotSpot(TM) 64-Bit Server VM (9.0.4+11, mixed mode, tiered, compressed oops, g1 gc, windows-amd64)
# Problematic frame:
# C  0x00007ff944891439
#
# No core dump will be written. Minidumps are not enabled by default on client versions of Windows
#
# If you would like to submit a bug report, please visit:
#   http://bugreport.java.com/bugreport/crash.jsp
# The crash happened outside the Java Virtual Machine in native code.
# See problematic frame for where to report the bug.
#

---------------  S U M M A R Y ------------

Command Line: -Dsun.java2d.pmoffscreen=false -Dsun.java2d.xrender=false -Dsun.java2d.d3d=false -Dsun.awt.nopixfmt=true -Dsun.java2d.dpiaware=true -Dsun.java2d.uiScale.enabled=false -Xverify:none -Dswing.aatext=true -XX:-UsePerfData -Djdk.map.althashing.threshold=512 -XX:StringTableSize=4072 --add-opens=java.base/java.nio=ALL-UNNAMED --add-opens=java.desktop/sun.swing=ALL-UNNAMED --add-opens=java.desktop/javax.swing=ALL-UNNAMED --add-opens=java.desktop/javax.swing.tree=ALL-UNNAMED --add-opens=java.desktop/javax.swing.plaf.basic=ALL-UNNAMED --add-opens=java.desktop/javax.swing.plaf.synth=ALL-UNNAMED --add-opens=java.desktop/com.sun.awt=ALL-UNNAMED -XX:NewSize=60m -XX:MaxNewSize=60m -Xms128m -Xmx3072m -Xss5m 

Host: Intel(R) Core(TM)2 Duo CPU     E8500  @ 3.16GHz, 2 cores, 3G,  Windows 10 , 64 bit Build 19041 (10.0.19041.1151)
Time: Tue Nov 09 18:04:53 2021 Pacific Standard Time elapsed time: 652 seconds (0d 0h 10m 52s)

---------------  T H R E A D  ---------------

Current thread (0x000002069668c000):  JavaThread "AWT-EventQueue-1" [_thread_in_native, id=5648, stack(0x000000ae7ef00000,0x000000ae7f400000)]

Stack: [0x000000ae7ef00000,0x000000ae7f400000],  sp=0x000000ae7f3f4860,  free space=5074k
Native frames: (J=compiled Java code, j=interpreted, Vv=VM code, C=native code)
C  0x00007ff944891439
C  0x00007ff9448a5107
C  0x00007ff9448a4e12
C  0x00007ff94488ac06
C  [librdi_wavedata.dll+0x125e90]
C  [librdi_wavedata.dll+0x148744]
C  [librdi_wavedata.dll+0x1e1cce]
C  [librdi_wavedata.dll+0x1e1bef]
C  [librdi_wavedata.dll+0x20cb0a]
C  [librdi_wavedata.dll+0x20aede]
C  [librdi_wavedata.dll+0x26873b]
C  [librdi_wavedata.dll+0x26a153]
C  [librdi_wavedata.dll+0x242ea0]
C  [librdi_wavedata.dll+0x242f1d]
C  [librdi_wavedata.dll+0x242fc1]
C  [librdi_wavedata.dll+0x2695c4]
C  [librdi_wavedata.dll+0x239546]
C  [librdi_wavedata.dll+0x239315]
C  [librdi_wavedata.dll+0x275c1f]
C  0x000002069db5919c

Java frames: (J=compiled Java code, j=interpreted, Vv=VM code)
j  ui.views.waveform.waveformi.WVExecutive_getGraphicsDataSize(J)J+0
j  ui.views.waveform.executive.a.gEt()Ljava/io/ByteArrayInputStream;+8
j  ui.views.waveform.b.a.gEf()V+7
j  ui.views.waveform.b.a.fOl()V+1
j  ui.views.waveform.m.gDo()V+4
j  ui.views.waveform.m.cRi()V+11
j  ui.views.waveform.w.cRi()V+29
J 20176 c1 ui.views.waveform.c.b.j(Lui/frmwork/b/i;)V (603 bytes) @ 0x00000206a0b1413c [0x00000206a0b0aa20+0x000000000000971c]
J 20175 c1 ui.views.waveform.w.a(Lui/frmwork/b/i;)V (17 bytes) @ 0x00000206a0b09594 [0x00000206a0b094c0+0x00000000000000d4]
J 13707 c1 ui.frmwork.b.l.d(Lui/frmwork/b/i;)V (61 bytes) @ 0x000002069e6b131c [0x000002069e6b0ac0+0x000000000000085c]
J 13706 c1 ui.frmwork.HTclEventBroker.i(JZ)V (471 bytes) @ 0x000002069e9a8b2c [0x000002069e9a4340+0x00000000000047ec]
J 13713 c1 ui.frmwork.HTclEventBroker.fireTclEvent(J)I (113 bytes) @ 0x000002069e8d78cc [0x000002069e8d70c0+0x000000000000080c]
v  ~StubRoutines::call_stub
j  ui.views.waveform.waveformi.WVExecutive_processModelEvent(JJ)V+0
j  ui.views.waveform.executive.a.eE(J)V+5
j  ui.views.waveform.c.b.eD(J)V+8
J 20176 c1 ui.views.waveform.c.b.j(Lui/frmwork/b/i;)V (603 bytes) @ 0x00000206a0b14e74 [0x00000206a0b0aa20+0x000000000000a454]
J 20175 c1 ui.views.waveform.w.a(Lui/frmwork/b/i;)V (17 bytes) @ 0x00000206a0b09594 [0x00000206a0b094c0+0x00000000000000d4]
J 13707 c1 ui.frmwork.b.l.d(Lui/frmwork/b/i;)V (61 bytes) @ 0x000002069e6b131c [0x000002069e6b0ac0+0x000000000000085c]
J 13706 c1 ui.frmwork.HTclEventBroker.i(JZ)V (471 bytes) @ 0x000002069e9a8b2c [0x000002069e9a4340+0x00000000000047ec]
J 20430 c1 ui.frmwork.HTclEventBroker$$Lambda$205.run()V (12 bytes) @ 0x00000206a0c6e3dc [0x00000206a0c6e300+0x00000000000000dc]
J 13333 c2 java.awt.EventQueue$3.run()Ljava/lang/Object; java.desktop@9.0.4 (5 bytes) @ 0x00000206a56d1e88 [0x00000206a56d1b80+0x0000000000000308]
v  ~StubRoutines::call_stub
J 4268  java.security.AccessController.doPrivileged(Ljava/security/PrivilegedAction;Ljava/security/AccessControlContext;)Ljava/lang/Object; java.base@9.0.4 (0 bytes) @ 0x00000206a57e3ac6 [0x00000206a57e3a60+0x0000000000000066]
J 13324 c2 ui.frmwork.b.d.dispatchEvent(Ljava/awt/AWTEvent;)V (34 bytes) @ 0x00000206a5698e20 [0x00000206a5698800+0x0000000000000620]
J 18630 c2 java.awt.EventDispatchThread.pumpOneEventForFilters(I)V java.desktop@9.0.4 (218 bytes) @ 0x00000206a6360590 [0x00000206a6360280+0x0000000000000310]
J 20844 c1 java.awt.EventDispatchThread.pumpEventsForFilter(ILjava/awt/Conditional;Ljava/awt/EventFilter;)V java.desktop@9.0.4 (47 bytes) @ 0x000002069e33760c [0x000002069e337320+0x00000000000002ec]
j  java.awt.EventDispatchThread.pumpEventsForFilter(Ljava/awt/Conditional;Ljava/awt/EventFilter;)V+4 java.desktop@9.0.4
j  java.awt.WaitDispatchSupport$2.run()V+59 java.desktop@9.0.4
j  java.awt.WaitDispatchSupport$4.run()Ljava/lang/Void;+4 java.desktop@9.0.4
j  java.awt.WaitDispatchSupport$4.run()Ljava/lang/Object;+1 java.desktop@9.0.4
v  ~StubRoutines::call_stub
J 1087  java.security.AccessController.doPrivileged(Ljava/security/PrivilegedAction;)Ljava/lang/Object; java.base@9.0.4 (0 bytes) @ 0x00000206a565d132 [0x00000206a565d0e0+0x0000000000000052]
j  java.awt.WaitDispatchSupport.enter()Z+260 java.desktop@9.0.4
j  java.awt.Dialog.show()V+225 java.desktop@9.0.4
J 9272 c1 java.awt.Component.setVisible(Z)V java.desktop@9.0.4 (6 bytes) @ 0x000002069ea12ccc [0x000002069ea12ae0+0x00000000000001ec]
j  java.awt.Window.setVisible(Z)V+2 java.desktop@9.0.4
j  java.awt.Dialog.setVisible(Z)V+2 java.desktop@9.0.4
j  ui.b.c.g.setVisible(Z)V+2
j  ui.b.c.by.showDialog()V+64
j  ui.b.c.bF.actionPerformed(Ljava/awt/event/ActionEvent;)V+8
j  ui.b.c.by.cJI()V+396
j  ui.views.c.t.b.a.run()V+60
j  ui.frmwork.a.dWF()Z+66
j  ui.frmwork.V.dYl()V+42
j  ui.bk.actionPerformed(Ljava/awt/event/ActionEvent;)V+25
j  javax.swing.AbstractButton.fireActionPerformed(Ljava/awt/event/ActionEvent;)V+84 java.desktop@9.0.4
j  ui.utils.o.b.B.fireActionPerformed(Ljava/awt/event/ActionEvent;)V+7
j  javax.swing.AbstractButton$Handler.actionPerformed(Ljava/awt/event/ActionEvent;)V+5 java.desktop@9.0.4
j  javax.swing.DefaultButtonModel.fireActionPerformed(Ljava/awt/event/ActionEvent;)V+34 java.desktop@9.0.4
j  javax.swing.DefaultButtonModel.setPressed(Z)V+117 java.desktop@9.0.4
j  javax.swing.plaf.basic.BasicButtonListener.mouseReleased(Ljava/awt/event/MouseEvent;)V+35 java.desktop@9.0.4
j  com.jidesoft.plaf.basic.BasicJideButtonListener.mouseReleased(Ljava/awt/event/MouseEvent;)V+61
J 18707 c1 java.awt.AWTEventMulticaster.mouseReleased(Ljava/awt/event/MouseEvent;)V java.desktop@9.0.4 (27 bytes) @ 0x000002069fda1c8c [0x000002069fda1a80+0x000000000000020c]
J 18707 c1 java.awt.AWTEventMulticaster.mouseReleased(Ljava/awt/event/MouseEvent;)V java.desktop@9.0.4 (27 bytes) @ 0x000002069fda1c8c [0x000002069fda1a80+0x000000000000020c]
J 18707 c1 java.awt.AWTEventMulticaster.mouseReleased(Ljava/awt/event/MouseEvent;)V java.desktop@9.0.4 (27 bytes) @ 0x000002069fda1c8c [0x000002069fda1a80+0x000000000000020c]
J 18707 c1 java.awt.AWTEventMulticaster.mouseReleased(Ljava/awt/event/MouseEvent;)V java.desktop@9.0.4 (27 bytes) @ 0x000002069fda1c8c [0x000002069fda1a80+0x000000000000020c]
J 15749 c1 java.awt.Component.processMouseEvent(Ljava/awt/event/MouseEvent;)V java.desktop@9.0.4 (100 bytes) @ 0x00000206a03da1b4 [0x00000206a03d9e20+0x0000000000000394]
J 15750 c1 javax.swing.JComponent.processMouseEvent(Ljava/awt/event/MouseEvent;)V java.desktop@9.0.4 (27 bytes) @ 0x00000206a03daa6c [0x00000206a03da860+0x000000000000020c]
J 13168 c2 java.awt.Container.processEvent(Ljava/awt/AWTEvent;)V java.desktop@9.0.4 (22 bytes) @ 0x00000206a5e09a88 [0x00000206a5e09920+0x0000000000000168]
J 18895 c2 java.awt.Component.dispatchEventImpl(Ljava/awt/AWTEvent;)V java.desktop@9.0.4 (739 bytes) @ 0x00000206a63e5510 [0x00000206a63e4780+0x0000000000000d90]
J 18637 c2 java.awt.Container.dispatchEventImpl(Ljava/awt/AWTEvent;)V java.desktop@9.0.4 (129 bytes) @ 0x00000206a63655d8 [0x00000206a6365580+0x0000000000000058]
J 18984 c2 java.awt.LightweightDispatcher.retargetMouseEvent(Ljava/awt/Component;ILjava/awt/event/MouseEvent;)V java.desktop@9.0.4 (350 bytes) @ 0x00000206a64225d4 [0x00000206a6422020+0x00000000000005b4]
J 18936 c2 java.awt.LightweightDispatcher.processMouseEvent(Ljava/awt/event/MouseEvent;)Z java.desktop@9.0.4 (265 bytes) @ 0x00000206a63f7ae4 [0x00000206a63f7560+0x0000000000000584]
J 18637 c2 java.awt.Container.dispatchEventImpl(Ljava/awt/AWTEvent;)V java.desktop@9.0.4 (129 bytes) @ 0x00000206a6365a70 [0x00000206a6365580+0x00000000000004f0]
J 18467 c2 java.awt.Window.dispatchEventImpl(Ljava/awt/AWTEvent;)V java.desktop@9.0.4 (23 bytes) @ 0x00000206a5e08a8c [0x00000206a5e08a40+0x000000000000004c]
J 13333 c2 java.awt.EventQueue$3.run()Ljava/lang/Object; java.desktop@9.0.4 (5 bytes) @ 0x00000206a56d1d3c [0x00000206a56d1b80+0x00000000000001bc]
v  ~StubRoutines::call_stub
J 4268  java.security.AccessController.doPrivileged(Ljava/security/PrivilegedAction;Ljava/security/AccessControlContext;)Ljava/lang/Object; java.base@9.0.4 (0 bytes) @ 0x00000206a57e3ac6 [0x00000206a57e3a60+0x0000000000000066]
J 19529 c2 java.awt.EventQueue$4.run()Ljava/lang/Object; java.desktop@9.0.4 (5 bytes) @ 0x00000206a64e01c0 [0x00000206a64dff60+0x0000000000000260]
v  ~StubRoutines::call_stub
J 4268  java.security.AccessController.doPrivileged(Ljava/security/PrivilegedAction;Ljava/security/AccessControlContext;)Ljava/lang/Object; java.base@9.0.4 (0 bytes) @ 0x00000206a57e3ac6 [0x00000206a57e3a60+0x0000000000000066]
J 13324 c2 ui.frmwork.b.d.dispatchEvent(Ljava/awt/AWTEvent;)V (34 bytes) @ 0x00000206a5698c48 [0x00000206a5698800+0x0000000000000448]
J 18630 c2 java.awt.EventDispatchThread.pumpOneEventForFilters(I)V java.desktop@9.0.4 (218 bytes) @ 0x00000206a6360590 [0x00000206a6360280+0x0000000000000310]
J 20813% c1 java.awt.EventDispatchThread.pumpEventsForFilter(ILjava/awt/Conditional;Ljava/awt/EventFilter;)V java.desktop@9.0.4 (47 bytes) @ 0x000002069e250be4 [0x000002069e2508a0+0x0000000000000344]
j  java.awt.EventDispatchThread.pumpEventsForHierarchy(ILjava/awt/Conditional;Ljava/awt/Component;)V+11 java.desktop@9.0.4
j  java.awt.EventDispatchThread.pumpEvents(ILjava/awt/Conditional;)V+4 java.desktop@9.0.4
j  java.awt.EventDispatchThread.pumpEvents(Ljava/awt/Conditional;)V+3 java.desktop@9.0.4
j  java.awt.EventDispatchThread.run()V+9 java.desktop@9.0.4
v  ~StubRoutines::call_stub

siginfo: EXCEPTION_ACCESS_VIOLATION (0xc0000005), reading address 0x0000000000000044


Register to memory mapping:

RIP=0x00007ff944891439 is an unknown value
RAX=0x00000206c1dd58b0 is an unknown value
RBX=0x0000020696ef6e10 is an unknown value
RCX=0x0000000000000000 is an unknown value
RDX=0x00000206c2726fe0 is an unknown value
RSP=0x000000ae7f3f4860 is pointing into the stack for thread: 0x000002069668c000
RBP=0x000000ae7f3f4a00 is pointing into the stack for thread: 0x000002069668c000
RSI=0x0000000000000000 is an unknown value
RDI=0x000000ae7f3f49c0 is pointing into the stack for thread: 0x000002069668c000
R8 =0x000000ae7f3f4900 is pointing into the stack for thread: 0x000002069668c000
R9 =0x0000000000000018 is an unknown value
R10=0x0000000000000040 is an unknown value
R11=0x4004060000000000 is an unknown value
R12=0x00000206bce534b0 is an unknown value
R13=0x0000000000000001 is an unknown value
R14=0x00000206c2726fe0 is an unknown value
R15=0x000000ae7f3f4900 is pointing into the stack for thread: 0x000002069668c000


Registers:
RAX=0x00000206c1dd58b0, RBX=0x0000020696ef6e10, RCX=0x0000000000000000, RDX=0x00000206c2726fe0
RSP=0x000000ae7f3f4860, RBP=0x000000ae7f3f4a00, RSI=0x0000000000000000, RDI=0x000000ae7f3f49c0
R8 =0x000000ae7f3f4900, R9 =0x0000000000000018, R10=0x0000000000000040, R11=0x4004060000000000
R12=0x00000206bce534b0, R13=0x0000000000000001, R14=0x00000206c2726fe0, R15=0x000000ae7f3f4900
RIP=0x00007ff944891439, EFLAGS=0x0000000000010206

Top of Stack: (sp=0x000000ae7f3f4860)
0x000000ae7f3f4860:   000000ae7f3f4f90 0000000000000000
0x000000ae7f3f4870:   0000000000000000 00000206bce534b0
0x000000ae7f3f4880:   0000020696ef6e10 0000000000000002
0x000000ae7f3f4890:   fffffffffffffffe 00007ff977b1fde6
0x000000ae7f3f48a0:   0000000000000000 00000000000004f8
0x000000ae7f3f48b0:   000000ae7f3f4f90 0000000000002800
0x000000ae7f3f48c0:   000000ae7f3f49c0 00007ff9448a5107
0x000000ae7f3f48d0:   00000000000004f8 0000020696ef6e10
0x000000ae7f3f48e0:   00000206c1dd58b0 00000206c16378d8
0x000000ae7f3f48f0:   0000020696ef6e10 00007ff9448a4e12
0x000000ae7f3f4900:   0000020696ef6e10 00000206c16378b0
0x000000ae7f3f4910:   0000000000000002 00000206c16378b0
0x000000ae7f3f4920:   00000206c16378b0 000000ae7f3f50d0
0x000000ae7f3f4930:   000002069668c218 00000206bce534b0
0x000000ae7f3f4940:   00000007013e76f8 00000206c1637b30
0x000000ae7f3f4950:   0000000000000001 00007ff900000000 

Instructions: (pc=0x00007ff944891439)
0x00007ff944891419:   50 48 c7 44 24 30 fe ff ff ff 48 89 5c 24 78 48
0x00007ff944891429:   89 b4 24 80 00 00 00 4d 8b f8 4c 8b f2 48 8b f1
0x00007ff944891439:   83 79 44 00 75 07 33 c0 e9 da 00 00 00 33 db 39
0x00007ff944891449:   59 44 75 04 8b c3 eb 06 48 8b 41 48 8b 00 8b d0 



---------------  P R O C E S S  ---------------

Java Threads: ( => current thread )
  0x00000206b8a71800 JavaThread "Relaunch Simulation" [_thread_blocked, id=7676, stack(0x000000ae04100000,0x000000ae04600000)]
  0x00000206b8a7a000 JavaThread "Monitor File Timestamp Swing Worker" [_thread_blocked, id=9828, stack(0x000000ae05f00000,0x000000ae06400000)]
  0x00000206b8a76000 JavaThread "Timer-1" [_thread_blocked, id=10200, stack(0x000000ae05a00000,0x000000ae05f00000)]
  0x00000206b8a74800 JavaThread "SyntheticaAnimation 50" daemon [_thread_blocked, id=4892, stack(0x000000ae05500000,0x000000ae05a00000)]
  0x00000206b8a73000 JavaThread "Image Animator 2" daemon [_thread_blocked, id=12200, stack(0x000000ae03c00000,0x000000ae04100000)]
  0x00000206b8a70000 JavaThread "Update Runs Swing Worker" [_thread_blocked, id=8296, stack(0x000000ae03700000,0x000000ae03c00000)]
  0x00000206b8a6e800 JavaThread "Image Animator 3" daemon [_thread_blocked, id=6868, stack(0x000000ae02d00000,0x000000ae03200000)]
  0x00000206b8a72800 JavaThread "hw_ila_monitor" [_thread_blocked, id=8176, stack(0x000000ae00d00000,0x000000ae01200000)]
  0x00000206b8a71000 JavaThread "Refresh Filesets Swing Worker" [_thread_blocked, id=204, stack(0x000000ae02800000,0x000000ae02d00000)]
  0x0000020693be9800 JavaThread "SyntheticaAnimation 70" daemon [_thread_blocked, id=8180, stack(0x000000ae02300000,0x000000ae02800000)]
  0x0000020693bec800 JavaThread "SyntheticaAnimation 25" daemon [_thread_blocked, id=5656, stack(0x000000ae01900000,0x000000ae01e00000)]
  0x0000020693bea800 JavaThread "SyntheticaAnimation 50" daemon [_thread_blocked, id=7012, stack(0x000000ae01400000,0x000000ae01900000)]
  0x0000020693bec000 JavaThread "Monitor HEventQueue" [_thread_blocked, id=9580, stack(0x000000ae00800000,0x000000ae00d00000)]
  0x0000020693beb000 JavaThread "SyntheticaCleanerThread" daemon [_thread_blocked, id=1192, stack(0x000000ae00000000,0x000000ae00500000)]
  0x0000020693bee000 JavaThread "Batik CleanerThread" daemon [_thread_blocked, id=7584, stack(0x000000ae7f400000,0x000000ae7f900000)]
=>0x000002069668c000 JavaThread "AWT-EventQueue-1" [_thread_in_native, id=5648, stack(0x000000ae7ef00000,0x000000ae7f400000)]
  0x000002069668a800 JavaThread "AWT-Shutdown" [_thread_blocked, id=4796, stack(0x000000ae7ea00000,0x000000ae7ef00000)]
  0x00000206964f7000 JavaThread "Process Messages" [_thread_blocked, id=9764, stack(0x000000ae7e500000,0x000000ae7ea00000)]
  0x00000206964f9000 JavaThread "Thread-1" [_thread_in_native, id=11808, stack(0x000000ae78600000,0x000000ae79a00000)]
  0x0000020696964000 JavaThread "TimerQueue" daemon [_thread_blocked, id=7380, stack(0x000000ae7db00000,0x000000ae7e000000)]
  0x00000206960e6800 JavaThread "AWT-Windows" daemon [_thread_in_native, id=9096, stack(0x000000ae7d600000,0x000000ae7db00000)]
  0x00000206911b4000 JavaThread "Java2D Disposer" daemon [_thread_blocked, id=10568, stack(0x000000ae7cc00000,0x000000ae7d100000)]
  0x0000020695259800 JavaThread "Service Thread" daemon [_thread_blocked, id=6756, stack(0x000000ae7c500000,0x000000ae7ca00000)]
  0x000002068f03d800 JavaThread "Common-Cleaner" daemon [_thread_blocked, id=9496, stack(0x000000ae7c000000,0x000000ae7c500000)]
  0x0000020693bed800 JavaThread "Sweeper thread" daemon [_thread_blocked, id=880, stack(0x000000ae7bb00000,0x000000ae7c000000)]
  0x000002068ecf3800 JavaThread "C1 CompilerThread1" daemon [_thread_blocked, id=7196, stack(0x000000ae7ba00000,0x000000ae7bb00000)]
  0x000002069252c000 JavaThread "C2 CompilerThread0" daemon [_thread_blocked, id=7088, stack(0x000000ae7b900000,0x000000ae7ba00000)]
  0x000002069252b800 JavaThread "Attach Listener" daemon [_thread_blocked, id=9208, stack(0x000000ae7b400000,0x000000ae7b900000)]
  0x0000020692674800 JavaThread "Signal Dispatcher" daemon [_thread_blocked, id=11584, stack(0x000000ae7af00000,0x000000ae7b400000)]
  0x000002068eb01000 JavaThread "Finalizer" daemon [_thread_blocked, id=11980, stack(0x000000ae7aa00000,0x000000ae7af00000)]
  0x000002068bc4e800 JavaThread "Reference Handler" daemon [_thread_blocked, id=10780, stack(0x000000ae7a500000,0x000000ae7aa00000)]
  0x0000020692b28000 JavaThread "main" [_thread_blocked, id=7108, stack(0x000000ae78500000,0x000000ae78600000)]

Other Threads:
  0x000002068bc4d800 VMThread "VM Thread" [stack: 0x000000ae7a400000,0x000000ae7a500000] [id=3040]
  0x000002069121d800 WatcherThread [stack: 0x000000ae7ca00000,0x000000ae7cb00000] [id=2900]
  0x0000020693be0800 GCTaskThread "GC Thread#0" [stack: 0x000000ae79d00000,0x000000ae79e00000] [id=9552]
  0x0000020693be3000 GCTaskThread "GC Thread#1" [stack: 0x000000ae79e00000,0x000000ae79f00000] [id=2588]
  0x000002069524e800 ConcurrentGCThread "G1 Main Marker" [stack: 0x000000ae7a200000,0x000000ae7a300000] [id=4040]
  0x0000020693be0000 ConcurrentGCThread "G1 Marker#0" [stack: 0x000000ae7a300000,0x000000ae7a400000] [id=10268]
  0x00000206935c9000 ConcurrentGCThread "G1 Refine#0" [stack: 0x000000ae7a000000,0x000000ae7a100000] [id=4972]
  0x00000206955a7000 ConcurrentGCThread "G1 Refine#1" [stack: 0x000000ae79f00000,0x000000ae7a000000] [id=11100]
  0x0000020693dd1800 ConcurrentGCThread "G1 Young RemSet Sampling" [stack: 0x000000ae7a100000,0x000000ae7a200000] [id=7892]

Threads with active compile tasks:

VM state:not at safepoint (normal execution)

VM Mutex/Monitor currently owned by a thread: None

Heap address: 0x0000000700000000, size: 3072 MB, Compressed Oops mode: Zero based, Oop shift amount: 3
Narrow klass base: 0x0000000000000000, Narrow klass shift: 3
Compressed class space size: 1073741824 Address: 0x00000007c0000000

Heap:
 garbage-first heap   total 171008K, used 88758K [0x0000000700000000, 0x0000000700100538, 0x00000007c0000000)
  region size 1024K, 23 young (23552K), 1 survivors (1024K)
 Metaspace       used 82502K, capacity 88395K, committed 88524K, reserved 1126400K
  class space    used 11168K, capacity 12206K, committed 12236K, reserved 1048576K
Heap Regions: E=young(eden), S=young(survivor), O=old, HS=humongous(starts), HC=humongous(continues), CS=collection set, F=free, A=archive, TS=gc time stamp, AC=allocation context, TAMS=top-at-mark-start (previous, next)
|   0|0x0000000700000000, 0x00000007000fa948, 0x0000000700100000| 97%| O|  |TS  0|AC  0|TAMS 0x0000000700000000, 0x0000000700000000|
|   1|0x0000000700100000, 0x0000000700200000, 0x0000000700200000|100%|HS|  |TS  0|AC  0|TAMS 0x0000000700100000, 0x0000000700100000|
|   2|0x0000000700200000, 0x0000000700300000, 0x0000000700300000|100%|HC|  |TS  0|AC  0|TAMS 0x0000000700200000, 0x0000000700200000|
|   3|0x0000000700300000, 0x0000000700400000, 0x0000000700400000|100%|HS|  |TS  0|AC  0|TAMS 0x0000000700300000, 0x0000000700300000|
|   4|0x0000000700400000, 0x00000007004f9b08, 0x0000000700500000| 97%| O|  |TS  0|AC  0|TAMS 0x0000000700400000, 0x0000000700400000|
|   5|0x0000000700500000, 0x00000007005f1e88, 0x0000000700600000| 94%| O|  |TS  0|AC  0|TAMS 0x0000000700500000, 0x0000000700500000|
|   6|0x0000000700600000, 0x00000007006fffe0, 0x0000000700700000| 99%| O|  |TS  0|AC  0|TAMS 0x0000000700600000, 0x0000000700600000|
|   7|0x0000000700700000, 0x00000007007f97b0, 0x0000000700800000| 97%| O|  |TS  0|AC  0|TAMS 0x0000000700700000, 0x0000000700700000|
|   8|0x0000000700800000, 0x00000007008fffe8, 0x0000000700900000| 99%| O|  |TS  0|AC  0|TAMS 0x0000000700800000, 0x0000000700800000|
|   9|0x0000000700900000, 0x00000007009fffc0, 0x0000000700a00000| 99%| O|  |TS  0|AC  0|TAMS 0x0000000700900000, 0x0000000700900000|
|  10|0x0000000700a00000, 0x0000000700b00000, 0x0000000700b00000|100%| O|  |TS  0|AC  0|TAMS 0x0000000700a00000, 0x0000000700a00000|
|  11|0x0000000700b00000, 0x0000000700beb4f0, 0x0000000700c00000| 91%| O|  |TS  0|AC  0|TAMS 0x0000000700b00000, 0x0000000700b00000|
|  12|0x0000000700c00000, 0x0000000700cfeb60, 0x0000000700d00000| 99%| O|  |TS  0|AC  0|TAMS 0x0000000700c00000, 0x0000000700c00000|
|  13|0x0000000700d00000, 0x0000000700df7450, 0x0000000700e00000| 96%| O|  |TS  0|AC  0|TAMS 0x0000000700d00000, 0x0000000700d00000|
|  14|0x0000000700e00000, 0x0000000700efe9d8, 0x0000000700f00000| 99%| O|  |TS  0|AC  0|TAMS 0x0000000700e00000, 0x0000000700e00000|
|  15|0x0000000700f00000, 0x0000000700fff308, 0x0000000701000000| 99%| O|  |TS  0|AC  0|TAMS 0x0000000700f00000, 0x0000000700f00000|
|  16|0x0000000701000000, 0x00000007010fffc8, 0x0000000701100000| 99%| O|  |TS  0|AC  0|TAMS 0x0000000701000000, 0x0000000701000000|
|  17|0x0000000701100000, 0x00000007011fffe0, 0x0000000701200000| 99%| O|  |TS  0|AC  0|TAMS 0x0000000701100000, 0x0000000701100000|
|  18|0x0000000701200000, 0x00000007012ffdf8, 0x0000000701300000| 99%| O|  |TS  0|AC  0|TAMS 0x0000000701200000, 0x0000000701200000|
|  19|0x0000000701300000, 0x00000007013fa148, 0x0000000701400000| 97%| O|  |TS  0|AC  0|TAMS 0x0000000701300000, 0x0000000701300000|
|  20|0x0000000701400000, 0x00000007014ffff0, 0x0000000701500000| 99%| O|  |TS  0|AC  0|TAMS 0x0000000701400000, 0x0000000701400000|
|  21|0x0000000701500000, 0x00000007015fffe8, 0x0000000701600000| 99%| O|  |TS  0|AC  0|TAMS 0x0000000701500000, 0x0000000701500000|
|  22|0x0000000701600000, 0x00000007016ffff8, 0x0000000701700000| 99%| O|  |TS  0|AC  0|TAMS 0x0000000701600000, 0x0000000701600000|
|  23|0x0000000701700000, 0x00000007017fefe8, 0x0000000701800000| 99%| O|  |TS  0|AC  0|TAMS 0x0000000701700000, 0x0000000701700000|
|  24|0x0000000701800000, 0x00000007018ffff8, 0x0000000701900000| 99%| O|  |TS  0|AC  0|TAMS 0x0000000701800000, 0x0000000701800000|
|  25|0x0000000701900000, 0x00000007019fffa8, 0x0000000701a00000| 99%| O|  |TS  0|AC  0|TAMS 0x0000000701900000, 0x0000000701900000|
|  26|0x0000000701a00000, 0x0000000701affff8, 0x0000000701b00000| 99%| O|  |TS  0|AC  0|TAMS 0x0000000701a00000, 0x0000000701a00000|
|  27|0x0000000701b00000, 0x0000000701bffff8, 0x0000000701c00000| 99%| O|  |TS  0|AC  0|TAMS 0x0000000701b00000, 0x0000000701b00000|
|  28|0x0000000701c00000, 0x0000000701d00000, 0x0000000701d00000|100%| O|  |TS  0|AC  0|TAMS 0x0000000701c00000, 0x0000000701c00000|
|  29|0x0000000701d00000, 0x0000000701e00000, 0x0000000701e00000|100%| O|  |TS  0|AC  0|TAMS 0x0000000701d00000, 0x0000000701d00000|
|  30|0x0000000701e00000, 0x0000000701efffb8, 0x0000000701f00000| 99%| O|  |TS  0|AC  0|TAMS 0x0000000701e00000, 0x0000000701e00000|
|  31|0x0000000701f00000, 0x0000000701fffff0, 0x0000000702000000| 99%| O|  |TS  0|AC  0|TAMS 0x0000000701f00000, 0x0000000701f00000|
|  32|0x0000000702000000, 0x0000000702100000, 0x0000000702100000|100%| O|  |TS  0|AC  0|TAMS 0x0000000702000000, 0x0000000702000000|
|  33|0x0000000702100000, 0x00000007021fedb8, 0x0000000702200000| 99%| O|  |TS  0|AC  0|TAMS 0x0000000702100000, 0x0000000702100000|
|  34|0x0000000702200000, 0x00000007022fffe8, 0x0000000702300000| 99%| O|  |TS  0|AC  0|TAMS 0x0000000702200000, 0x0000000702200000|
|  35|0x0000000702300000, 0x00000007023f80d0, 0x0000000702400000| 96%| O|  |TS  0|AC  0|TAMS 0x0000000702300000, 0x0000000702300000|
|  36|0x0000000702400000, 0x00000007024ffff8, 0x0000000702500000| 99%| O|  |TS  0|AC  0|TAMS 0x0000000702400000, 0x0000000702400000|
|  37|0x0000000702500000, 0x00000007025ffff0, 0x0000000702600000| 99%| O|  |TS  0|AC  0|TAMS 0x0000000702500000, 0x0000000702500000|
|  38|0x0000000702600000, 0x00000007026ffff0, 0x0000000702700000| 99%| O|  |TS  0|AC  0|TAMS 0x0000000702600000, 0x0000000702600000|
|  39|0x0000000702700000, 0x00000007027fffe0, 0x0000000702800000| 99%| O|  |TS  0|AC  0|TAMS 0x0000000702700000, 0x0000000702700000|
|  40|0x0000000702800000, 0x0000000702900000, 0x0000000702900000|100%| O|  |TS  0|AC  0|TAMS 0x0000000702800000, 0x0000000702800000|
|  41|0x0000000702900000, 0x00000007029ffff0, 0x0000000702a00000| 99%| O|  |TS  0|AC  0|TAMS 0x0000000702900000, 0x0000000702900000|
|  42|0x0000000702a00000, 0x0000000702affff8, 0x0000000702b00000| 99%| O|  |TS  0|AC  0|TAMS 0x0000000702a00000, 0x0000000702a00000|
|  43|0x0000000702b00000, 0x0000000702bffff8, 0x0000000702c00000| 99%| O|  |TS  0|AC  0|TAMS 0x0000000702b00000, 0x0000000702b00000|
|  44|0x0000000702c00000, 0x0000000702d00000, 0x0000000702d00000|100%|HS|  |TS  0|AC  0|TAMS 0x0000000702c00000, 0x0000000702c00000|
|  45|0x0000000702d00000, 0x0000000702e00000, 0x0000000702e00000|100%|HC|  |TS  0|AC  0|TAMS 0x0000000702d00000, 0x0000000702d00000|
|  46|0x0000000702e00000, 0x0000000702f00000, 0x0000000702f00000|100%|HC|  |TS  0|AC  0|TAMS 0x0000000702e00000, 0x0000000702e00000|
|  47|0x0000000702f00000, 0x0000000703000000, 0x0000000703000000|100%|HC|  |TS  0|AC  0|TAMS 0x0000000702f00000, 0x0000000702f00000|
|  48|0x0000000703000000, 0x0000000703100000, 0x0000000703100000|100%|HC|  |TS  0|AC  0|TAMS 0x0000000703000000, 0x0000000703000000|
|  49|0x0000000703100000, 0x0000000703200000, 0x0000000703200000|100%|HC|  |TS  0|AC  0|TAMS 0x0000000703100000, 0x0000000703100000|
|  50|0x0000000703200000, 0x0000000703300000, 0x0000000703300000|100%|HC|  |TS  0|AC  0|TAMS 0x0000000703200000, 0x0000000703200000|
|  51|0x0000000703300000, 0x0000000703400000, 0x0000000703400000|100%|HC|  |TS  0|AC  0|TAMS 0x0000000703300000, 0x0000000703300000|
|  52|0x0000000703400000, 0x0000000703500000, 0x0000000703500000|100%| O|  |TS  0|AC  0|TAMS 0x0000000703400000, 0x0000000703400000|
|  53|0x0000000703500000, 0x00000007035fffc0, 0x0000000703600000| 99%| O|  |TS  0|AC  0|TAMS 0x0000000703500000, 0x0000000703500000|
|  54|0x0000000703600000, 0x00000007036ffff8, 0x0000000703700000| 99%| O|  |TS  0|AC  0|TAMS 0x0000000703600000, 0x0000000703600000|
|  55|0x0000000703700000, 0x00000007037fffa8, 0x0000000703800000| 99%| O|  |TS  0|AC  0|TAMS 0x0000000703700000, 0x0000000703700000|
|  56|0x0000000703800000, 0x00000007038fffe8, 0x0000000703900000| 99%| O|  |TS  0|AC  0|TAMS 0x0000000703800000, 0x0000000703800000|
|  57|0x0000000703900000, 0x0000000703a00000, 0x0000000703a00000|100%| O|  |TS  0|AC  0|TAMS 0x0000000703900000, 0x0000000703900000|
|  58|0x0000000703a00000, 0x0000000703affff0, 0x0000000703b00000| 99%| O|  |TS  0|AC  0|TAMS 0x0000000703a00000, 0x0000000703a00000|
|  59|0x0000000703b00000, 0x0000000703bffff0, 0x0000000703c00000| 99%| O|  |TS  0|AC  0|TAMS 0x0000000703b00000, 0x0000000703b00000|
|  60|0x0000000703c00000, 0x0000000703cfffe8, 0x0000000703d00000| 99%| O|  |TS  0|AC  0|TAMS 0x0000000703c00000, 0x0000000703c00000|
|  61|0x0000000703d00000, 0x0000000703dda6e0, 0x0000000703e00000| 85%| O|  |TS  0|AC  0|TAMS 0x0000000703d00000, 0x0000000703d00000|
|  62|0x0000000703e00000, 0x0000000703f00000, 0x0000000703f00000|100%|HS|  |TS  0|AC  0|TAMS 0x0000000703e00000, 0x0000000703e00000|
|  63|0x0000000703f00000, 0x0000000704000000, 0x0000000704000000|100%|HC|  |TS  0|AC  0|TAMS 0x0000000703f00000, 0x0000000703f00000|
|  64|0x0000000704000000, 0x000000070402d600, 0x0000000704100000| 17%| O|  |TS 49|AC  0|TAMS 0x0000000704000000, 0x0000000704000000|
|  65|0x0000000704100000, 0x0000000704200000, 0x0000000704200000|100%|HS|  |TS  0|AC  0|TAMS 0x0000000704100000, 0x0000000704100000|
|  66|0x0000000704200000, 0x0000000704200000, 0x0000000704300000|  0%| F|  |TS  0|AC  0|TAMS 0x0000000704200000, 0x0000000704200000|
|  67|0x0000000704300000, 0x0000000704300000, 0x0000000704400000|  0%| F|  |TS  0|AC  0|TAMS 0x0000000704300000, 0x0000000704300000|
|  68|0x0000000704400000, 0x0000000704400000, 0x0000000704500000|  0%| F|  |TS  0|AC  0|TAMS 0x0000000704400000, 0x0000000704400000|
|  69|0x0000000704500000, 0x0000000704500000, 0x0000000704600000|  0%| F|  |TS  0|AC  0|TAMS 0x0000000704500000, 0x0000000704500000|
|  70|0x0000000704600000, 0x0000000704600000, 0x0000000704700000|  0%| F|  |TS  0|AC  0|TAMS 0x0000000704600000, 0x0000000704600000|
|  71|0x0000000704700000, 0x0000000704700000, 0x0000000704800000|  0%| F|  |TS  0|AC  0|TAMS 0x0000000704700000, 0x0000000704700000|
|  72|0x0000000704800000, 0x0000000704800000, 0x0000000704900000|  0%| F|  |TS  0|AC  0|TAMS 0x0000000704800000, 0x0000000704800000|
|  73|0x0000000704900000, 0x0000000704900000, 0x0000000704a00000|  0%| F|  |TS  0|AC  0|TAMS 0x0000000704900000, 0x0000000704900000|
|  74|0x0000000704a00000, 0x0000000704a00000, 0x0000000704b00000|  0%| F|  |TS  0|AC  0|TAMS 0x0000000704a00000, 0x0000000704a00000|
|  75|0x0000000704b00000, 0x0000000704b00000, 0x0000000704c00000|  0%| F|  |TS  0|AC  0|TAMS 0x0000000704b00000, 0x0000000704b00000|
|  76|0x0000000704c00000, 0x0000000704c00000, 0x0000000704d00000|  0%| F|  |TS  0|AC  0|TAMS 0x0000000704c00000, 0x0000000704c00000|
|  77|0x0000000704d00000, 0x0000000704d00000, 0x0000000704e00000|  0%| F|  |TS  0|AC  0|TAMS 0x0000000704d00000, 0x0000000704d00000|
|  78|0x0000000704e00000, 0x0000000704e00000, 0x0000000704f00000|  0%| F|  |TS  0|AC  0|TAMS 0x0000000704e00000, 0x0000000704e00000|
|  79|0x0000000704f00000, 0x0000000704f00000, 0x0000000705000000|  0%| F|  |TS  0|AC  0|TAMS 0x0000000704f00000, 0x0000000704f00000|
|  80|0x0000000705000000, 0x0000000705000000, 0x0000000705100000|  0%| F|  |TS  0|AC  0|TAMS 0x0000000705000000, 0x0000000705000000|
|  81|0x0000000705100000, 0x0000000705100000, 0x0000000705200000|  0%| F|  |TS  0|AC  0|TAMS 0x0000000705100000, 0x0000000705100000|
|  82|0x0000000705200000, 0x0000000705200000, 0x0000000705300000|  0%| F|  |TS  0|AC  0|TAMS 0x0000000705200000, 0x0000000705200000|
|  83|0x0000000705300000, 0x0000000705300000, 0x0000000705400000|  0%| F|  |TS  0|AC  0|TAMS 0x0000000705300000, 0x0000000705300000|
|  84|0x0000000705400000, 0x0000000705400000, 0x0000000705500000|  0%| F|  |TS  0|AC  0|TAMS 0x0000000705400000, 0x0000000705400000|
|  85|0x0000000705500000, 0x0000000705500000, 0x0000000705600000|  0%| F|  |TS  0|AC  0|TAMS 0x0000000705500000, 0x0000000705500000|
|  86|0x0000000705600000, 0x0000000705600000, 0x0000000705700000|  0%| F|  |TS  0|AC  0|TAMS 0x0000000705600000, 0x0000000705600000|
|  87|0x0000000705700000, 0x0000000705700000, 0x0000000705800000|  0%| F|  |TS  0|AC  0|TAMS 0x0000000705700000, 0x0000000705700000|
|  88|0x0000000705800000, 0x0000000705800000, 0x0000000705900000|  0%| F|  |TS  0|AC  0|TAMS 0x0000000705800000, 0x0000000705800000|
|  89|0x0000000705900000, 0x0000000705900000, 0x0000000705a00000|  0%| F|  |TS  0|AC  0|TAMS 0x0000000705900000, 0x0000000705900000|
|  90|0x0000000705a00000, 0x0000000705a00000, 0x0000000705b00000|  0%| F|  |TS  0|AC  0|TAMS 0x0000000705a00000, 0x0000000705a00000|
|  91|0x0000000705b00000, 0x0000000705b00000, 0x0000000705c00000|  0%| F|  |TS  0|AC  0|TAMS 0x0000000705b00000, 0x0000000705b00000|
|  92|0x0000000705c00000, 0x0000000705c00000, 0x0000000705d00000|  0%| F|  |TS  0|AC  0|TAMS 0x0000000705c00000, 0x0000000705c00000|
|  93|0x0000000705d00000, 0x0000000705d00000, 0x0000000705e00000|  0%| F|  |TS  0|AC  0|TAMS 0x0000000705d00000, 0x0000000705d00000|
|  94|0x0000000705e00000, 0x0000000705e00000, 0x0000000705f00000|  0%| F|  |TS  0|AC  0|TAMS 0x0000000705e00000, 0x0000000705e00000|
|  95|0x0000000705f00000, 0x0000000705f00000, 0x0000000706000000|  0%| F|  |TS  0|AC  0|TAMS 0x0000000705f00000, 0x0000000705f00000|
|  96|0x0000000706000000, 0x0000000706000000, 0x0000000706100000|  0%| F|  |TS  0|AC  0|TAMS 0x0000000706000000, 0x0000000706000000|
|  97|0x0000000706100000, 0x0000000706100000, 0x0000000706200000|  0%| F|  |TS  0|AC  0|TAMS 0x0000000706100000, 0x0000000706100000|
|  98|0x0000000706200000, 0x0000000706200000, 0x0000000706300000|  0%| F|  |TS  0|AC  0|TAMS 0x0000000706200000, 0x0000000706200000|
|  99|0x0000000706300000, 0x0000000706300000, 0x0000000706400000|  0%| F|  |TS  0|AC  0|TAMS 0x0000000706300000, 0x0000000706300000|
| 100|0x0000000706400000, 0x0000000706400000, 0x0000000706500000|  0%| F|  |TS  0|AC  0|TAMS 0x0000000706400000, 0x0000000706400000|
| 101|0x0000000706500000, 0x0000000706500000, 0x0000000706600000|  0%| F|  |TS  0|AC  0|TAMS 0x0000000706500000, 0x0000000706500000|
| 102|0x0000000706600000, 0x0000000706600000, 0x0000000706700000|  0%| F|  |TS  0|AC  0|TAMS 0x0000000706600000, 0x0000000706600000|
| 103|0x0000000706700000, 0x0000000706700000, 0x0000000706800000|  0%| F|  |TS  0|AC  0|TAMS 0x0000000706700000, 0x0000000706700000|
| 104|0x0000000706800000, 0x0000000706800000, 0x0000000706900000|  0%| F|  |TS  0|AC  0|TAMS 0x0000000706800000, 0x0000000706800000|
| 105|0x0000000706900000, 0x0000000706900000, 0x0000000706a00000|  0%| F|  |TS  0|AC  0|TAMS 0x0000000706900000, 0x0000000706900000|
| 106|0x0000000706a00000, 0x0000000706af7698, 0x0000000706b00000| 96%| S|CS|TS 49|AC  0|TAMS 0x0000000706a00000, 0x0000000706a00000|
| 107|0x0000000706b00000, 0x0000000706b00000, 0x0000000706c00000|  0%| F|  |TS 49|AC  0|TAMS 0x0000000706b00000, 0x0000000706b00000|
| 108|0x0000000706c00000, 0x0000000706c00000, 0x0000000706d00000|  0%| F|  |TS 49|AC  0|TAMS 0x0000000706c00000, 0x0000000706c00000|
| 109|0x0000000706d00000, 0x0000000706d00000, 0x0000000706e00000|  0%| F|  |TS 49|AC  0|TAMS 0x0000000706d00000, 0x0000000706d00000|
| 110|0x0000000706e00000, 0x0000000706e00000, 0x0000000706f00000|  0%| F|  |TS 49|AC  0|TAMS 0x0000000706e00000, 0x0000000706e00000|
| 111|0x0000000706f00000, 0x0000000706f00000, 0x0000000707000000|  0%| F|  |TS 49|AC  0|TAMS 0x0000000706f00000, 0x0000000706f00000|
| 112|0x0000000707000000, 0x0000000707000000, 0x0000000707100000|  0%| F|  |TS 49|AC  0|TAMS 0x0000000707000000, 0x0000000707000000|
| 113|0x0000000707100000, 0x0000000707100000, 0x0000000707200000|  0%| F|  |TS 49|AC  0|TAMS 0x0000000707100000, 0x0000000707100000|
| 114|0x0000000707200000, 0x0000000707200000, 0x0000000707300000|  0%| F|  |TS 49|AC  0|TAMS 0x0000000707200000, 0x0000000707200000|
| 115|0x0000000707300000, 0x0000000707300000, 0x0000000707400000|  0%| F|  |TS 49|AC  0|TAMS 0x0000000707300000, 0x0000000707300000|
| 116|0x0000000707400000, 0x0000000707400000, 0x0000000707500000|  0%| F|  |TS 49|AC  0|TAMS 0x0000000707400000, 0x0000000707400000|
| 117|0x0000000707500000, 0x0000000707500000, 0x0000000707600000|  0%| F|  |TS 49|AC  0|TAMS 0x0000000707500000, 0x0000000707500000|
| 118|0x0000000707600000, 0x0000000707600000, 0x0000000707700000|  0%| F|  |TS 49|AC  0|TAMS 0x0000000707600000, 0x0000000707600000|
| 119|0x0000000707700000, 0x0000000707700000, 0x0000000707800000|  0%| F|  |TS 49|AC  0|TAMS 0x0000000707700000, 0x0000000707700000|
| 120|0x0000000707800000, 0x0000000707800000, 0x0000000707900000|  0%| F|  |TS 49|AC  0|TAMS 0x0000000707800000, 0x0000000707800000|
| 121|0x0000000707900000, 0x0000000707900000, 0x0000000707a00000|  0%| F|  |TS 49|AC  0|TAMS 0x0000000707900000, 0x0000000707900000|
| 122|0x0000000707a00000, 0x0000000707a00000, 0x0000000707b00000|  0%| F|  |TS 49|AC  0|TAMS 0x0000000707a00000, 0x0000000707a00000|
| 123|0x0000000707b00000, 0x0000000707b00000, 0x0000000707c00000|  0%| F|  |TS 49|AC  0|TAMS 0x0000000707b00000, 0x0000000707b00000|
| 124|0x0000000707c00000, 0x0000000707c00000, 0x0000000707d00000|  0%| F|  |TS 49|AC  0|TAMS 0x0000000707c00000, 0x0000000707c00000|
| 125|0x0000000707d00000, 0x0000000707d00000, 0x0000000707e00000|  0%| F|  |TS 49|AC  0|TAMS 0x0000000707d00000, 0x0000000707d00000|
| 126|0x0000000707e00000, 0x0000000707e00000, 0x0000000707f00000|  0%| F|  |TS 49|AC  0|TAMS 0x0000000707e00000, 0x0000000707e00000|
| 127|0x0000000707f00000, 0x0000000707f00000, 0x0000000708000000|  0%| F|  |TS 49|AC  0|TAMS 0x0000000707f00000, 0x0000000707f00000|
| 128|0x0000000708000000, 0x0000000708000000, 0x0000000708100000|  0%| F|  |TS 49|AC  0|TAMS 0x0000000708000000, 0x0000000708000000|
| 129|0x0000000708100000, 0x0000000708100000, 0x0000000708200000|  0%| F|  |TS 49|AC  0|TAMS 0x0000000708100000, 0x0000000708100000|
| 130|0x0000000708200000, 0x0000000708200000, 0x0000000708300000|  0%| F|  |TS 49|AC  0|TAMS 0x0000000708200000, 0x0000000708200000|
| 131|0x0000000708300000, 0x0000000708300000, 0x0000000708400000|  0%| F|  |TS 49|AC  0|TAMS 0x0000000708300000, 0x0000000708300000|
| 132|0x0000000708400000, 0x0000000708400000, 0x0000000708500000|  0%| F|  |TS 49|AC  0|TAMS 0x0000000708400000, 0x0000000708400000|
| 133|0x0000000708500000, 0x0000000708500000, 0x0000000708600000|  0%| F|  |TS 49|AC  0|TAMS 0x0000000708500000, 0x0000000708500000|
| 134|0x0000000708600000, 0x0000000708600000, 0x0000000708700000|  0%| F|  |TS 49|AC  0|TAMS 0x0000000708600000, 0x0000000708600000|
| 135|0x0000000708700000, 0x0000000708700000, 0x0000000708800000|  0%| F|  |TS 49|AC  0|TAMS 0x0000000708700000, 0x0000000708700000|
| 136|0x0000000708800000, 0x0000000708800000, 0x0000000708900000|  0%| F|  |TS 49|AC  0|TAMS 0x0000000708800000, 0x0000000708800000|
| 137|0x0000000708900000, 0x0000000708900000, 0x0000000708a00000|  0%| F|  |TS 49|AC  0|TAMS 0x0000000708900000, 0x0000000708900000|
| 138|0x0000000708a00000, 0x0000000708a00000, 0x0000000708b00000|  0%| F|  |TS 49|AC  0|TAMS 0x0000000708a00000, 0x0000000708a00000|
| 139|0x0000000708b00000, 0x0000000708b00000, 0x0000000708c00000|  0%| F|  |TS 49|AC  0|TAMS 0x0000000708b00000, 0x0000000708b00000|
| 140|0x0000000708c00000, 0x0000000708c00000, 0x0000000708d00000|  0%| F|  |TS 49|AC  0|TAMS 0x0000000708c00000, 0x0000000708c00000|
| 141|0x0000000708d00000, 0x0000000708d00000, 0x0000000708e00000|  0%| F|  |TS 49|AC  0|TAMS 0x0000000708d00000, 0x0000000708d00000|
| 142|0x0000000708e00000, 0x0000000708e00000, 0x0000000708f00000|  0%| F|  |TS 49|AC  0|TAMS 0x0000000708e00000, 0x0000000708e00000|
| 143|0x0000000708f00000, 0x0000000708f00000, 0x0000000709000000|  0%| F|  |TS 49|AC  0|TAMS 0x0000000708f00000, 0x0000000708f00000|
| 144|0x0000000709000000, 0x0000000709000000, 0x0000000709100000|  0%| F|  |TS 49|AC  0|TAMS 0x0000000709000000, 0x0000000709000000|
| 145|0x0000000709100000, 0x00000007091170c8, 0x0000000709200000|  9%| E|  |TS 49|AC  0|TAMS 0x0000000709100000, 0x0000000709100000|
| 146|0x0000000709200000, 0x0000000709300000, 0x0000000709300000|100%| E|CS|TS 49|AC  0|TAMS 0x0000000709200000, 0x0000000709200000|
| 147|0x0000000709300000, 0x0000000709400000, 0x0000000709400000|100%| E|CS|TS 49|AC  0|TAMS 0x0000000709300000, 0x0000000709300000|
| 148|0x0000000709400000, 0x0000000709500000, 0x0000000709500000|100%| E|CS|TS 49|AC  0|TAMS 0x0000000709400000, 0x0000000709400000|
| 149|0x0000000709500000, 0x0000000709600000, 0x0000000709600000|100%| E|CS|TS 49|AC  0|TAMS 0x0000000709500000, 0x0000000709500000|
| 150|0x0000000709600000, 0x0000000709700000, 0x0000000709700000|100%| E|CS|TS 49|AC  0|TAMS 0x0000000709600000, 0x0000000709600000|
| 151|0x0000000709700000, 0x0000000709800000, 0x0000000709800000|100%| E|CS|TS 49|AC  0|TAMS 0x0000000709700000, 0x0000000709700000|
| 152|0x0000000709800000, 0x0000000709900000, 0x0000000709900000|100%| E|CS|TS 49|AC  0|TAMS 0x0000000709800000, 0x0000000709800000|
| 153|0x0000000709900000, 0x0000000709a00000, 0x0000000709a00000|100%| E|CS|TS 49|AC  0|TAMS 0x0000000709900000, 0x0000000709900000|
| 154|0x0000000709a00000, 0x0000000709b00000, 0x0000000709b00000|100%| E|CS|TS 49|AC  0|TAMS 0x0000000709a00000, 0x0000000709a00000|
| 155|0x0000000709b00000, 0x0000000709c00000, 0x0000000709c00000|100%| E|CS|TS 49|AC  0|TAMS 0x0000000709b00000, 0x0000000709b00000|
| 156|0x0000000709c00000, 0x0000000709d00000, 0x0000000709d00000|100%| E|CS|TS 49|AC  0|TAMS 0x0000000709c00000, 0x0000000709c00000|
| 157|0x0000000709d00000, 0x0000000709e00000, 0x0000000709e00000|100%| E|CS|TS 49|AC  0|TAMS 0x0000000709d00000, 0x0000000709d00000|
| 158|0x0000000709e00000, 0x0000000709f00000, 0x0000000709f00000|100%| E|CS|TS 49|AC  0|TAMS 0x0000000709e00000, 0x0000000709e00000|
| 159|0x0000000709f00000, 0x000000070a000000, 0x000000070a000000|100%| E|CS|TS 49|AC  0|TAMS 0x0000000709f00000, 0x0000000709f00000|
| 160|0x000000070a000000, 0x000000070a100000, 0x000000070a100000|100%| E|CS|TS 49|AC  0|TAMS 0x000000070a000000, 0x000000070a000000|
| 161|0x000000070a100000, 0x000000070a200000, 0x000000070a200000|100%| E|CS|TS 49|AC  0|TAMS 0x000000070a100000, 0x000000070a100000|
| 162|0x000000070a200000, 0x000000070a300000, 0x000000070a300000|100%| E|CS|TS 49|AC  0|TAMS 0x000000070a200000, 0x000000070a200000|
| 163|0x000000070a300000, 0x000000070a400000, 0x000000070a400000|100%| E|CS|TS 49|AC  0|TAMS 0x000000070a300000, 0x000000070a300000|
| 164|0x000000070a400000, 0x000000070a500000, 0x000000070a500000|100%| E|CS|TS 49|AC  0|TAMS 0x000000070a400000, 0x000000070a400000|
| 165|0x000000070a500000, 0x000000070a600000, 0x000000070a600000|100%| E|CS|TS 49|AC  0|TAMS 0x000000070a500000, 0x000000070a500000|
| 166|0x000000070a600000, 0x000000070a700000, 0x000000070a700000|100%| E|CS|TS 49|AC  0|TAMS 0x000000070a600000, 0x000000070a600000|

Card table byte_map: [0x00000206947e0000,0x0000020694de0000] byte_map_base: 0x0000020690fe0000

Marking Bits (Prev, Next): (CMBitMap*) 0x000002068ecec730, (CMBitMap*) 0x000002068ecec768
 Prev Bits: [0x00000206ad140000, 0x00000206b0140000)
 Next Bits: [0x00000206b0140000, 0x00000206b3140000)

Polling page: 0x0000020689420000

CodeHeap 'non-profiled nmethods': size=120064Kb used=16937Kb max_used=17297Kb free=103126Kb
 bounds [0x00000206a5600000, 0x00000206a66f0000, 0x00000206acb40000]
CodeHeap 'profiled nmethods': size=120000Kb used=41326Kb max_used=45289Kb free=78673Kb
 bounds [0x000002069e0d0000, 0x00000206a0d40000, 0x00000206a5600000]
CodeHeap 'non-nmethods': size=5696Kb used=1761Kb max_used=1812Kb free=3934Kb
 bounds [0x000002069db40000, 0x000002069ddb0000, 0x000002069e0d0000]
 total_blobs=29037 nmethods=16521 adapters=1077
 compilation: enabled

Compilation events (10 events):
Event: 652.632 Thread 0x000002069252c000 21011       4       com.jidesoft.grid.CellSpanTable::invalidateCellSpanCache (45 bytes)
Event: 652.639 Thread 0x000002069252c000 nmethod 21011 0x00000206a606fd10 code [0x00000206a606fec0, 0x00000206a60703d8]
Event: 652.640 Thread 0x000002068ecf3800 21012       3       com.jidesoft.grid.TableUtils::a (875 bytes)
Event: 652.644 Thread 0x000002068ecf3800 nmethod 21012 0x000002069ef7df10 code [0x000002069ef7e5c0, 0x000002069ef83160]
Event: 652.644 Thread 0x000002068ecf3800 21013   !   3       com.jidesoft.grid.TableUtils::loadSelection (2161 bytes)
Event: 652.663 Thread 0x000002068ecf3800 nmethod 21013 0x000002069f7c9990 code [0x000002069f7ca6e0, 0x000002069f7d7b10]
Event: 652.663 Thread 0x000002068ecf3800 21014       3       com.jidesoft.action.a$0::compare (56 bytes)
Event: 652.663 Thread 0x000002068ecf3800 nmethod 21014 0x000002069e92c010 code [0x000002069e92c200, 0x000002069e92c620]
Event: 652.663 Thread 0x000002068ecf3800 21015   !   3       javax.swing.JViewport::setViewPosition (359 bytes)
Event: 652.667 Thread 0x000002068ecf3800 nmethod 21015 0x000002069ed3f690 code [0x000002069ed3fb80, 0x000002069ed429c0]

GC Heap History (10 events):
Event: 640.753 GC heap before
{Heap before GC invocations=127 (full 22):
 garbage-first heap   total 171008K, used 127026K [0x0000000700000000, 0x0000000700100538, 0x00000007c0000000)
  region size 1024K, 60 young (61440K), 1 survivors (1024K)
 Metaspace       used 82469K, capacity 88331K, committed 88524K, reserved 1126400K
  class space    used 11168K, capacity 12206K, committed 12236K, reserved 1048576K
}
Event: 640.758 GC heap after
{Heap after GC invocations=128 (full 22):
 garbage-first heap   total 171008K, used 66797K [0x0000000700000000, 0x0000000700100538, 0x00000007c0000000)
  region size 1024K, 1 young (1024K), 1 survivors (1024K)
 Metaspace       used 82469K, capacity 88331K, committed 88524K, reserved 1126400K
  class space    used 11168K, capacity 12206K, committed 12236K, reserved 1048576K
}
Event: 642.719 GC heap before
{Heap before GC invocations=128 (full 22):
 garbage-first heap   total 171008K, used 127213K [0x0000000700000000, 0x0000000700100538, 0x00000007c0000000)
  region size 1024K, 60 young (61440K), 1 survivors (1024K)
 Metaspace       used 82476K, capacity 88331K, committed 88524K, reserved 1126400K
  class space    used 11168K, capacity 12206K, committed 12236K, reserved 1048576K
}
Event: 642.726 GC heap after
{Heap after GC invocations=129 (full 22):
 garbage-first heap   total 171008K, used 67133K [0x0000000700000000, 0x0000000700100538, 0x00000007c0000000)
  region size 1024K, 1 young (1024K), 1 survivors (1024K)
 Metaspace       used 82476K, capacity 88331K, committed 88524K, reserved 1126400K
  class space    used 11168K, capacity 12206K, committed 12236K, reserved 1048576K
}
Event: 643.005 GC heap before
{Heap before GC invocations=129 (full 22):
 garbage-first heap   total 171008K, used 127549K [0x0000000700000000, 0x0000000700100538, 0x00000007c0000000)
  region size 1024K, 60 young (61440K), 1 survivors (1024K)
 Metaspace       used 82478K, capacity 88331K, committed 88524K, reserved 1126400K
  class space    used 11168K, capacity 12206K, committed 12236K, reserved 1048576K
}
Event: 643.011 GC heap after
{Heap after GC invocations=130 (full 22):
 garbage-first heap   total 171008K, used 66957K [0x0000000700000000, 0x0000000700100538, 0x00000007c0000000)
  region size 1024K, 1 young (1024K), 1 survivors (1024K)
 Metaspace       used 82478K, capacity 88331K, committed 88524K, reserved 1126400K
  class space    used 11168K, capacity 12206K, committed 12236K, reserved 1048576K
}
Event: 644.479 GC heap before
{Heap before GC invocations=130 (full 22):
 garbage-first heap   total 171008K, used 127373K [0x0000000700000000, 0x0000000700100538, 0x00000007c0000000)
  region size 1024K, 60 young (61440K), 1 survivors (1024K)
 Metaspace       used 82485K, capacity 88395K, committed 88524K, reserved 1126400K
  class space    used 11168K, capacity 12206K, committed 12236K, reserved 1048576K
}
Event: 644.485 GC heap after
{Heap after GC invocations=131 (full 22):
 garbage-first heap   total 171008K, used 67051K [0x0000000700000000, 0x0000000700100538, 0x00000007c0000000)
  region size 1024K, 1 young (1024K), 1 survivors (1024K)
 Metaspace       used 82485K, capacity 88395K, committed 88524K, reserved 1126400K
  class space    used 11168K, capacity 12206K, committed 12236K, reserved 1048576K
}
Event: 647.732 GC heap before
{Heap before GC invocations=131 (full 22):
 garbage-first heap   total 171008K, used 127467K [0x0000000700000000, 0x0000000700100538, 0x00000007c0000000)
  region size 1024K, 60 young (61440K), 1 survivors (1024K)
 Metaspace       used 82493K, capacity 88395K, committed 88524K, reserved 1126400K
  class space    used 11168K, capacity 12206K, committed 12236K, reserved 1048576K
}
Event: 647.742 GC heap after
{Heap after GC invocations=132 (full 22):
 garbage-first heap   total 171008K, used 67254K [0x0000000700000000, 0x0000000700100538, 0x00000007c0000000)
  region size 1024K, 1 young (1024K), 1 survivors (1024K)
 Metaspace       used 82493K, capacity 88395K, committed 88524K, reserved 1126400K
  class space    used 11168K, capacity 12206K, committed 12236K, reserved 1048576K
}

Deoptimization events (10 events):
Event: 476.483 Thread 0x000002069668c000 Uncommon trap: reason=bimorphic_or_optimized_type_check action=maybe_recompile pc=0x00000206a667675c method=java.util.Collections$UnmodifiableMap.get(Ljava/lang/Object;)Ljava/lang/Object; @ 5 c2
Event: 476.483 Thread 0x000002069668c000 Uncommon trap: reason=bimorphic_or_optimized_type_check action=maybe_recompile pc=0x00000206a667675c method=java.util.Collections$UnmodifiableMap.get(Ljava/lang/Object;)Ljava/lang/Object; @ 5 c2
Event: 476.483 Thread 0x000002069668c000 Uncommon trap: reason=bimorphic_or_optimized_type_check action=maybe_recompile pc=0x00000206a667675c method=java.util.Collections$UnmodifiableMap.get(Ljava/lang/Object;)Ljava/lang/Object; @ 5 c2
Event: 500.951 Thread 0x000002069668c000 Uncommon trap: reason=unstable_if action=reinterpret pc=0x00000206a6568364 method=java.awt.GradientPaintContext.getCachedRaster(Ljava/awt/image/ColorModel;II)Ljava/awt/image/Raster; @ 32 c2
Event: 595.595 Thread 0x000002069668c000 Uncommon trap: reason=unstable_if action=reinterpret pc=0x00000206a66d1a80 method=com.jidesoft.editor.highlight.DefaultHighlighter.paint(Ljava/awt/Graphics;)V @ 17 c2
Event: 595.595 Thread 0x000002069668c000 Uncommon trap: reason=unstable_if action=reinterpret pc=0x00000206a618f618 method=com.jidesoft.editor.highlight.DefaultHighlighter.paintLayeredHighlights(Ljava/awt/Graphics;IILjava/awt/Shape;Lcom/jidesoft/editor/CodeEditor;)V @ 18 c2
Event: 595.602 Thread 0x000002069668c000 Uncommon trap: reason=unstable_if action=reinterpret pc=0x00000206a5c90d74 method=com.jidesoft.editor.highlight.DefaultHighlighter.paintLayeredHighlights(Ljava/awt/Graphics;IILjava/awt/Shape;Lcom/jidesoft/editor/CodeEditor;)V @ 18 c2
Event: 609.307 Thread 0x00000206b8a73000 Uncommon trap: reason=unstable_if action=reinterpret pc=0x00000206a5acf730 method=sun.awt.PostEventQueue.flush()V @ 23 c2
Event: 611.550 Thread 0x000002069668c000 Uncommon trap: reason=unstable_if action=reinterpret pc=0x00000206a5906098 method=javax.swing.text.GapContent.findMarkAdjustIndex(I)I @ 51 c2
Event: 618.454 Thread 0x000002069668c000 Uncommon trap: reason=unstable_if action=reinterpret pc=0x00000206a6342d90 method=java.util.concurrent.locks.AbstractQueuedSynchronizer.isOnSyncQueue(Ljava/util/concurrent/locks/AbstractQueuedSynchronizer$Node;)Z @ 22 c2

Classes redefined (0 events):
No events

Internal exceptions (10 events):
Event: 213.283 Thread 0x000002069668c000 Exception <a 'java/lang/NoSuchMethodError'{0x0000000707122920}: java.lang.invoke.DirectMethodHandle$Holder.invokeSpecial(Ljava/lang/Object;Ljava/lang/Object;IIILjava/lang/Object;Ljava/lang/Object;ILjava/lang/Object;II)Ljava/lang/Object;> (0x00000007071229
Event: 213.283 Thread 0x000002069668c000 Exception <a 'java/lang/NoSuchMethodError'{0x0000000707126340}: java.lang.invoke.DelegatingMethodHandle$Holder.reinvoke_L(Ljava/lang/Object;IIILjava/lang/Object;Ljava/lang/Object;ILjava/lang/Object;II)Ljava/lang/Object;> (0x0000000707126340) thrown at [t:
Event: 213.285 Thread 0x000002069668c000 Exception <a 'java/lang/NoSuchMethodError'{0x00000007071440d8}: method resolution failed> (0x00000007071440d8) thrown at [t:/workspace/hotspot/src/share/vm/prims/methodHandles.cpp, line 1256]
Event: 213.328 Thread 0x000002069668c000 Exception <a 'java/lang/NoSuchMethodError'{0x000000070715c9d0}: java.lang.invoke.DirectMethodHandle$Holder.invokeSpecial(Ljava/lang/Object;Ljava/lang/Object;ILjava/lang/Object;)V> (0x000000070715c9d0) thrown at [t:/workspace/hotspot/src/share/vm/interpret
Event: 213.329 Thread 0x000002069668c000 Exception <a 'java/lang/NoSuchMethodError'{0x0000000707162298}: java.lang.invoke.DirectMethodHandle$Holder.invokeStatic(Ljava/lang/Object;Ljava/lang/Object;ILjava/lang/Object;)Ljava/lang/Object;> (0x0000000707162298) thrown at [t:/workspace/hotspot/src/sh
Event: 291.297 Thread 0x000002069668c000 Exception <a 'java/lang/NoSuchMethodError'{0x000000070703fb78}: method resolution failed> (0x000000070703fb78) thrown at [t:/workspace/hotspot/src/share/vm/prims/methodHandles.cpp, line 1256]
Event: 305.193 Thread 0x000002069668c000 Implicit null exception at 0x00000206a6373ca3 to 0x00000206a63744c1
Event: 379.217 Thread 0x00000206b8a71800 Exception <a 'java/lang/InterruptedException'{0x0000000706d2db98}: sleep interrupted> (0x0000000706d2db98) thrown at [t:/workspace/hotspot/src/share/vm/prims/jvm.cpp, line 3023]
Event: 391.468 Thread 0x000002069668c000 Implicit null exception at 0x00000206a5b3a041 to 0x00000206a5b3a141
Event: 412.518 Thread 0x000002068f03d800 Implicit null exception at 0x00000206a653b51f to 0x00000206a653bd87

Events (10 events):
Event: 648.829 Thread 0x00000206b8a6c800 Thread added: 0x00000206b8a6c800
Event: 648.835 Executing VM operation: BulkRevokeBias
Event: 648.836 Executing VM operation: BulkRevokeBias done
Event: 648.836 Thread 0x00000206b8a6c800 Thread exited: 0x00000206b8a6c800
Event: 649.709 Thread 0x00000206b8a6c800 Thread added: 0x00000206b8a6c800
Event: 649.716 Thread 0x00000206b8a6c800 Thread exited: 0x00000206b8a6c800
Event: 650.710 Thread 0x00000206b8a6c800 Thread added: 0x00000206b8a6c800
Event: 650.717 Thread 0x00000206b8a6c800 Thread exited: 0x00000206b8a6c800
Event: 651.712 Thread 0x00000206b8a6e000 Thread added: 0x00000206b8a6e000
Event: 651.723 Thread 0x00000206b8a6e000 Thread exited: 0x00000206b8a6e000


Dynamic libraries:
0x00007ff6022f0000 - 0x00007ff602320000 	C:\Xilinx\Vivado\2019.1\bin\unwrapped\win64.o\vivado.exe
0x00007ff97a090000 - 0x00007ff97a285000 	C:\WINDOWS\SYSTEM32\ntdll.dll
0x00007ff978e80000 - 0x00007ff978f3d000 	C:\WINDOWS\System32\KERNEL32.DLL
0x00007ff977d10000 - 0x00007ff977fd9000 	C:\WINDOWS\System32\KERNELBASE.dll
0x00007ff977b10000 - 0x00007ff977c10000 	C:\WINDOWS\System32\ucrtbase.dll
0x00007ff950fd0000 - 0x00007ff950fe4000 	C:\Xilinx\Vivado\2019.1\lib\win64.o\librdi_commonmain.dll
0x00007ff94e6a0000 - 0x00007ff94f582000 	C:\Xilinx\Vivado\2019.1\lib\win64.o\librdi_common.dll
0x00007ff94f590000 - 0x00007ff94f62d000 	C:\WINDOWS\SYSTEM32\MSVCP140.dll
0x00007ff978f50000 - 0x00007ff9790f0000 	C:\WINDOWS\System32\USER32.dll
0x00007ff977fe0000 - 0x00007ff978002000 	C:\WINDOWS\System32\win32u.dll
0x00007ff959290000 - 0x00007ff9592a7000 	C:\WINDOWS\SYSTEM32\VCRUNTIME140.dll
0x00007ff978b10000 - 0x00007ff978b3a000 	C:\WINDOWS\System32\GDI32.dll
0x00007ff977870000 - 0x00007ff97797b000 	C:\WINDOWS\System32\gdi32full.dll
0x00007ff977c70000 - 0x00007ff977d0d000 	C:\WINDOWS\System32\msvcp_win.dll
0x00007ff979910000 - 0x00007ff9799bc000 	C:\WINDOWS\System32\ADVAPI32.dll
0x00007ff94e670000 - 0x00007ff94e696000 	C:\Xilinx\Vivado\2019.1\lib\win64.o\libboost_filesystem.dll
0x00007ff978190000 - 0x00007ff97822e000 	C:\WINDOWS\System32\msvcrt.dll
0x00007ff9780f0000 - 0x00007ff97818b000 	C:\WINDOWS\System32\sechost.dll
0x00007ff9797d0000 - 0x00007ff9798fa000 	C:\WINDOWS\System32\RPCRT4.dll
0x00007ff96eec0000 - 0x00007ff96eeca000 	C:\Xilinx\Vivado\2019.1\lib\win64.o\librdi_commonversion.dll
0x00007ff978290000 - 0x00007ff9789cf000 	C:\WINDOWS\System32\SHELL32.dll
0x00007ff94e540000 - 0x00007ff94e661000 	C:\Xilinx\Vivado\2019.1\lib\win64.o\librdi_commonxillic.dll
0x0000000067d00000 - 0x0000000067e2b000 	C:\Xilinx\Vivado\2019.1\lib\win64.o\tcl85t.dll
0x00007ff979b70000 - 0x00007ff979bdb000 	C:\WINDOWS\System32\WS2_32.dll
0x00007ff94e1d0000 - 0x00007ff94e53e000 	C:\Xilinx\Vivado\2019.1\lib\win64.o\libCOIN-all.dll
0x00007ff950230000 - 0x00007ff950244000 	C:\Xilinx\Vivado\2019.1\lib\win64.o\libboost_date_time.dll
0x00007ff94e1b0000 - 0x00007ff94e1c4000 	C:\Xilinx\Vivado\2019.1\lib\win64.o\libboost_signals.dll
0x00007ff94e130000 - 0x00007ff94e1af000 	C:\Xilinx\Vivado\2019.1\lib\win64.o\libboost_program_options.dll
0x00007ff96cf00000 - 0x00007ff96cf0b000 	C:\Xilinx\Vivado\2019.1\lib\win64.o\libboost_system.dll
0x00007ff94e100000 - 0x00007ff94e121000 	C:\Xilinx\Vivado\2019.1\lib\win64.o\libboost_thread.dll
0x00007ff96c0d0000 - 0x00007ff96c0df000 	C:\Xilinx\Vivado\2019.1\lib\win64.o\libboost_xilinx.dll
0x00007ff94e070000 - 0x00007ff94e0f2000 	C:\Xilinx\Vivado\2019.1\lib\win64.o\libhdlpsolve.dll
0x00007ff94dfc0000 - 0x00007ff94e065000 	C:\Xilinx\Vivado\2019.1\lib\win64.o\libhdxml.dll
0x00007ff948ab0000 - 0x00007ff94965f400 	C:\Xilinx\Vivado\2019.1\lib\win64.o\libisl_iostreams.dll
0x00007ff94df90000 - 0x00007ff94dfbe000 	C:\Xilinx\Vivado\2019.1\lib\win64.o\libisl_sysinfo.dll
0x00007ff94df20000 - 0x00007ff94df85000 	C:\Xilinx\Vivado\2019.1\lib\win64.o\liblmx6.0.dll
0x00007ff94df00000 - 0x00007ff94df1a000 	C:\Xilinx\Vivado\2019.1\lib\win64.o\pthreadVC2.dll
0x00007ff94dee0000 - 0x00007ff94defc000 	C:\Xilinx\Vivado\2019.1\lib\win64.o\librdiconfig.dll
0x00007ff94d120000 - 0x00007ff94d141000 	C:\Xilinx\Vivado\2019.1\lib\win64.o\librdizlib.dll
0x0000000012000000 - 0x0000000012270000 	C:\Xilinx\Vivado\2019.1\lib\win64.o\xerces-c_3_1.dll
0x00007ff964650000 - 0x00007ff964b23000 	C:\WINDOWS\SYSTEM32\WININET.dll
0x00007ff968a60000 - 0x00007ff968a78000 	C:\WINDOWS\SYSTEM32\NETAPI32.dll
0x00007ff96d670000 - 0x00007ff96d778000 	C:\WINDOWS\SYSTEM32\WINHTTP.dll
0x00007ff96d7b0000 - 0x00007ff96d99c000 	C:\WINDOWS\SYSTEM32\urlmon.dll
0x00007ff975000000 - 0x00007ff975009000 	C:\WINDOWS\SYSTEM32\WSOCK32.dll
0x00007ff94d0f0000 - 0x00007ff94d11e000 	C:\WINDOWS\SYSTEM32\VCOMP140.DLL
0x00007ff947c10000 - 0x00007ff948aa1000 	C:\Xilinx\Vivado\2019.1\lib\win64.o\gurobi65.dll
0x00007ff94ccc0000 - 0x00007ff94cf98000 	C:\Xilinx\Vivado\2019.1\lib\win64.o\libXil_lmgr11.dll
0x00007ff94cba0000 - 0x00007ff94ccb4000 	C:\Xilinx\Vivado\2019.1\lib\win64.o\libboost_regex.dll
0x00007ff978b40000 - 0x00007ff978c1a000 	C:\WINDOWS\System32\COMDLG32.dll
0x00007ff979c90000 - 0x00007ff979fe5000 	C:\WINDOWS\System32\combase.dll
0x00007ff978c20000 - 0x00007ff978cce000 	C:\WINDOWS\System32\shcore.dll
0x00007ff9796c0000 - 0x00007ff979715000 	C:\WINDOWS\System32\SHLWAPI.dll
0x00007ff9795f0000 - 0x00007ff9796bd000 	C:\WINDOWS\System32\OLEAUT32.dll
0x00007ff9789e0000 - 0x00007ff978b0a000 	C:\WINDOWS\System32\ole32.dll
0x00007ff977c10000 - 0x00007ff977c70000 	C:\WINDOWS\System32\WINTRUST.dll
0x00007ff977980000 - 0x00007ff977adf000 	C:\WINDOWS\System32\CRYPT32.dll
0x00007ff96bb40000 - 0x00007ff96bb4d000 	C:\Xilinx\Vivado\2019.1\lib\win64.o\libboost_chrono.dll
0x00007ff94d0d0000 - 0x00007ff94d0eb000 	C:\Xilinx\Vivado\2019.1\lib\win64.o\libboost_iostreams.dll
0x00007ff94d0a0000 - 0x00007ff94d0c5000 	C:\Xilinx\Vivado\2019.1\lib\win64.o\libisl_iosutils.dll
0x00007ff96dc80000 - 0x00007ff96df30000 	C:\WINDOWS\SYSTEM32\iertutil.dll
0x00007ff96d780000 - 0x00007ff96d7a8000 	C:\WINDOWS\SYSTEM32\srvcli.dll
0x00007ff976d30000 - 0x00007ff976d3c000 	C:\WINDOWS\SYSTEM32\netutils.dll
0x00007ff966df0000 - 0x00007ff966ea0000 	C:\WINDOWS\WinSxS\amd64_microsoft.windows.common-controls_6595b64144ccf1df_5.82.19041.1110_none_792d1c772443f647\COMCTL32.dll
0x00007ff972200000 - 0x00007ff97221d000 	C:\WINDOWS\SYSTEM32\dhcpcsvc.DLL
0x00007ff978e50000 - 0x00007ff978e80000 	C:\WINDOWS\System32\IMM32.DLL
0x00007ff9773a0000 - 0x00007ff9773b2000 	C:\WINDOWS\SYSTEM32\MSASN1.dll
0x00007ff9756f0000 - 0x00007ff975702000 	C:\WINDOWS\SYSTEM32\kernel.appcore.dll
0x00007ff94b1b0000 - 0x00007ff94b6c7000 	C:\Xilinx\Vivado\2019.1\lib\win64.o\librdi_commontasks.dll
0x00000000672d0000 - 0x0000000067cf5000 	C:\Xilinx\Vivado\2019.1\tps\win64\jre9.0.4\bin\server\jvm.dll
0x00007ff978f40000 - 0x00007ff978f48000 	C:\WINDOWS\System32\PSAPI.DLL
0x00007ff94ba60000 - 0x00007ff94bce6000 	C:\Xilinx\Vivado\2019.1\lib\win64.o\librdi_sio.dll
0x00007ff9704f0000 - 0x00007ff9704fa000 	C:\WINDOWS\SYSTEM32\VERSION.dll
0x00007ff96ec80000 - 0x00007ff96eca7000 	C:\WINDOWS\SYSTEM32\WINMM.dll
0x00007ff94b0c0000 - 0x00007ff94b1af000 	C:\Xilinx\Vivado\2019.1\tps\win64\jre9.0.4\bin\MSVCR120.dll
0x00007ff976c20000 - 0x00007ff976c5b000 	C:\WINDOWS\SYSTEM32\IPHLPAPI.DLL
0x00007ff976f80000 - 0x00007ff976fea000 	C:\WINDOWS\SYSTEM32\MSWSOCK.DLL
0x00007ff9758f0000 - 0x00007ff976080000 	C:\WINDOWS\SYSTEM32\windows.storage.dll
0x00007ff977220000 - 0x00007ff97724c000 	C:\WINDOWS\SYSTEM32\Wldp.dll
0x00007ff942320000 - 0x00007ff9447dc000 	C:\Xilinx\Vivado\2019.1\lib\win64.o\librdi_tcltasks.dll
0x00007ff94d020000 - 0x00007ff94d098000 	C:\Xilinx\Vivado\2019.1\lib\win64.o\librdi_boarddep.dll
0x00007ff94ad90000 - 0x00007ff94af21000 	C:\Xilinx\Vivado\2019.1\lib\win64.o\librdi_board.dll
0x00007ff94afd0000 - 0x00007ff94b0bb000 	C:\Xilinx\Vivado\2019.1\lib\win64.o\librdi_chipscope.dll
0x00007ff947a50000 - 0x00007ff947c0d000 	C:\Xilinx\Vivado\2019.1\lib\win64.o\librdi_chipscopeimpl.dll
0x00007ff947540000 - 0x00007ff947948000 	C:\Xilinx\Vivado\2019.1\lib\win64.o\librdi_bitstream.dll
0x00007ff9473e0000 - 0x00007ff947536000 	C:\Xilinx\Vivado\2019.1\lib\win64.o\librdi_containers.dll
0x00007ff940930000 - 0x00007ff94231a000 	C:\Xilinx\Vivado\2019.1\lib\win64.o\librdi_constraints.dll
0x00007ff946d00000 - 0x00007ff9473da000 	C:\Xilinx\Vivado\2019.1\lib\win64.o\librdi_coregenipxact.dll
0x00007ff93ea70000 - 0x00007ff940921000 	C:\Xilinx\Vivado\2019.1\lib\win64.o\librdi_coregen.dll
0x00007ff93aa20000 - 0x00007ff93ea63000 	C:\Xilinx\Vivado\2019.1\lib\win64.o\librdi_designutils.dll
0x00007ff9469e0000 - 0x00007ff946cfe000 	C:\Xilinx\Vivado\2019.1\lib\win64.o\librdi_dlyest.dll
0x00007ff9113b0000 - 0x00007ff9237dc000 	C:\Xilinx\Vivado\2019.1\lib\win64.o\librdi_device.dll
0x00007ff945000000 - 0x00007ff94559a000 	C:\Xilinx\Vivado\2019.1\lib\win64.o\librdi_drc.dll
0x00007ff947980000 - 0x00007ff947a44000 	C:\Xilinx\Vivado\2019.1\lib\win64.o\librdi_dsp.dll
0x00007ff9449b0000 - 0x00007ff944ffd000 	C:\Xilinx\Vivado\2019.1\lib\win64.o\librdi_filemgmt.dll
0x00007ff94ad20000 - 0x00007ff94ad85000 	C:\Xilinx\Vivado\2019.1\lib\win64.o\librdi_hdf.dll
0x00007ff9466f0000 - 0x00007ff9469d3000 	C:\Xilinx\Vivado\2019.1\lib\win64.o\librdi_guitools.dll
0x00007ff938460000 - 0x00007ff938a75000 	C:\Xilinx\Vivado\2019.1\lib\win64.o\librdi_memdata.dll
0x00007ff946670000 - 0x00007ff9466e3000 	C:\Xilinx\Vivado\2019.1\lib\win64.o\librdi_memoryarray.dll
0x00007ff938a80000 - 0x00007ff93a040000 	C:\Xilinx\Vivado\2019.1\lib\win64.o\librdi_implflow.dll
0x00007ff9350c0000 - 0x00007ff935762000 	C:\Xilinx\Vivado\2019.1\lib\win64.o\librdi_netlist.dll
0x00007ff94c530000 - 0x00007ff94c57b000 	C:\Xilinx\Vivado\2019.1\lib\win64.o\librdi_pfi.dll
0x00007ff932a40000 - 0x00007ff9350b6000 	C:\Xilinx\Vivado\2019.1\lib\win64.o\librdi_place.dll
0x00007ff945680000 - 0x00007ff94598f000 	C:\Xilinx\Vivado\2019.1\lib\win64.o\librdi_platform.dll
0x00007ff935770000 - 0x00007ff938456000 	C:\Xilinx\Vivado\2019.1\lib\win64.o\librdi_mig.dll
0x00007ff9322f0000 - 0x00007ff932a3a000 	C:\Xilinx\Vivado\2019.1\lib\win64.o\librdi_power.dll
0x00007ff931d70000 - 0x00007ff9322ef000 	C:\Xilinx\Vivado\2019.1\lib\win64.o\librdi_project.dll
0x00007ff9313f0000 - 0x00007ff931af9000 	C:\Xilinx\Vivado\2019.1\lib\win64.o\librdi_psta.dll
0x00007ff930ce0000 - 0x00007ff9313e6000 	C:\Xilinx\Vivado\2019.1\lib\win64.o\librdi_rsb.dll
0x00007ff9308e0000 - 0x00007ff930cd1000 	C:\Xilinx\Vivado\2019.1\lib\win64.o\librdi_runs.dll
0x00007ff946570000 - 0x00007ff94666a000 	C:\Xilinx\Vivado\2019.1\lib\win64.o\librdi_runsbase.dll
0x00007ff93a270000 - 0x00007ff93a4c6000 	C:\Xilinx\Vivado\2019.1\lib\win64.o\librdi_simdata.dll
0x00007ff92fac0000 - 0x00007ff9308d1000 	C:\Xilinx\Vivado\2019.1\lib\win64.o\librdi_timing.dll
0x00007ff93a8a0000 - 0x00007ff93aa12000 	C:\Xilinx\Vivado\2019.1\lib\win64.o\librdi_advchipscopeimpl.dll
0x00007ff946520000 - 0x00007ff94656c000 	C:\Xilinx\Vivado\2019.1\lib\win64.o\libboost_serialization.dll
0x00007ff945d50000 - 0x00007ff945e12000 	C:\Xilinx\Vivado\2019.1\lib\win64.o\librdi_ipconfig_readwrite.dll
0x00007ff92f920000 - 0x00007ff92fabf000 	C:\Xilinx\Vivado\2019.1\lib\win64.o\librdi_hip_devdesign.dll
0x00007ff946180000 - 0x00007ff9461c3000 	C:\Xilinx\Vivado\2019.1\lib\win64.o\librdi_noc_frameworks.dll
0x00007ff92f530000 - 0x00007ff92f915000 	C:\Xilinx\Vivado\2019.1\lib\win64.o\librdi_hip_config.dll
0x00007ff910860000 - 0x00007ff9113a7000 	C:\Xilinx\Vivado\2019.1\lib\win64.o\libverific.dll
0x00007ff910310000 - 0x00007ff91085e000 	C:\Xilinx\Vivado\2019.1\lib\win64.o\librdi_xdm.dll
0x00007ff945aa0000 - 0x00007ff945b3e000 	C:\Xilinx\Vivado\2019.1\lib\win64.o\libise.dll
0x00007ff94cb60000 - 0x00007ff94cba0000 	C:\Xilinx\Vivado\2019.1\lib\win64.o\librdi_wavedata_SimpleApi.dll
0x00007ff90fd10000 - 0x00007ff91030c000 	C:\Xilinx\Vivado\2019.1\lib\win64.o\librdi_wavedata.dll
0x00007ff9464e0000 - 0x00007ff94651f000 	C:\Xilinx\Vivado\2019.1\lib\win64.o\librdi_schedmon.dll
0x00007ff90eb80000 - 0x00007ff90fd0d000 	C:\Xilinx\Vivado\2019.1\lib\win64.o\librdi_route.dll
0x00007ff90cbb0000 - 0x00007ff90eb7d000 	C:\Xilinx\Vivado\2019.1\lib\win64.o\librdi_synth.dll
0x00007ff945a10000 - 0x00007ff945a98000 	C:\Xilinx\Vivado\2019.1\lib\win64.o\librdi_meir_core.dll

VM Arguments:
jvm_args: -Dsun.java2d.pmoffscreen=false -Dsun.java2d.xrender=false -Dsun.java2d.d3d=false -Dsun.awt.nopixfmt=true -Dsun.java2d.dpiaware=true -Dsun.java2d.uiScale.enabled=false -Xverify:none -Dswing.aatext=true -XX:-UsePerfData -Djdk.map.althashing.threshold=512 -XX:StringTableSize=4072 --add-opens=java.base/java.nio=ALL-UNNAMED --add-opens=java.desktop/sun.swing=ALL-UNNAMED --add-opens=java.desktop/javax.swing=ALL-UNNAMED --add-opens=java.desktop/javax.swing.tree=ALL-UNNAMED --add-opens=java.desktop/javax.swing.plaf.basic=ALL-UNNAMED --add-opens=java.desktop/javax.swing.plaf.synth=ALL-UNNAMED --add-opens=java.desktop/com.sun.awt=ALL-UNNAMED -XX:NewSize=60m -XX:MaxNewSize=60m -Xms128m -Xmx3072m -Xss5m 
java_command: <unknown>
java_class_path (initial): C:/Xilinx/Vivado/2019.1\lib\classes\alloy.jar;C:/Xilinx/Vivado/2019.1\lib\classes\autopilot.scelaborator.jar;C:/Xilinx/Vivado/2019.1\lib\classes\autopilot.sourceprocessor.jar;C:/Xilinx/Vivado/2019.1\lib\classes\autopilot.tbprocessor.jar;C:/Xilinx/Vivado/2019.1\lib\classes\batik-anim.jar;C:/Xilinx/Vivado/2019.1\lib\classes\batik-awt-util.jar;C:/Xilinx/Vivado/2019.1\lib\classes\batik-bridge.jar;C:/Xilinx/Vivado/2019.1\lib\classes\batik-codec.jar;C:/Xilinx/Vivado/2019.1\lib\classes\batik-css.jar;C:/Xilinx/Vivado/2019.1\lib\classes\batik-dom.jar;C:/Xilinx/Vivado/2019.1\lib\classes\batik-ext.jar;C:/Xilinx/Vivado/2019.1\lib\classes\batik-gui-util.jar;C:/Xilinx/Vivado/2019.1\lib\classes\batik-gvt.jar;C:/Xilinx/Vivado/2019.1\lib\classes\batik-parser.jar;C:/Xilinx/Vivado/2019.1\lib\classes\batik-script.jar;C:/Xilinx/Vivado/2019.1\lib\classes\batik-svg-dom.jar;C:/Xilinx/Vivado/2019.1\lib\classes\batik-swing.jar;C:/Xilinx/Vivado/2019.1\lib\classes\batik-transcoder.jar;C:/Xilinx/Vivado/2019.1\lib\classes\batik-util.jar;C:/Xilinx/Vivado/2019.1\lib\classes\batik-xml.jar;C:/Xilinx/Vivado/2019.1\lib\classes\com.google.gson_2.7.0.v20170129-0911.jar;C:/Xilinx/Vivado/2019.1\lib\classes\com.google.guava_21.0.0.v20170206-1425.jar;C:/Xilinx/Vivado/2019.1\lib\classes\com.google.inject_3.0.0.v201605172100.jar;C:/Xilinx/Vivado/2019.1\lib\classes\com.ibm.icu_4.4.2.v20110208.jar;C:/Xilinx/Vivado/2019.1\lib\classes\com.sigasi.hdt.annotations.runtime_4.3.0.201903071210.jar;C:/Xilinx/Vivado/2019.1\lib\classes\com.sigasi.hdt.blockdiagram.model_4.3.0.201903071210.jar;C:/Xilinx/Vivado/2019.1\lib\classes\com.sigasi.hdt.connection_4.3.0.201903071210.jar;C:/Xilinx/Vivado/2019.1\lib\classes\com.sigasi.hdt.dependencies.model_4.3.0.201903071210.jar;C:/Xilinx/Vivado/2019.1\lib\classes\com.sigasi.hdt.epl_4.3.0.201903071210.jar;C:/Xilinx/Vivado/2019.1\lib\classes\com.sigasi.hdt.graphics.model_4.3.0.201903071210.jar;C:/Xilinx/Vivado/2019.1\lib\classes\com.sigasi.hdt.project_4.3.0
Launcher Type: generic

Logging:
Log output configuration:
#0: stdout all=warning uptime,level,tags
#1: stderr all=off uptime,level,tags

Environment Variables:
PATH=C:/Xilinx/Vivado/2019.1/bin;C:/Xilinx/Vivado/2019.1/lib/win64.o;C:/Xilinx/Vivado/2019.1/tps/win64/jre9.0.4/bin/server;C:/Xilinx/Vivado/2019.1/tps/win64/jre9.0.4/bin;C:/Xilinx/SDK/2019.1/bin;C:/Xilinx/Vivado/2019.1/ids_lite/ISE/bin/nt64;C:/Xilinx/Vivado/2019.1/ids_lite/ISE/lib/nt64;C:\WINDOWS\system32;C:\WINDOWS;C:\WINDOWS\System32\Wbem;C:\WINDOWS\System32\WindowsPowerShell\v1.0\;C:\WINDOWS\System32\OpenSSH\;C:\ProgramData\chocolatey\bin;C:\Users\jensming\AppData\Local\Microsoft\WindowsApps;;C:/Xilinx/Vivado/2019.1\tps\mingw\6.2.0\win64.o\nt\bin;C:/Xilinx/Vivado/2019.1\tps\mingw\6.2.0\win64.o\nt\libexec\gcc\x86_64-w64-mingw32\6.2.0;C:/Xilinx/Vivado/2019.1\tps\win64\python-2.7.5;C:/Xilinx/Vivado/2019.1\tps\win64\python-2.7.5\lib;C:/Xilinx/Vivado/2019.1\tps\win64\python-2.7.5\Lib\lib-tk;C:/Xilinx/Vivado/2019.1\tps\win64\python-2.7.5\lib\site-packages
USERNAME=jensming
OS=Windows_NT
PROCESSOR_IDENTIFIER=Intel64 Family 6 Model 23 Stepping 10, GenuineIntel



---------------  S Y S T E M  ---------------

OS: Windows 10 , 64 bit Build 19041 (10.0.19041.1151)

CPU:total 2 (initial active 2) (2 cores per cpu, 1 threads per core) family 6 model 23 stepping 10, cmov, cx8, fxsr, mmx, sse, sse2, sse3, ssse3, sse4.1, tsc

Memory: 4k page, physical 4060764k(744956k free), swap 7022528k(3285388k free)

vm_info: Java HotSpot(TM) 64-Bit Server VM (9.0.4+11) for windows-amd64 JRE (9.0.4+11), built on Dec 20 2017 02:18:54 by "mach5one" with MS VC++ 12.0 (VS2013)

END.
