#-----------------------------------------------------------
# Vivado v2019.1 (64-bit)
# SW Build 2552052 on Fri May 24 14:49:42 MDT 2019
# IP Build 2548770 on Fri May 24 18:01:18 MDT 2019
# Start of session at: Wed Nov 10 17:10:35 2021
# Process ID: 13212
# Current directory: C:/Users/James/Desktop/myLab6.xpr/myLab6
# Command line: vivado.exe -gui_launcher_event rodinguilauncherevent13976 C:\Users\James\Desktop\myLab6.xpr\myLab6\myLab6.xpr
# Log file: C:/Users/James/Desktop/myLab6.xpr/myLab6/vivado.log
# Journal file: C:/Users/James/Desktop/myLab6.xpr/myLab6\vivado.jou
#-----------------------------------------------------------
start_gui
open_project C:/Users/James/Desktop/myLab6.xpr/myLab6/myLab6.xpr
INFO: [Project 1-313] Project file moved from 'C:/Users/jensming/Desktop/myLab6.xpr/myLab6/.Xil/Vivado-11528-104PC20/PrjAr/_X_' since last save.
Scanning sources...
Finished scanning sources
INFO: [IP_Flow 19-234] Refreshing IP repositories
INFO: [IP_Flow 19-1704] No user IP repositories specified
INFO: [IP_Flow 19-2313] Loaded Vivado IP repository 'C:/Users/James/.Xilinx/Vivado/2019.1/data/ip'.
update_compile_order -fileset sources_1
synth_design -rtl -name rtl_1
Command: synth_design -rtl -name rtl_1
Starting synth_design
Using part: xc7a35tcpg236-1
Top: top_module
INFO: [Device 21-403] Loading part xc7a35tcpg236-1
---------------------------------------------------------------------------------
Starting RTL Elaboration : Time (s): cpu = 00:00:03 ; elapsed = 00:00:03 . Memory (MB): peak = 1149.574 ; gain = 193.891
---------------------------------------------------------------------------------
INFO: [Synth 8-6157] synthesizing module 'top_module' [C:/Users/James/Desktop/myLab6.xpr/myLab6/myLab6.srcs/sources_1/new/top_module.v:23]
INFO: [Synth 8-6157] synthesizing module 'StateMachine' [C:/Users/James/Desktop/myLab6.xpr/myLab6/myLab6.srcs/sources_1/new/StateMachine.v:23]
INFO: [Synth 8-6157] synthesizing module 'FDRE' [C:/Users/James/.Xilinx/Vivado/2019.1/scripts/rt/data/unisim_comp.v:13664]
	Parameter INIT bound to: 1'b1 
	Parameter IS_C_INVERTED bound to: 1'b0 
	Parameter IS_D_INVERTED bound to: 1'b0 
	Parameter IS_R_INVERTED bound to: 1'b0 
INFO: [Synth 8-6155] done synthesizing module 'FDRE' (1#1) [C:/Users/James/.Xilinx/Vivado/2019.1/scripts/rt/data/unisim_comp.v:13664]
WARNING: [Synth 8-7023] instance 'Q0_FF' of module 'FDRE' has 5 connections declared, but only 4 given [C:/Users/James/Desktop/myLab6.xpr/myLab6/myLab6.srcs/sources_1/new/StateMachine.v:53]
INFO: [Synth 8-6157] synthesizing module 'FDRE__parameterized0' [C:/Users/James/.Xilinx/Vivado/2019.1/scripts/rt/data/unisim_comp.v:13664]
	Parameter INIT bound to: 1'b0 
	Parameter IS_C_INVERTED bound to: 1'b0 
	Parameter IS_D_INVERTED bound to: 1'b0 
	Parameter IS_R_INVERTED bound to: 1'b0 
INFO: [Synth 8-6155] done synthesizing module 'FDRE__parameterized0' (1#1) [C:/Users/James/.Xilinx/Vivado/2019.1/scripts/rt/data/unisim_comp.v:13664]
WARNING: [Synth 8-7023] instance 'Q1_FF' of module 'FDRE' has 5 connections declared, but only 4 given [C:/Users/James/Desktop/myLab6.xpr/myLab6/myLab6.srcs/sources_1/new/StateMachine.v:54]
WARNING: [Synth 8-7023] instance 'Q2_FF' of module 'FDRE' has 5 connections declared, but only 4 given [C:/Users/James/Desktop/myLab6.xpr/myLab6/myLab6.srcs/sources_1/new/StateMachine.v:55]
WARNING: [Synth 8-7023] instance 'Q3_FF' of module 'FDRE' has 5 connections declared, but only 4 given [C:/Users/James/Desktop/myLab6.xpr/myLab6/myLab6.srcs/sources_1/new/StateMachine.v:56]
WARNING: [Synth 8-7023] instance 'Q4_FF' of module 'FDRE' has 5 connections declared, but only 4 given [C:/Users/James/Desktop/myLab6.xpr/myLab6/myLab6.srcs/sources_1/new/StateMachine.v:57]
WARNING: [Synth 8-7023] instance 'Q5_FF' of module 'FDRE' has 5 connections declared, but only 4 given [C:/Users/James/Desktop/myLab6.xpr/myLab6/myLab6.srcs/sources_1/new/StateMachine.v:58]
WARNING: [Synth 8-7023] instance 'Q6_FF' of module 'FDRE' has 5 connections declared, but only 4 given [C:/Users/James/Desktop/myLab6.xpr/myLab6/myLab6.srcs/sources_1/new/StateMachine.v:59]
INFO: [Synth 8-6155] done synthesizing module 'StateMachine' (2#1) [C:/Users/James/Desktop/myLab6.xpr/myLab6/myLab6.srcs/sources_1/new/StateMachine.v:23]
INFO: [Synth 8-6157] synthesizing module 'TurkeyCounter' [C:/Users/James/Desktop/myLab6.xpr/myLab6/myLab6.srcs/sources_1/new/TurkeyCounter.v:23]
INFO: [Synth 8-6157] synthesizing module 'countUD4L' [C:/Users/James/Desktop/myLab6.xpr/myLab6/myLab6.srcs/sources_1/new/countUD4L.v:23]
INFO: [Synth 8-6155] done synthesizing module 'countUD4L' (3#1) [C:/Users/James/Desktop/myLab6.xpr/myLab6/myLab6.srcs/sources_1/new/countUD4L.v:23]
WARNING: [Synth 8-7023] instance 'c1' of module 'countUD4L' has 7 connections declared, but only 6 given [C:/Users/James/Desktop/myLab6.xpr/myLab6/myLab6.srcs/sources_1/new/TurkeyCounter.v:32]
WARNING: [Synth 8-7023] instance 'c2' of module 'countUD4L' has 7 connections declared, but only 4 given [C:/Users/James/Desktop/myLab6.xpr/myLab6/myLab6.srcs/sources_1/new/TurkeyCounter.v:33]
INFO: [Synth 8-6155] done synthesizing module 'TurkeyCounter' (4#1) [C:/Users/James/Desktop/myLab6.xpr/myLab6/myLab6.srcs/sources_1/new/TurkeyCounter.v:23]
INFO: [Synth 8-6157] synthesizing module 'Incrementer' [C:/Users/James/Desktop/myLab6.xpr/myLab6/myLab6.srcs/sources_1/imports/Desktop/myLab3.xpr/myLab3/myLab3.srcs/sources_1/new/Incrementer.v:23]
INFO: [Synth 8-6157] synthesizing module 'EightBitAdder' [C:/Users/James/Desktop/myLab6.xpr/myLab6/myLab6.srcs/sources_1/imports/Desktop/myLab3.xpr/myLab3/myLab3.srcs/sources_1/new/EightBitAdder.v:23]
INFO: [Synth 8-6157] synthesizing module 'FullAdder' [C:/Users/James/Desktop/myLab6.xpr/myLab6/myLab6.srcs/sources_1/imports/Desktop/myLab3.xpr/myLab3/myLab3.srcs/sources_1/new/FullAdder.v:23]
INFO: [Synth 8-6157] synthesizing module 'm4_1' [C:/Users/James/Desktop/myLab6.xpr/myLab6/myLab6.srcs/sources_1/imports/Desktop/myLab3.xpr/myLab3/myLab3.srcs/sources_1/new/m4_1.v:23]
INFO: [Synth 8-6155] done synthesizing module 'm4_1' (5#1) [C:/Users/James/Desktop/myLab6.xpr/myLab6/myLab6.srcs/sources_1/imports/Desktop/myLab3.xpr/myLab3/myLab3.srcs/sources_1/new/m4_1.v:23]
INFO: [Synth 8-6155] done synthesizing module 'FullAdder' (6#1) [C:/Users/James/Desktop/myLab6.xpr/myLab6/myLab6.srcs/sources_1/imports/Desktop/myLab3.xpr/myLab3/myLab3.srcs/sources_1/new/FullAdder.v:23]
INFO: [Synth 8-6155] done synthesizing module 'EightBitAdder' (7#1) [C:/Users/James/Desktop/myLab6.xpr/myLab6/myLab6.srcs/sources_1/imports/Desktop/myLab3.xpr/myLab3/myLab3.srcs/sources_1/new/EightBitAdder.v:23]
WARNING: [Synth 8-7023] instance 'add' of module 'EightBitAdder' has 4 connections declared, but only 3 given [C:/Users/James/Desktop/myLab6.xpr/myLab6/myLab6.srcs/sources_1/imports/Desktop/myLab3.xpr/myLab3/myLab3.srcs/sources_1/new/Incrementer.v:29]
INFO: [Synth 8-6155] done synthesizing module 'Incrementer' (8#1) [C:/Users/James/Desktop/myLab6.xpr/myLab6/myLab6.srcs/sources_1/imports/Desktop/myLab3.xpr/myLab3/myLab3.srcs/sources_1/new/Incrementer.v:23]
INFO: [Synth 8-6157] synthesizing module 'm2_1x8' [C:/Users/James/Desktop/myLab6.xpr/myLab6/myLab6.srcs/sources_1/imports/Desktop/myLab3.xpr/myLab3/myLab3.srcs/sources_1/new/m2_1x8.v:23]
INFO: [Synth 8-6155] done synthesizing module 'm2_1x8' (9#1) [C:/Users/James/Desktop/myLab6.xpr/myLab6/myLab6.srcs/sources_1/imports/Desktop/myLab3.xpr/myLab3/myLab3.srcs/sources_1/new/m2_1x8.v:23]
INFO: [Synth 8-6157] synthesizing module 'OneSecCounter' [C:/Users/James/Desktop/myLab6.xpr/myLab6/myLab6.srcs/sources_1/new/OneSecCounter.v:23]
WARNING: [Synth 8-7023] instance 'c1' of module 'countUD4L' has 7 connections declared, but only 5 given [C:/Users/James/Desktop/myLab6.xpr/myLab6/myLab6.srcs/sources_1/new/OneSecCounter.v:30]
INFO: [Synth 8-6155] done synthesizing module 'OneSecCounter' (10#1) [C:/Users/James/Desktop/myLab6.xpr/myLab6/myLab6.srcs/sources_1/new/OneSecCounter.v:23]
INFO: [Synth 8-6157] synthesizing module 'TimeCounter' [C:/Users/James/Desktop/myLab6.xpr/myLab6/myLab6.srcs/sources_1/new/TimeCounter.v:23]
WARNING: [Synth 8-7023] instance 'c1' of module 'countUD4L' has 7 connections declared, but only 5 given [C:/Users/James/Desktop/myLab6.xpr/myLab6/myLab6.srcs/sources_1/new/TimeCounter.v:30]
INFO: [Synth 8-6155] done synthesizing module 'TimeCounter' (11#1) [C:/Users/James/Desktop/myLab6.xpr/myLab6/myLab6.srcs/sources_1/new/TimeCounter.v:23]
INFO: [Synth 8-6157] synthesizing module 'RingCounter' [C:/Users/James/Desktop/myLab6.xpr/myLab6/myLab6.srcs/sources_1/new/RingCounter.v:23]
WARNING: [Synth 8-7023] instance 'Q0_FF' of module 'FDRE' has 5 connections declared, but only 4 given [C:/Users/James/Desktop/myLab6.xpr/myLab6/myLab6.srcs/sources_1/new/RingCounter.v:31]
WARNING: [Synth 8-7023] instance 'Q1_FF' of module 'FDRE' has 5 connections declared, but only 4 given [C:/Users/James/Desktop/myLab6.xpr/myLab6/myLab6.srcs/sources_1/new/RingCounter.v:32]
WARNING: [Synth 8-7023] instance 'Q2_FF' of module 'FDRE' has 5 connections declared, but only 4 given [C:/Users/James/Desktop/myLab6.xpr/myLab6/myLab6.srcs/sources_1/new/RingCounter.v:33]
WARNING: [Synth 8-7023] instance 'Q3_FF' of module 'FDRE' has 5 connections declared, but only 4 given [C:/Users/James/Desktop/myLab6.xpr/myLab6/myLab6.srcs/sources_1/new/RingCounter.v:34]
INFO: [Synth 8-6155] done synthesizing module 'RingCounter' (12#1) [C:/Users/James/Desktop/myLab6.xpr/myLab6/myLab6.srcs/sources_1/new/RingCounter.v:23]
INFO: [Synth 8-6157] synthesizing module 'Selector' [C:/Users/James/Desktop/myLab6.xpr/myLab6/myLab6.srcs/sources_1/new/Selector.v:23]
INFO: [Synth 8-6155] done synthesizing module 'Selector' (13#1) [C:/Users/James/Desktop/myLab6.xpr/myLab6/myLab6.srcs/sources_1/new/Selector.v:23]
INFO: [Synth 8-6157] synthesizing module 'hex7seg' [C:/Users/James/Desktop/myLab6.xpr/myLab6/myLab6.srcs/sources_1/new/hex7seg.v:23]
INFO: [Synth 8-6155] done synthesizing module 'hex7seg' (14#1) [C:/Users/James/Desktop/myLab6.xpr/myLab6/myLab6.srcs/sources_1/new/hex7seg.v:23]
WARNING: [Synth 8-689] width (7) of port connection 'o' does not match port width (8) of module 'm2_1x8' [C:/Users/James/Desktop/myLab6.xpr/myLab6/myLab6.srcs/sources_1/new/top_module.v:71]
INFO: [Synth 8-6157] synthesizing module 'lab6_clks' [C:/Users/James/Desktop/myLab6.xpr/myLab6/myLab6.srcs/sources_1/imports/Desktop/lab6_clks.v:24]
INFO: [Synth 8-6157] synthesizing module 'clk_wiz_0' [C:/Users/James/Desktop/myLab6.xpr/myLab6/myLab6.srcs/sources_1/imports/Desktop/lab6_clks.v:57]
INFO: [Synth 8-6157] synthesizing module 'IBUF' [C:/Users/James/.Xilinx/Vivado/2019.1/scripts/rt/data/unisim_comp.v:32856]
	Parameter CAPACITANCE bound to: DONT_CARE - type: string 
	Parameter IBUF_DELAY_VALUE bound to: 0 - type: string 
	Parameter IBUF_LOW_PWR bound to: TRUE - type: string 
	Parameter IFD_DELAY_VALUE bound to: AUTO - type: string 
	Parameter IOSTANDARD bound to: DEFAULT - type: string 
INFO: [Synth 8-6155] done synthesizing module 'IBUF' (15#1) [C:/Users/James/.Xilinx/Vivado/2019.1/scripts/rt/data/unisim_comp.v:32856]
INFO: [Synth 8-6157] synthesizing module 'MMCME2_ADV' [C:/Users/James/.Xilinx/Vivado/2019.1/scripts/rt/data/unisim_comp.v:39813]
	Parameter BANDWIDTH bound to: OPTIMIZED - type: string 
	Parameter CLKFBOUT_MULT_F bound to: 9.125000 - type: float 
	Parameter CLKFBOUT_PHASE bound to: 0.000000 - type: float 
	Parameter CLKFBOUT_USE_FINE_PS bound to: FALSE - type: string 
	Parameter CLKIN1_PERIOD bound to: 10.000000 - type: float 
	Parameter CLKIN2_PERIOD bound to: 0.000000 - type: float 
	Parameter CLKOUT0_DIVIDE_F bound to: 36.500000 - type: float 
	Parameter CLKOUT0_DUTY_CYCLE bound to: 0.500000 - type: float 
	Parameter CLKOUT0_PHASE bound to: 0.000000 - type: float 
	Parameter CLKOUT0_USE_FINE_PS bound to: FALSE - type: string 
	Parameter CLKOUT1_DIVIDE bound to: 1 - type: integer 
	Parameter CLKOUT1_DUTY_CYCLE bound to: 0.500000 - type: float 
	Parameter CLKOUT1_PHASE bound to: 0.000000 - type: float 
	Parameter CLKOUT1_USE_FINE_PS bound to: FALSE - type: string 
	Parameter CLKOUT2_DIVIDE bound to: 1 - type: integer 
	Parameter CLKOUT2_DUTY_CYCLE bound to: 0.500000 - type: float 
	Parameter CLKOUT2_PHASE bound to: 0.000000 - type: float 
	Parameter CLKOUT2_USE_FINE_PS bound to: FALSE - type: string 
	Parameter CLKOUT3_DIVIDE bound to: 1 - type: integer 
	Parameter CLKOUT3_DUTY_CYCLE bound to: 0.500000 - type: float 
	Parameter CLKOUT3_PHASE bound to: 0.000000 - type: float 
	Parameter CLKOUT3_USE_FINE_PS bound to: FALSE - type: string 
	Parameter CLKOUT4_CASCADE bound to: FALSE - type: string 
	Parameter CLKOUT4_DIVIDE bound to: 1 - type: integer 
	Parameter CLKOUT4_DUTY_CYCLE bound to: 0.500000 - type: float 
	Parameter CLKOUT4_PHASE bound to: 0.000000 - type: float 
	Parameter CLKOUT4_USE_FINE_PS bound to: FALSE - type: string 
	Parameter CLKOUT5_DIVIDE bound to: 1 - type: integer 
	Parameter CLKOUT5_DUTY_CYCLE bound to: 0.500000 - type: float 
	Parameter CLKOUT5_PHASE bound to: 0.000000 - type: float 
	Parameter CLKOUT5_USE_FINE_PS bound to: FALSE - type: string 
	Parameter CLKOUT6_DIVIDE bound to: 1 - type: integer 
	Parameter CLKOUT6_DUTY_CYCLE bound to: 0.500000 - type: float 
	Parameter CLKOUT6_PHASE bound to: 0.000000 - type: float 
	Parameter CLKOUT6_USE_FINE_PS bound to: FALSE - type: string 
	Parameter COMPENSATION bound to: ZHOLD - type: string 
	Parameter DIVCLK_DIVIDE bound to: 1 - type: integer 
	Parameter IS_CLKINSEL_INVERTED bound to: 1'b0 
	Parameter IS_PSEN_INVERTED bound to: 1'b0 
	Parameter IS_PSINCDEC_INVERTED bound to: 1'b0 
	Parameter IS_PWRDWN_INVERTED bound to: 1'b0 
	Parameter IS_RST_INVERTED bound to: 1'b0 
	Parameter REF_JITTER1 bound to: 0.010000 - type: float 
	Parameter REF_JITTER2 bound to: 0.010000 - type: float 
	Parameter SS_EN bound to: FALSE - type: string 
	Parameter SS_MODE bound to: CENTER_HIGH - type: string 
	Parameter SS_MOD_PERIOD bound to: 10000 - type: integer 
	Parameter STARTUP_WAIT bound to: FALSE - type: string 
INFO: [Synth 8-6155] done synthesizing module 'MMCME2_ADV' (16#1) [C:/Users/James/.Xilinx/Vivado/2019.1/scripts/rt/data/unisim_comp.v:39813]
INFO: [Synth 8-6157] synthesizing module 'BUFG' [C:/Users/James/.Xilinx/Vivado/2019.1/scripts/rt/data/unisim_comp.v:1075]
INFO: [Synth 8-6155] done synthesizing module 'BUFG' (17#1) [C:/Users/James/.Xilinx/Vivado/2019.1/scripts/rt/data/unisim_comp.v:1075]
INFO: [Synth 8-6155] done synthesizing module 'clk_wiz_0' (18#1) [C:/Users/James/Desktop/myLab6.xpr/myLab6/myLab6.srcs/sources_1/imports/Desktop/lab6_clks.v:57]
INFO: [Synth 8-6157] synthesizing module 'clkcntrl4' [C:/Users/James/Desktop/myLab6.xpr/myLab6/myLab6.srcs/sources_1/imports/Desktop/lab6_clks.v:190]
INFO: [Synth 8-6157] synthesizing module 'GND' [C:/Users/James/.Xilinx/Vivado/2019.1/scripts/rt/data/unisim_comp.v:14643]
INFO: [Synth 8-6155] done synthesizing module 'GND' (19#1) [C:/Users/James/.Xilinx/Vivado/2019.1/scripts/rt/data/unisim_comp.v:14643]
INFO: [Synth 8-6157] synthesizing module 'CB4CE_MXILINX_clkcntrl4' [C:/Users/James/Desktop/myLab6.xpr/myLab6/myLab6.srcs/sources_1/imports/Desktop/lab6_clks.v:328]
INFO: [Synth 8-6157] synthesizing module 'FTCE_MXILINX_clkcntrl4' [C:/Users/James/Desktop/myLab6.xpr/myLab6/myLab6.srcs/sources_1/imports/Desktop/lab6_clks.v:298]
	Parameter INIT bound to: 1'b0 
INFO: [Synth 8-6157] synthesizing module 'XOR2' [C:/Users/James/.Xilinx/Vivado/2019.1/scripts/rt/data/unisim_comp.v:81988]
INFO: [Synth 8-6155] done synthesizing module 'XOR2' (20#1) [C:/Users/James/.Xilinx/Vivado/2019.1/scripts/rt/data/unisim_comp.v:81988]
INFO: [Synth 8-6157] synthesizing module 'FDCE' [C:/Users/James/.Xilinx/Vivado/2019.1/scripts/rt/data/unisim_comp.v:13448]
	Parameter INIT bound to: 1'b0 
	Parameter IS_CLR_INVERTED bound to: 1'b0 
	Parameter IS_C_INVERTED bound to: 1'b0 
	Parameter IS_D_INVERTED bound to: 1'b0 
INFO: [Synth 8-6155] done synthesizing module 'FDCE' (21#1) [C:/Users/James/.Xilinx/Vivado/2019.1/scripts/rt/data/unisim_comp.v:13448]
INFO: [Synth 8-6155] done synthesizing module 'FTCE_MXILINX_clkcntrl4' (22#1) [C:/Users/James/Desktop/myLab6.xpr/myLab6/myLab6.srcs/sources_1/imports/Desktop/lab6_clks.v:298]
INFO: [Synth 8-6157] synthesizing module 'AND4' [C:/Users/James/.Xilinx/Vivado/2019.1/scripts/rt/data/unisim_comp.v:562]
INFO: [Synth 8-6155] done synthesizing module 'AND4' (23#1) [C:/Users/James/.Xilinx/Vivado/2019.1/scripts/rt/data/unisim_comp.v:562]
INFO: [Synth 8-6157] synthesizing module 'AND3' [C:/Users/James/.Xilinx/Vivado/2019.1/scripts/rt/data/unisim_comp.v:514]
INFO: [Synth 8-6155] done synthesizing module 'AND3' (24#1) [C:/Users/James/.Xilinx/Vivado/2019.1/scripts/rt/data/unisim_comp.v:514]
INFO: [Synth 8-6157] synthesizing module 'AND2' [C:/Users/James/.Xilinx/Vivado/2019.1/scripts/rt/data/unisim_comp.v:466]
INFO: [Synth 8-6155] done synthesizing module 'AND2' (25#1) [C:/Users/James/.Xilinx/Vivado/2019.1/scripts/rt/data/unisim_comp.v:466]
INFO: [Synth 8-6157] synthesizing module 'VCC' [C:/Users/James/.Xilinx/Vivado/2019.1/scripts/rt/data/unisim_comp.v:81391]
INFO: [Synth 8-6155] done synthesizing module 'VCC' (26#1) [C:/Users/James/.Xilinx/Vivado/2019.1/scripts/rt/data/unisim_comp.v:81391]
INFO: [Synth 8-6155] done synthesizing module 'CB4CE_MXILINX_clkcntrl4' (27#1) [C:/Users/James/Desktop/myLab6.xpr/myLab6/myLab6.srcs/sources_1/imports/Desktop/lab6_clks.v:328]
INFO: [Synth 8-6157] synthesizing module 'BUF' [C:/Users/James/.Xilinx/Vivado/2019.1/scripts/rt/data/unisim_comp.v:1021]
INFO: [Synth 8-6155] done synthesizing module 'BUF' (28#1) [C:/Users/James/.Xilinx/Vivado/2019.1/scripts/rt/data/unisim_comp.v:1021]
INFO: [Synth 8-6155] done synthesizing module 'clkcntrl4' (29#1) [C:/Users/James/Desktop/myLab6.xpr/myLab6/myLab6.srcs/sources_1/imports/Desktop/lab6_clks.v:190]
WARNING: [Synth 8-4446] all outputs are unconnected for this instance and logic may be removed [C:/Users/James/Desktop/myLab6.xpr/myLab6/myLab6.srcs/sources_1/imports/Desktop/lab6_clks.v:40]
INFO: [Synth 8-6157] synthesizing module 'STARTUPE2' [C:/Users/James/.Xilinx/Vivado/2019.1/scripts/rt/data/unisim_comp.v:77870]
	Parameter PROG_USR bound to: FALSE - type: string 
	Parameter SIM_CCLK_FREQ bound to: 0.000000 - type: float 
INFO: [Synth 8-6155] done synthesizing module 'STARTUPE2' (30#1) [C:/Users/James/.Xilinx/Vivado/2019.1/scripts/rt/data/unisim_comp.v:77870]
INFO: [Synth 8-6155] done synthesizing module 'lab6_clks' (31#1) [C:/Users/James/Desktop/myLab6.xpr/myLab6/myLab6.srcs/sources_1/imports/Desktop/lab6_clks.v:24]
WARNING: [Synth 8-7023] instance 'slowit' of module 'lab6_clks' has 6 connections declared, but only 5 given [C:/Users/James/Desktop/myLab6.xpr/myLab6/myLab6.srcs/sources_1/new/top_module.v:73]
INFO: [Synth 8-6155] done synthesizing module 'top_module' (32#1) [C:/Users/James/Desktop/myLab6.xpr/myLab6/myLab6.srcs/sources_1/new/top_module.v:23]
WARNING: [Synth 8-3917] design top_module has port led[14] driven by constant 0
WARNING: [Synth 8-3917] design top_module has port led[13] driven by constant 0
WARNING: [Synth 8-3917] design top_module has port led[12] driven by constant 0
WARNING: [Synth 8-3917] design top_module has port led[11] driven by constant 0
WARNING: [Synth 8-3917] design top_module has port led[10] driven by constant 0
WARNING: [Synth 8-3917] design top_module has port led[8] driven by constant 0
WARNING: [Synth 8-3917] design top_module has port led[7] driven by constant 0
WARNING: [Synth 8-3917] design top_module has port led[6] driven by constant 0
WARNING: [Synth 8-3917] design top_module has port led[5] driven by constant 0
WARNING: [Synth 8-3917] design top_module has port led[4] driven by constant 0
WARNING: [Synth 8-3917] design top_module has port led[3] driven by constant 0
WARNING: [Synth 8-3917] design top_module has port led[2] driven by constant 0
WARNING: [Synth 8-3917] design top_module has port led[1] driven by constant 0
WARNING: [Synth 8-3917] design top_module has port led[0] driven by constant 0
WARNING: [Synth 8-3917] design top_module has port dp driven by constant 1
---------------------------------------------------------------------------------
Finished RTL Elaboration : Time (s): cpu = 00:00:04 ; elapsed = 00:00:03 . Memory (MB): peak = 1203.121 ; gain = 247.438
---------------------------------------------------------------------------------

Report Check Netlist: 
+------+------------------+-------+---------+-------+------------------+
|      |Item              |Errors |Warnings |Status |Description       |
+------+------------------+-------+---------+-------+------------------+
|1     |multi_driven_nets |      0|        0|Passed |Multi driven nets |
+------+------------------+-------+---------+-------+------------------+
---------------------------------------------------------------------------------
Start Handling Custom Attributes
---------------------------------------------------------------------------------
---------------------------------------------------------------------------------
Finished Handling Custom Attributes : Time (s): cpu = 00:00:04 ; elapsed = 00:00:04 . Memory (MB): peak = 1203.121 ; gain = 247.438
---------------------------------------------------------------------------------
---------------------------------------------------------------------------------
Finished RTL Optimization Phase 1 : Time (s): cpu = 00:00:04 ; elapsed = 00:00:04 . Memory (MB): peak = 1203.121 ; gain = 247.438
---------------------------------------------------------------------------------
INFO: [Netlist 29-17] Analyzing 54 Unisim elements for replacement
INFO: [Netlist 29-28] Unisim Transformation completed in 0 CPU seconds
INFO: [Project 1-570] Preparing netlist for logic optimization
INFO: [Opt 31-140] Inserted 1 IBUFs to IO ports without IO buffers.
INFO: [Opt 31-141] Inserted 15 OBUFs to IO ports without IO buffers.

Processing XDC Constraints
Initializing timing engine
Parsing XDC File [C:/Users/James/Desktop/myLab6.xpr/myLab6/myLab6.srcs/constrs_1/imports/CSE100/Basys3_Master.xdc]
Finished Parsing XDC File [C:/Users/James/Desktop/myLab6.xpr/myLab6/myLab6.srcs/constrs_1/imports/CSE100/Basys3_Master.xdc]
Completed Processing XDC Constraints

INFO: [Opt 31-138] Pushed 0 inverter(s) to 0 load pin(s).
Netlist sorting complete. Time (s): cpu = 00:00:00 ; elapsed = 00:00:00 . Memory (MB): peak = 1331.246 ; gain = 0.000
INFO: [Project 1-111] Unisim Transformation Summary:
  A total of 52 instances were transformed.
  AND2 => LUT2: 12 instances
  AND3 => LUT3: 7 instances
  AND4 => LUT4: 6 instances
  BUF => LUT1: 3 instances
  XOR2 => LUT2: 24 instances

RTL Elaboration Complete:  : Time (s): cpu = 00:00:12 ; elapsed = 00:00:07 . Memory (MB): peak = 1332.188 ; gain = 376.504
74 Infos, 34 Warnings, 0 Critical Warnings and 0 Errors encountered.
synth_design completed successfully
synth_design: Time (s): cpu = 00:00:15 ; elapsed = 00:00:11 . Memory (MB): peak = 1332.188 ; gain = 576.914
launch_simulation
INFO: [Vivado 12-5682] Launching behavioral simulation in 'C:/Users/James/Desktop/myLab6.xpr/myLab6/myLab6.sim/sim_1/behav/xsim'
INFO: [SIM-utils-51] Simulation object is 'sim_1'
INFO: [SIM-utils-54] Inspecting design source files for 'lab6_toptestbench' in fileset 'sim_1'...
INFO: [USF-XSim-97] Finding global include files...
INFO: [USF-XSim-98] Fetching design files from 'sim_1'...
INFO: [USF-XSim-2] XSim::Compile design
INFO: [USF-XSim-61] Executing 'COMPILE and ANALYZE' step in 'C:/Users/James/Desktop/myLab6.xpr/myLab6/myLab6.sim/sim_1/behav/xsim'
"xvlog --incr --relax -prj lab6_toptestbench_vlog.prj"
INFO: [VRFC 10-2263] Analyzing Verilog file "C:/Users/James/Desktop/myLab6.xpr/myLab6/myLab6.srcs/sources_1/imports/Desktop/myLab3.xpr/myLab3/myLab3.srcs/sources_1/new/EightBitAdder.v" into library xil_defaultlib
INFO: [VRFC 10-311] analyzing module EightBitAdder
INFO: [VRFC 10-2263] Analyzing Verilog file "C:/Users/James/Desktop/myLab6.xpr/myLab6/myLab6.srcs/sources_1/imports/Desktop/myLab3.xpr/myLab3/myLab3.srcs/sources_1/new/FullAdder.v" into library xil_defaultlib
INFO: [VRFC 10-311] analyzing module FullAdder
INFO: [VRFC 10-2263] Analyzing Verilog file "C:/Users/James/Desktop/myLab6.xpr/myLab6/myLab6.srcs/sources_1/imports/Desktop/myLab3.xpr/myLab3/myLab3.srcs/sources_1/new/Incrementer.v" into library xil_defaultlib
INFO: [VRFC 10-311] analyzing module Incrementer
INFO: [VRFC 10-2263] Analyzing Verilog file "C:/Users/James/Desktop/myLab6.xpr/myLab6/myLab6.srcs/sources_1/new/OneSecCounter.v" into library xil_defaultlib
INFO: [VRFC 10-311] analyzing module OneSecCounter
INFO: [VRFC 10-2263] Analyzing Verilog file "C:/Users/James/Desktop/myLab6.xpr/myLab6/myLab6.srcs/sources_1/new/RingCounter.v" into library xil_defaultlib
INFO: [VRFC 10-311] analyzing module RingCounter
INFO: [VRFC 10-2263] Analyzing Verilog file "C:/Users/James/Desktop/myLab6.xpr/myLab6/myLab6.srcs/sources_1/new/Selector.v" into library xil_defaultlib
INFO: [VRFC 10-311] analyzing module Selector
INFO: [VRFC 10-2263] Analyzing Verilog file "C:/Users/James/Desktop/myLab6.xpr/myLab6/myLab6.srcs/sources_1/new/StateMachine.v" into library xil_defaultlib
INFO: [VRFC 10-311] analyzing module StateMachine
INFO: [VRFC 10-2263] Analyzing Verilog file "C:/Users/James/Desktop/myLab6.xpr/myLab6/myLab6.srcs/sources_1/new/TimeCounter.v" into library xil_defaultlib
INFO: [VRFC 10-311] analyzing module TimeCounter
INFO: [VRFC 10-2263] Analyzing Verilog file "C:/Users/James/Desktop/myLab6.xpr/myLab6/myLab6.srcs/sources_1/new/TurkeyCounter.v" into library xil_defaultlib
INFO: [VRFC 10-311] analyzing module TurkeyCounter
INFO: [VRFC 10-2263] Analyzing Verilog file "C:/Users/James/Desktop/myLab6.xpr/myLab6/myLab6.srcs/sources_1/new/countUD4L.v" into library xil_defaultlib
INFO: [VRFC 10-311] analyzing module countUD4L
INFO: [VRFC 10-2263] Analyzing Verilog file "C:/Users/James/Desktop/myLab6.xpr/myLab6/myLab6.srcs/sources_1/new/hex7seg.v" into library xil_defaultlib
INFO: [VRFC 10-311] analyzing module hex7seg
INFO: [VRFC 10-2263] Analyzing Verilog file "C:/Users/James/Desktop/myLab6.xpr/myLab6/myLab6.srcs/sources_1/imports/Desktop/lab6_clks.v" into library xil_defaultlib
INFO: [VRFC 10-311] analyzing module lab6_clks
INFO: [VRFC 10-311] analyzing module clk_wiz_0
INFO: [VRFC 10-311] analyzing module clkcntrl4
INFO: [VRFC 10-2458] undeclared symbol XLXN_78, assumed default net type wire [C:/Users/James/Desktop/myLab6.xpr/myLab6/myLab6.srcs/sources_1/imports/Desktop/lab6_clks.v:247]
INFO: [VRFC 10-2458] undeclared symbol qsec0, assumed default net type wire [C:/Users/James/Desktop/myLab6.xpr/myLab6/myLab6.srcs/sources_1/imports/Desktop/lab6_clks.v:268]
INFO: [VRFC 10-2458] undeclared symbol qsec2, assumed default net type wire [C:/Users/James/Desktop/myLab6.xpr/myLab6/myLab6.srcs/sources_1/imports/Desktop/lab6_clks.v:269]
INFO: [VRFC 10-2458] undeclared symbol qsec3, assumed default net type wire [C:/Users/James/Desktop/myLab6.xpr/myLab6/myLab6.srcs/sources_1/imports/Desktop/lab6_clks.v:278]
INFO: [VRFC 10-311] analyzing module FTCE_MXILINX_clkcntrl4
INFO: [VRFC 10-311] analyzing module CB4CE_MXILINX_clkcntrl4
INFO: [VRFC 10-2263] Analyzing Verilog file "C:/Users/James/Desktop/myLab6.xpr/myLab6/myLab6.srcs/sources_1/imports/Desktop/myLab3.xpr/myLab3/myLab3.srcs/sources_1/new/m2_1x8.v" into library xil_defaultlib
INFO: [VRFC 10-311] analyzing module m2_1x8
INFO: [VRFC 10-2263] Analyzing Verilog file "C:/Users/James/Desktop/myLab6.xpr/myLab6/myLab6.srcs/sources_1/imports/Desktop/myLab3.xpr/myLab3/myLab3.srcs/sources_1/new/m4_1.v" into library xil_defaultlib
INFO: [VRFC 10-311] analyzing module m4_1
INFO: [VRFC 10-2263] Analyzing Verilog file "C:/Users/James/Desktop/myLab6.xpr/myLab6/myLab6.srcs/sources_1/new/top_module.v" into library xil_defaultlib
INFO: [VRFC 10-311] analyzing module top_module
INFO: [VRFC 10-2263] Analyzing Verilog file "C:/Users/James/Desktop/myLab6.xpr/myLab6/myLab6.srcs/sim_1/new/lab6_toptestbench.v" into library xil_defaultlib
INFO: [VRFC 10-311] analyzing module lab6_toptestbench
INFO: [VRFC 10-311] analyzing module show_7segDisplay
INFO: [VRFC 10-2263] Analyzing Verilog file "C:/Users/James/Desktop/myLab6.xpr/myLab6/myLab6.sim/sim_1/behav/xsim/glbl.v" into library xil_defaultlib
INFO: [VRFC 10-311] analyzing module glbl
INFO: [USF-XSim-69] 'compile' step finished in '3' seconds
INFO: [USF-XSim-3] XSim::Elaborate design
INFO: [USF-XSim-61] Executing 'ELABORATE' step in 'C:/Users/James/Desktop/myLab6.xpr/myLab6/myLab6.sim/sim_1/behav/xsim'
"xelab -wto 53a3363892a44dff9cc7eb2d15cbda13 --incr --debug typical --relax --mt 2 -L xil_defaultlib -L unisims_ver -L unimacro_ver -L secureip --snapshot lab6_toptestbench_behav xil_defaultlib.lab6_toptestbench xil_defaultlib.glbl -log elaborate.log"
Vivado Simulator 2019.1
Copyright 1986-1999, 2001-2019 Xilinx, Inc. All Rights Reserved.
Running: C:/Users/James/.Xilinx/Vivado/2019.1/bin/unwrapped/win64.o/xelab.exe -wto 53a3363892a44dff9cc7eb2d15cbda13 --incr --debug typical --relax --mt 2 -L xil_defaultlib -L unisims_ver -L unimacro_ver -L secureip --snapshot lab6_toptestbench_behav xil_defaultlib.lab6_toptestbench xil_defaultlib.glbl -log elaborate.log 
Using 2 slave threads.
Starting static elaboration
WARNING: [VRFC 10-3091] actual bit length 7 differs from formal bit length 8 for port 'o' [C:/Users/James/Desktop/myLab6.xpr/myLab6/myLab6.srcs/sources_1/new/top_module.v:71]
Completed static elaboration
Starting simulation data flow analysis
Completed simulation data flow analysis
Time Resolution for simulation is 1ps
Compiling module unisims_ver.FDRE(INIT=1'b1)
Compiling module unisims_ver.FDRE_default
Compiling module xil_defaultlib.StateMachine
Compiling module xil_defaultlib.countUD4L
Compiling module xil_defaultlib.TurkeyCounter
Compiling module xil_defaultlib.m4_1
Compiling module xil_defaultlib.FullAdder
Compiling module xil_defaultlib.EightBitAdder
Compiling module xil_defaultlib.Incrementer
Compiling module xil_defaultlib.m2_1x8
Compiling module xil_defaultlib.OneSecCounter
Compiling module xil_defaultlib.TimeCounter
Compiling module xil_defaultlib.RingCounter
Compiling module xil_defaultlib.Selector
Compiling module xil_defaultlib.hex7seg
Compiling module unisims_ver.IBUF
Compiling module unisims_ver.MMCME2_ADV(CLKFBOUT_MULT_F=9.125...
Compiling module unisims_ver.BUFG
Compiling module xil_defaultlib.clk_wiz_0
Compiling module unisims_ver.GND
Compiling module unisims_ver.x_lut2_mux4
Compiling module unisims_ver.LUT2
Compiling module unisims_ver.XOR2
Compiling module unisims_ver.FDCE_default
Compiling module xil_defaultlib.FTCE_MXILINX_clkcntrl4
Compiling module unisims_ver.LUT4
Compiling module unisims_ver.AND4
Compiling module unisims_ver.x_lut3_mux8
Compiling module unisims_ver.LUT3
Compiling module unisims_ver.AND3
Compiling module unisims_ver.AND2
Compiling module unisims_ver.VCC
Compiling module xil_defaultlib.CB4CE_MXILINX_clkcntrl4
Compiling module unisims_ver.BUF
Compiling module xil_defaultlib.clkcntrl4
Compiling module unisims_ver.STARTUPE2
Compiling module xil_defaultlib.lab6_clks
Compiling module xil_defaultlib.top_module
Compiling module xil_defaultlib.show_7segDisplay
Compiling module xil_defaultlib.lab6_toptestbench
Compiling module xil_defaultlib.glbl
Built simulation snapshot lab6_toptestbench_behav

****** Webtalk v2019.1 (64-bit)
  **** SW Build 2552052 on Fri May 24 14:49:42 MDT 2019
  **** IP Build 2548770 on Fri May 24 18:01:18 MDT 2019
    ** Copyright 1986-2019 Xilinx, Inc. All Rights Reserved.

source C:/Users/James/Desktop/myLab6.xpr/myLab6/myLab6.sim/sim_1/behav/xsim/xsim.dir/lab6_toptestbench_behav/webtalk/xsim_webtalk.tcl -notrace
INFO: [Common 17-186] 'C:/Users/James/Desktop/myLab6.xpr/myLab6/myLab6.sim/sim_1/behav/xsim/xsim.dir/lab6_toptestbench_behav/webtalk/usage_statistics_ext_xsim.xml' has been successfully sent to Xilinx on Wed Nov 10 17:46:14 2021. For additional details about this file, please refer to the WebTalk help file at C:/Users/James/.Xilinx/Vivado/2019.1/doc/webtalk_introduction.html.
INFO: [Common 17-206] Exiting Webtalk at Wed Nov 10 17:46:14 2021...
run_program: Time (s): cpu = 00:00:01 ; elapsed = 00:00:06 . Memory (MB): peak = 1661.129 ; gain = 0.000
INFO: [USF-XSim-69] 'elaborate' step finished in '6' seconds
INFO: [USF-XSim-4] XSim::Simulate design
INFO: [USF-XSim-61] Executing 'SIMULATE' step in 'C:/Users/James/Desktop/myLab6.xpr/myLab6/myLab6.sim/sim_1/behav/xsim'
INFO: [USF-XSim-98] *** Running xsim
   with args "lab6_toptestbench_behav -key {Behavioral:sim_1:Functional:lab6_toptestbench} -tclbatch {lab6_toptestbench.tcl} -view {C:/Users/James/Desktop/myLab6.xpr/myLab6/myLab6.srcs/sim_1/imports/myLab6/lab6_toptestbench_behav.wcfg} -log {simulate.log}"
INFO: [USF-XSim-8] Loading simulator feature
Vivado Simulator 2019.1
Time resolution is 1 ps
open_wave_config C:/Users/James/Desktop/myLab6.xpr/myLab6/myLab6.srcs/sim_1/imports/myLab6/lab6_toptestbench_behav.wcfg
source lab6_toptestbench.tcl
# set curr_wave [current_wave_config]
# if { [string length $curr_wave] == 0 } {
#   if { [llength [get_objects]] > 0} {
#     add_wave /
#     set_property needs_save false [current_wave_config]
#   } else {
#      send_msg_id Add_Wave-1 WARNING "No top level signals found. Simulator will start without a wave window. If you want to open a wave window go to 'File->New Waveform Configuration' or type 'create_wave_config' in the TCL console."
#   }
# }
# run 1000ns
INFO: [USF-XSim-96] XSim completed. Design snapshot 'lab6_toptestbench_behav' loaded.
INFO: [USF-XSim-97] XSim simulation ran for 1000ns
launch_simulation: Time (s): cpu = 00:00:06 ; elapsed = 00:00:14 . Memory (MB): peak = 1661.129 ; gain = 0.000
run 10 us
close_sim
INFO: [Simtcl 6-16] Simulation closed
set_property is_enabled false [get_files  C:/Users/James/Desktop/myLab6.xpr/myLab6/myLab6.srcs/sim_1/imports/myLab6/lab6_toptestbench_behav.wcfg]
set_property is_enabled true [get_files  C:/Users/James/Desktop/myLab6.xpr/myLab6/myLab6.srcs/sim_1/imports/myLab6/lab6_SMtestbench_behav.wcfg]
set_property top lab6_SMtestbench [get_filesets sim_1]
set_property top_lib xil_defaultlib [get_filesets sim_1]
update_compile_order -fileset sim_1
launch_simulation
INFO: [Vivado 12-5682] Launching behavioral simulation in 'C:/Users/James/Desktop/myLab6.xpr/myLab6/myLab6.sim/sim_1/behav/xsim'
INFO: [SIM-utils-51] Simulation object is 'sim_1'
INFO: [SIM-utils-54] Inspecting design source files for 'lab6_SMtestbench' in fileset 'sim_1'...
INFO: [USF-XSim-97] Finding global include files...
INFO: [USF-XSim-98] Fetching design files from 'sim_1'...
INFO: [USF-XSim-2] XSim::Compile design
INFO: [USF-XSim-61] Executing 'COMPILE and ANALYZE' step in 'C:/Users/James/Desktop/myLab6.xpr/myLab6/myLab6.sim/sim_1/behav/xsim'
"xvlog --incr --relax -prj lab6_SMtestbench_vlog.prj"
INFO: [VRFC 10-2263] Analyzing Verilog file "C:/Users/James/Desktop/myLab6.xpr/myLab6/myLab6.srcs/sources_1/new/StateMachine.v" into library xil_defaultlib
INFO: [VRFC 10-311] analyzing module StateMachine
INFO: [VRFC 10-2263] Analyzing Verilog file "C:/Users/James/Desktop/myLab6.xpr/myLab6/myLab6.srcs/sim_1/new/lab6_SMtestbench.v" into library xil_defaultlib
INFO: [VRFC 10-311] analyzing module lab6_SMtestbench
INFO: [USF-XSim-69] 'compile' step finished in '1' seconds
INFO: [USF-XSim-3] XSim::Elaborate design
INFO: [USF-XSim-61] Executing 'ELABORATE' step in 'C:/Users/James/Desktop/myLab6.xpr/myLab6/myLab6.sim/sim_1/behav/xsim'
"xelab -wto 53a3363892a44dff9cc7eb2d15cbda13 --incr --debug typical --relax --mt 2 -L xil_defaultlib -L unisims_ver -L unimacro_ver -L secureip --snapshot lab6_SMtestbench_behav xil_defaultlib.lab6_SMtestbench xil_defaultlib.glbl -log elaborate.log"
Vivado Simulator 2019.1
Copyright 1986-1999, 2001-2019 Xilinx, Inc. All Rights Reserved.
Running: C:/Users/James/.Xilinx/Vivado/2019.1/bin/unwrapped/win64.o/xelab.exe -wto 53a3363892a44dff9cc7eb2d15cbda13 --incr --debug typical --relax --mt 2 -L xil_defaultlib -L unisims_ver -L unimacro_ver -L secureip --snapshot lab6_SMtestbench_behav xil_defaultlib.lab6_SMtestbench xil_defaultlib.glbl -log elaborate.log 
Using 2 slave threads.
Starting static elaboration
Completed static elaboration
Starting simulation data flow analysis
Completed simulation data flow analysis
Time Resolution for simulation is 1ps
Compiling module unisims_ver.FDRE(INIT=1'b1)
Compiling module unisims_ver.FDRE_default
Compiling module xil_defaultlib.StateMachine
Compiling module xil_defaultlib.lab6_SMtestbench
Compiling module xil_defaultlib.glbl
Built simulation snapshot lab6_SMtestbench_behav

****** Webtalk v2019.1 (64-bit)
  **** SW Build 2552052 on Fri May 24 14:49:42 MDT 2019
  **** IP Build 2548770 on Fri May 24 18:01:18 MDT 2019
    ** Copyright 1986-2019 Xilinx, Inc. All Rights Reserved.

source C:/Users/James/Desktop/myLab6.xpr/myLab6/myLab6.sim/sim_1/behav/xsim/xsim.dir/lab6_SMtestbench_behav/webtalk/xsim_webtalk.tcl -notrace
INFO: [Common 17-186] 'C:/Users/James/Desktop/myLab6.xpr/myLab6/myLab6.sim/sim_1/behav/xsim/xsim.dir/lab6_SMtestbench_behav/webtalk/usage_statistics_ext_xsim.xml' has been successfully sent to Xilinx on Wed Nov 10 17:50:39 2021. For additional details about this file, please refer to the WebTalk help file at C:/Users/James/.Xilinx/Vivado/2019.1/doc/webtalk_introduction.html.
INFO: [Common 17-206] Exiting Webtalk at Wed Nov 10 17:50:39 2021...
INFO: [USF-XSim-69] 'elaborate' step finished in '4' seconds
INFO: [USF-XSim-4] XSim::Simulate design
INFO: [USF-XSim-61] Executing 'SIMULATE' step in 'C:/Users/James/Desktop/myLab6.xpr/myLab6/myLab6.sim/sim_1/behav/xsim'
INFO: [USF-XSim-98] *** Running xsim
   with args "lab6_SMtestbench_behav -key {Behavioral:sim_1:Functional:lab6_SMtestbench} -tclbatch {lab6_SMtestbench.tcl} -view {C:/Users/James/Desktop/myLab6.xpr/myLab6/myLab6.srcs/sim_1/imports/myLab6/lab6_SMtestbench_behav.wcfg} -log {simulate.log}"
INFO: [USF-XSim-8] Loading simulator feature
Vivado Simulator 2019.1
Time resolution is 1 ps
open_wave_config C:/Users/James/Desktop/myLab6.xpr/myLab6/myLab6.srcs/sim_1/imports/myLab6/lab6_SMtestbench_behav.wcfg
source lab6_SMtestbench.tcl
# set curr_wave [current_wave_config]
# if { [string length $curr_wave] == 0 } {
#   if { [llength [get_objects]] > 0} {
#     add_wave /
#     set_property needs_save false [current_wave_config]
#   } else {
#      send_msg_id Add_Wave-1 WARNING "No top level signals found. Simulator will start without a wave window. If you want to open a wave window go to 'File->New Waveform Configuration' or type 'create_wave_config' in the TCL console."
#   }
# }
# run 1000ns
INFO: [USF-XSim-96] XSim completed. Design snapshot 'lab6_SMtestbench_behav' loaded.
INFO: [USF-XSim-97] XSim simulation ran for 1000ns
launch_simulation: Time (s): cpu = 00:00:03 ; elapsed = 00:00:08 . Memory (MB): peak = 1661.129 ; gain = 0.000
close_sim
INFO: [Simtcl 6-16] Simulation closed
exit
INFO: [Common 17-206] Exiting Vivado at Wed Nov 10 17:52:05 2021...
