#-----------------------------------------------------------
# Vivado v2019.1 (64-bit)
# SW Build 2552052 on Fri May 24 14:49:42 MDT 2019
# IP Build 2548770 on Fri May 24 18:01:18 MDT 2019
# Start of session at: Sun Nov 14 21:18:31 2021
# Process ID: 7240
# Current directory: C:/Users/James/Desktop/CSE100/Labs/myLab6.xpr/myLab6
# Command line: vivado.exe -gui_launcher_event rodinguilauncherevent13844 C:\Users\James\Desktop\CSE100\Labs\myLab6.xpr\myLab6\myLab6.xpr
# Log file: C:/Users/James/Desktop/CSE100/Labs/myLab6.xpr/myLab6/vivado.log
# Journal file: C:/Users/James/Desktop/CSE100/Labs/myLab6.xpr/myLab6\vivado.jou
#-----------------------------------------------------------
start_gui
open_project C:/Users/James/Desktop/CSE100/Labs/myLab6.xpr/myLab6/myLab6.xpr
INFO: [Project 1-313] Project file moved from 'C:/Users/James/Desktop/myLab6.xpr/myLab6' since last save.
Scanning sources...
Finished scanning sources
INFO: [IP_Flow 19-234] Refreshing IP repositories
INFO: [IP_Flow 19-1704] No user IP repositories specified
INFO: [IP_Flow 19-2313] Loaded Vivado IP repository 'C:/Users/James/.Xilinx/Vivado/2019.1/data/ip'.
open_project: Time (s): cpu = 00:00:10 ; elapsed = 00:00:05 . Memory (MB): peak = 681.543 ; gain = 78.793
update_compile_order -fileset sources_1
exit
INFO: [Common 17-206] Exiting Vivado at Sun Nov 14 21:19:55 2021...
