#-----------------------------------------------------------
# Vivado v2019.1 (64-bit)
# SW Build 2552052 on Fri May 24 14:49:42 MDT 2019
# IP Build 2548770 on Fri May 24 18:01:18 MDT 2019
# Start of session at: Tue Nov  9 19:41:28 2021
# Process ID: 13988
# Current directory: C:/Users/James/Desktop/myLab6.xpr/myLab6
# Command line: vivado.exe -gui_launcher_event rodinguilauncherevent11940 C:\Users\James\Desktop\myLab6.xpr\myLab6\myLab6.xpr
# Log file: C:/Users/James/Desktop/myLab6.xpr/myLab6/vivado.log
# Journal file: C:/Users/James/Desktop/myLab6.xpr/myLab6\vivado.jou
#-----------------------------------------------------------
start_gui
open_project C:/Users/James/Desktop/myLab6.xpr/myLab6/myLab6.xpr
INFO: [Project 1-313] Project file moved from 'C:/Users/James/Desktop/myLab6.xpr/myLab6/.Xil/Vivado-10344-DESKTOP-IE1ITJ6/PrjAr/_X_' since last save.
Scanning sources...
Finished scanning sources
INFO: [IP_Flow 19-234] Refreshing IP repositories
INFO: [IP_Flow 19-1704] No user IP repositories specified
INFO: [IP_Flow 19-2313] Loaded Vivado IP repository 'C:/Users/James/.Xilinx/Vivado/2019.1/data/ip'.
update_compile_order -fileset sources_1
launch_simulation
INFO: [Vivado 12-5682] Launching behavioral simulation in 'C:/Users/James/Desktop/myLab6.xpr/myLab6/myLab6.sim/sim_1/behav/xsim'
INFO: [SIM-utils-51] Simulation object is 'sim_1'
INFO: [SIM-utils-54] Inspecting design source files for 'lab6_toptestbench' in fileset 'sim_1'...
INFO: [USF-XSim-97] Finding global include files...
INFO: [USF-XSim-98] Fetching design files from 'sim_1'...
INFO: [USF-XSim-2] XSim::Compile design
INFO: [USF-XSim-61] Executing 'COMPILE and ANALYZE' step in 'C:/Users/James/Desktop/myLab6.xpr/myLab6/myLab6.sim/sim_1/behav/xsim'
"xvlog --incr --relax -prj lab6_toptestbench_vlog.prj"
INFO: [VRFC 10-2263] Analyzing Verilog file "C:/Users/James/Desktop/myLab6.xpr/myLab6/myLab6.srcs/sources_1/imports/Desktop/myLab3.xpr/myLab3/myLab3.srcs/sources_1/new/EightBitAdder.v" into library xil_defaultlib
INFO: [VRFC 10-311] analyzing module EightBitAdder
INFO: [VRFC 10-2263] Analyzing Verilog file "C:/Users/James/Desktop/myLab6.xpr/myLab6/myLab6.srcs/sources_1/imports/Desktop/myLab3.xpr/myLab3/myLab3.srcs/sources_1/new/FullAdder.v" into library xil_defaultlib
INFO: [VRFC 10-311] analyzing module FullAdder
INFO: [VRFC 10-2263] Analyzing Verilog file "C:/Users/James/Desktop/myLab6.xpr/myLab6/myLab6.srcs/sources_1/imports/Desktop/myLab3.xpr/myLab3/myLab3.srcs/sources_1/new/Incrementer.v" into library xil_defaultlib
INFO: [VRFC 10-311] analyzing module Incrementer
INFO: [VRFC 10-2263] Analyzing Verilog file "C:/Users/James/Desktop/myLab6.xpr/myLab6/myLab6.srcs/sources_1/new/RingCounter.v" into library xil_defaultlib
INFO: [VRFC 10-311] analyzing module RingCounter
INFO: [VRFC 10-2263] Analyzing Verilog file "C:/Users/James/Desktop/myLab6.xpr/myLab6/myLab6.srcs/sources_1/new/Selector.v" into library xil_defaultlib
INFO: [VRFC 10-311] analyzing module Selector
INFO: [VRFC 10-2263] Analyzing Verilog file "C:/Users/James/Desktop/myLab6.xpr/myLab6/myLab6.srcs/sources_1/new/StateMachine.v" into library xil_defaultlib
INFO: [VRFC 10-311] analyzing module StateMachine
INFO: [VRFC 10-2263] Analyzing Verilog file "C:/Users/James/Desktop/myLab6.xpr/myLab6/myLab6.srcs/sources_1/new/TimeCounter.v" into library xil_defaultlib
INFO: [VRFC 10-311] analyzing module TimeCounter
INFO: [VRFC 10-2263] Analyzing Verilog file "C:/Users/James/Desktop/myLab6.xpr/myLab6/myLab6.srcs/sources_1/new/TurkeyCounter.v" into library xil_defaultlib
INFO: [VRFC 10-311] analyzing module TurkeyCounter
INFO: [VRFC 10-2263] Analyzing Verilog file "C:/Users/James/Desktop/myLab6.xpr/myLab6/myLab6.srcs/sources_1/new/countUD4L.v" into library xil_defaultlib
INFO: [VRFC 10-311] analyzing module countUD4L
INFO: [VRFC 10-2263] Analyzing Verilog file "C:/Users/James/Desktop/myLab6.xpr/myLab6/myLab6.srcs/sources_1/new/hex7seg.v" into library xil_defaultlib
INFO: [VRFC 10-311] analyzing module hex7seg
INFO: [VRFC 10-2263] Analyzing Verilog file "C:/Users/James/Desktop/myLab6.xpr/myLab6/myLab6.srcs/sources_1/imports/Desktop/lab6_clks.v" into library xil_defaultlib
INFO: [VRFC 10-311] analyzing module lab6_clks
INFO: [VRFC 10-311] analyzing module clk_wiz_0
INFO: [VRFC 10-311] analyzing module clkcntrl4
INFO: [VRFC 10-2458] undeclared symbol XLXN_78, assumed default net type wire [C:/Users/James/Desktop/myLab6.xpr/myLab6/myLab6.srcs/sources_1/imports/Desktop/lab6_clks.v:247]
INFO: [VRFC 10-2458] undeclared symbol qsec0, assumed default net type wire [C:/Users/James/Desktop/myLab6.xpr/myLab6/myLab6.srcs/sources_1/imports/Desktop/lab6_clks.v:268]
INFO: [VRFC 10-2458] undeclared symbol qsec2, assumed default net type wire [C:/Users/James/Desktop/myLab6.xpr/myLab6/myLab6.srcs/sources_1/imports/Desktop/lab6_clks.v:269]
INFO: [VRFC 10-2458] undeclared symbol qsec3, assumed default net type wire [C:/Users/James/Desktop/myLab6.xpr/myLab6/myLab6.srcs/sources_1/imports/Desktop/lab6_clks.v:278]
INFO: [VRFC 10-311] analyzing module FTCE_MXILINX_clkcntrl4
INFO: [VRFC 10-311] analyzing module CB4CE_MXILINX_clkcntrl4
INFO: [VRFC 10-2263] Analyzing Verilog file "C:/Users/James/Desktop/myLab6.xpr/myLab6/myLab6.srcs/sources_1/imports/Desktop/myLab3.xpr/myLab3/myLab3.srcs/sources_1/new/m2_1x8.v" into library xil_defaultlib
INFO: [VRFC 10-311] analyzing module m2_1x8
INFO: [VRFC 10-2263] Analyzing Verilog file "C:/Users/James/Desktop/myLab6.xpr/myLab6/myLab6.srcs/sources_1/imports/Desktop/myLab3.xpr/myLab3/myLab3.srcs/sources_1/new/m4_1.v" into library xil_defaultlib
INFO: [VRFC 10-311] analyzing module m4_1
INFO: [VRFC 10-2263] Analyzing Verilog file "C:/Users/James/Desktop/myLab6.xpr/myLab6/myLab6.srcs/sources_1/new/top_module.v" into library xil_defaultlib
INFO: [VRFC 10-311] analyzing module top_module
INFO: [VRFC 10-2263] Analyzing Verilog file "C:/Users/James/Desktop/myLab6.xpr/myLab6/myLab6.srcs/sim_1/new/lab6_toptestbench.v" into library xil_defaultlib
INFO: [VRFC 10-311] analyzing module lab6_toptestbench
INFO: [VRFC 10-311] analyzing module show_7segDisplay
INFO: [VRFC 10-2263] Analyzing Verilog file "C:/Users/James/Desktop/myLab6.xpr/myLab6/myLab6.sim/sim_1/behav/xsim/glbl.v" into library xil_defaultlib
INFO: [VRFC 10-311] analyzing module glbl
INFO: [USF-XSim-69] 'compile' step finished in '3' seconds
INFO: [USF-XSim-3] XSim::Elaborate design
INFO: [USF-XSim-61] Executing 'ELABORATE' step in 'C:/Users/James/Desktop/myLab6.xpr/myLab6/myLab6.sim/sim_1/behav/xsim'
"xelab -wto 898d4c071ede4ab2b8ae6a95c6db8bff --incr --debug typical --relax --mt 2 -L xil_defaultlib -L unisims_ver -L unimacro_ver -L secureip --snapshot lab6_toptestbench_behav xil_defaultlib.lab6_toptestbench xil_defaultlib.glbl -log elaborate.log"
Vivado Simulator 2019.1
Copyright 1986-1999, 2001-2019 Xilinx, Inc. All Rights Reserved.
Running: C:/Users/James/.Xilinx/Vivado/2019.1/bin/unwrapped/win64.o/xelab.exe -wto 898d4c071ede4ab2b8ae6a95c6db8bff --incr --debug typical --relax --mt 2 -L xil_defaultlib -L unisims_ver -L unimacro_ver -L secureip --snapshot lab6_toptestbench_behav xil_defaultlib.lab6_toptestbench xil_defaultlib.glbl -log elaborate.log 
Using 2 slave threads.
Starting static elaboration
WARNING: [VRFC 10-3091] actual bit length 7 differs from formal bit length 8 for port 'o' [C:/Users/James/Desktop/myLab6.xpr/myLab6/myLab6.srcs/sources_1/new/top_module.v:54]
WARNING: [VRFC 10-3091] actual bit length 7 differs from formal bit length 8 for port 'o' [C:/Users/James/Desktop/myLab6.xpr/myLab6/myLab6.srcs/sources_1/new/top_module.v:66]
Completed static elaboration
Starting simulation data flow analysis
Completed simulation data flow analysis
Time Resolution for simulation is 1ps
Compiling module unisims_ver.FDRE_default
Compiling module unisims_ver.FDRE(INIT=1'b1)
Compiling module xil_defaultlib.StateMachine
Compiling module xil_defaultlib.countUD4L
Compiling module xil_defaultlib.TurkeyCounter
Compiling module xil_defaultlib.m4_1
Compiling module xil_defaultlib.FullAdder
Compiling module xil_defaultlib.EightBitAdder
Compiling module xil_defaultlib.Incrementer
Compiling module xil_defaultlib.m2_1x8
Compiling module xil_defaultlib.TimeCounter
Compiling module xil_defaultlib.RingCounter
Compiling module xil_defaultlib.Selector
Compiling module xil_defaultlib.hex7seg
Compiling module unisims_ver.IBUF
Compiling module unisims_ver.MMCME2_ADV(CLKFBOUT_MULT_F=9.125...
Compiling module unisims_ver.BUFG
Compiling module xil_defaultlib.clk_wiz_0
Compiling module unisims_ver.GND
Compiling module unisims_ver.x_lut2_mux4
Compiling module unisims_ver.LUT2
Compiling module unisims_ver.XOR2
Compiling module unisims_ver.FDCE_default
Compiling module xil_defaultlib.FTCE_MXILINX_clkcntrl4
Compiling module unisims_ver.LUT4
Compiling module unisims_ver.AND4
Compiling module unisims_ver.x_lut3_mux8
Compiling module unisims_ver.LUT3
Compiling module unisims_ver.AND3
Compiling module unisims_ver.AND2
Compiling module unisims_ver.VCC
Compiling module xil_defaultlib.CB4CE_MXILINX_clkcntrl4
Compiling module unisims_ver.BUF
Compiling module xil_defaultlib.clkcntrl4
Compiling module unisims_ver.STARTUPE2
Compiling module xil_defaultlib.lab6_clks
Compiling module xil_defaultlib.top_module
Compiling module xil_defaultlib.show_7segDisplay
Compiling module xil_defaultlib.lab6_toptestbench
Compiling module xil_defaultlib.glbl
Built simulation snapshot lab6_toptestbench_behav
INFO: [USF-XSim-69] 'elaborate' step finished in '4' seconds
INFO: [USF-XSim-4] XSim::Simulate design
INFO: [USF-XSim-61] Executing 'SIMULATE' step in 'C:/Users/James/Desktop/myLab6.xpr/myLab6/myLab6.sim/sim_1/behav/xsim'
INFO: [USF-XSim-98] *** Running xsim
   with args "lab6_toptestbench_behav -key {Behavioral:sim_1:Functional:lab6_toptestbench} -tclbatch {lab6_toptestbench.tcl} -view {C:/Users/James/Desktop/myLab6.xpr/myLab6/myLab6.srcs/sim_1/imports/myLab6/lab6_toptestbench_behav.wcfg} -log {simulate.log}"
INFO: [USF-XSim-8] Loading simulator feature
Vivado Simulator 2019.1
Time resolution is 1 ps
open_wave_config C:/Users/James/Desktop/myLab6.xpr/myLab6/myLab6.srcs/sim_1/imports/myLab6/lab6_toptestbench_behav.wcfg
source lab6_toptestbench.tcl
# set curr_wave [current_wave_config]
# if { [string length $curr_wave] == 0 } {
#   if { [llength [get_objects]] > 0} {
#     add_wave /
#     set_property needs_save false [current_wave_config]
#   } else {
#      send_msg_id Add_Wave-1 WARNING "No top level signals found. Simulator will start without a wave window. If you want to open a wave window go to 'File->New Waveform Configuration' or type 'create_wave_config' in the TCL console."
#   }
# }
# run 1000ns
INFO: [USF-XSim-96] XSim completed. Design snapshot 'lab6_toptestbench_behav' loaded.
INFO: [USF-XSim-97] XSim simulation ran for 1000ns
launch_simulation: Time (s): cpu = 00:00:08 ; elapsed = 00:00:12 . Memory (MB): peak = 715.273 ; gain = 14.559
run 1000 ns
run 1000 ns
run 1000 ns
run 1000 ns
close_sim
INFO: [Simtcl 6-16] Simulation closed
set_property top lab6_SMtestbench [get_filesets sim_1]
set_property top_lib xil_defaultlib [get_filesets sim_1]
update_compile_order -fileset sim_1
launch_simulation
INFO: [Vivado 12-5682] Launching behavioral simulation in 'C:/Users/James/Desktop/myLab6.xpr/myLab6/myLab6.sim/sim_1/behav/xsim'
INFO: [SIM-utils-51] Simulation object is 'sim_1'
INFO: [SIM-utils-54] Inspecting design source files for 'lab6_SMtestbench' in fileset 'sim_1'...
INFO: [USF-XSim-97] Finding global include files...
INFO: [USF-XSim-98] Fetching design files from 'sim_1'...
INFO: [USF-XSim-2] XSim::Compile design
INFO: [USF-XSim-61] Executing 'COMPILE and ANALYZE' step in 'C:/Users/James/Desktop/myLab6.xpr/myLab6/myLab6.sim/sim_1/behav/xsim'
"xvlog --incr --relax -prj lab6_SMtestbench_vlog.prj"
INFO: [VRFC 10-2263] Analyzing Verilog file "C:/Users/James/Desktop/myLab6.xpr/myLab6/myLab6.srcs/sources_1/new/StateMachine.v" into library xil_defaultlib
INFO: [VRFC 10-311] analyzing module StateMachine
INFO: [VRFC 10-2263] Analyzing Verilog file "C:/Users/James/Desktop/myLab6.xpr/myLab6/myLab6.srcs/sim_1/new/lab6_SMtestbench.v" into library xil_defaultlib
INFO: [VRFC 10-311] analyzing module lab6_SMtestbench
INFO: [USF-XSim-69] 'compile' step finished in '1' seconds
INFO: [USF-XSim-3] XSim::Elaborate design
INFO: [USF-XSim-61] Executing 'ELABORATE' step in 'C:/Users/James/Desktop/myLab6.xpr/myLab6/myLab6.sim/sim_1/behav/xsim'
"xelab -wto 898d4c071ede4ab2b8ae6a95c6db8bff --incr --debug typical --relax --mt 2 -L xil_defaultlib -L unisims_ver -L unimacro_ver -L secureip --snapshot lab6_SMtestbench_behav xil_defaultlib.lab6_SMtestbench xil_defaultlib.glbl -log elaborate.log"
Vivado Simulator 2019.1
Copyright 1986-1999, 2001-2019 Xilinx, Inc. All Rights Reserved.
Running: C:/Users/James/.Xilinx/Vivado/2019.1/bin/unwrapped/win64.o/xelab.exe -wto 898d4c071ede4ab2b8ae6a95c6db8bff --incr --debug typical --relax --mt 2 -L xil_defaultlib -L unisims_ver -L unimacro_ver -L secureip --snapshot lab6_SMtestbench_behav xil_defaultlib.lab6_SMtestbench xil_defaultlib.glbl -log elaborate.log 
Using 2 slave threads.
Starting static elaboration
Completed static elaboration
Starting simulation data flow analysis
Completed simulation data flow analysis
Time Resolution for simulation is 1ps
Compiling module unisims_ver.FDRE(INIT=1'b1)
Compiling module unisims_ver.FDRE_default
Compiling module xil_defaultlib.StateMachine
Compiling module xil_defaultlib.lab6_SMtestbench
Compiling module xil_defaultlib.glbl
Built simulation snapshot lab6_SMtestbench_behav
INFO: [USF-XSim-69] 'elaborate' step finished in '2' seconds
INFO: [USF-XSim-4] XSim::Simulate design
INFO: [USF-XSim-61] Executing 'SIMULATE' step in 'C:/Users/James/Desktop/myLab6.xpr/myLab6/myLab6.sim/sim_1/behav/xsim'
INFO: [USF-XSim-98] *** Running xsim
   with args "lab6_SMtestbench_behav -key {Behavioral:sim_1:Functional:lab6_SMtestbench} -tclbatch {lab6_SMtestbench.tcl} -view {C:/Users/James/Desktop/myLab6.xpr/myLab6/myLab6.srcs/sim_1/imports/myLab6/lab6_toptestbench_behav.wcfg} -log {simulate.log}"
INFO: [USF-XSim-8] Loading simulator feature
Vivado Simulator 2019.1
Time resolution is 1 ps
open_wave_config C:/Users/James/Desktop/myLab6.xpr/myLab6/myLab6.srcs/sim_1/imports/myLab6/lab6_toptestbench_behav.wcfg
WARNING: Simulation object /lab6_toptestbench/clkin was not found in the design.
WARNING: Simulation object /lab6_toptestbench/UUT/clk was not found in the design.
WARNING: Simulation object /lab6_toptestbench/btnR was not found in the design.
WARNING: Simulation object /lab6_toptestbench/btnL was not found in the design.
WARNING: Simulation object /lab6_toptestbench/btnU was not found in the design.
WARNING: Simulation object /lab6_toptestbench/UUT/sm/WaitNext was not found in the design.
WARNING: Simulation object /lab6_toptestbench/UUT/sm/LeftStartNext was not found in the design.
WARNING: Simulation object /lab6_toptestbench/UUT/sm/RightStartNext was not found in the design.
WARNING: Simulation object /lab6_toptestbench/UUT/sm/LeftCrossingNext was not found in the design.
WARNING: Simulation object /lab6_toptestbench/UUT/sm/RightCrossingNext was not found in the design.
WARNING: Simulation object /lab6_toptestbench/UUT/sm/LeftCrossNext was not found in the design.
WARNING: Simulation object /lab6_toptestbench/UUT/sm/RightCrossNext was not found in the design.
WARNING: Simulation object /lab6_toptestbench/UUT/sm/LeftCrossing was not found in the design.
WARNING: Simulation object /lab6_toptestbench/UUT/sm/RightCrossing was not found in the design.
WARNING: Simulation object /lab6_toptestbench/UUT/sm/CrossLeft was not found in the design.
WARNING: Simulation object /lab6_toptestbench/UUT/sm/CrossRight was not found in the design.
WARNING: Simulation object /lab6_toptestbench/UUT/sm/ResetTimer was not found in the design.
WARNING: Simulation object /lab6_toptestbench/UUT/turkeyNum was not found in the design.
WARNING: Simulation object /lab6_toptestbench/UUT/timeNum was not found in the design.
WARNING: Simulation object /lab6_toptestbench/UUT/Q was not found in the design.
WARNING: Simulation object /lab6_toptestbench/led was not found in the design.
WARNING: Simulation object /lab6_toptestbench/seg was not found in the design.
WARNING: Simulation object /lab6_toptestbench/an was not found in the design.
WARNING: Simulation object /lab6_toptestbench/dp was not found in the design.
WARNING: Simulation object /lab6_toptestbench/D7Seg3 was not found in the design.
WARNING: Simulation object /lab6_toptestbench/D7Seg2 was not found in the design.
WARNING: Simulation object /lab6_toptestbench/D7Seg1 was not found in the design.
WARNING: Simulation object /lab6_toptestbench/D7Seg0 was not found in the design.
WARNING: Simulation object /lab6_toptestbench/PERIOD was not found in the design.
WARNING: Simulation object /lab6_toptestbench/DUTY_CYCLE was not found in the design.
WARNING: Simulation object /lab6_toptestbench/OFFSET was not found in the design.
WARNING: Simulation object /lab6_toptestbench/UUT/qsec was not found in the design.
source lab6_SMtestbench.tcl
# set curr_wave [current_wave_config]
# if { [string length $curr_wave] == 0 } {
#   if { [llength [get_objects]] > 0} {
#     add_wave /
#     set_property needs_save false [current_wave_config]
#   } else {
#      send_msg_id Add_Wave-1 WARNING "No top level signals found. Simulator will start without a wave window. If you want to open a wave window go to 'File->New Waveform Configuration' or type 'create_wave_config' in the TCL console."
#   }
# }
# run 1000ns
INFO: [USF-XSim-96] XSim completed. Design snapshot 'lab6_SMtestbench_behav' loaded.
INFO: [USF-XSim-97] XSim simulation ran for 1000ns
close_sim
INFO: [Simtcl 6-16] Simulation closed
set_property is_enabled false [get_files  C:/Users/James/Desktop/myLab6.xpr/myLab6/myLab6.srcs/sim_1/imports/myLab6/lab6_toptestbench_behav.wcfg]
launch_simulation
INFO: [Vivado 12-5682] Launching behavioral simulation in 'C:/Users/James/Desktop/myLab6.xpr/myLab6/myLab6.sim/sim_1/behav/xsim'
INFO: [SIM-utils-51] Simulation object is 'sim_1'
INFO: [SIM-utils-54] Inspecting design source files for 'lab6_SMtestbench' in fileset 'sim_1'...
INFO: [USF-XSim-97] Finding global include files...
INFO: [USF-XSim-98] Fetching design files from 'sim_1'...
INFO: [USF-XSim-2] XSim::Compile design
INFO: [USF-XSim-61] Executing 'COMPILE and ANALYZE' step in 'C:/Users/James/Desktop/myLab6.xpr/myLab6/myLab6.sim/sim_1/behav/xsim'
"xvlog --incr --relax -prj lab6_SMtestbench_vlog.prj"
INFO: [VRFC 10-2263] Analyzing Verilog file "C:/Users/James/Desktop/myLab6.xpr/myLab6/myLab6.srcs/sources_1/new/StateMachine.v" into library xil_defaultlib
INFO: [VRFC 10-311] analyzing module StateMachine
INFO: [VRFC 10-2263] Analyzing Verilog file "C:/Users/James/Desktop/myLab6.xpr/myLab6/myLab6.srcs/sim_1/new/lab6_SMtestbench.v" into library xil_defaultlib
INFO: [VRFC 10-311] analyzing module lab6_SMtestbench
INFO: [USF-XSim-69] 'compile' step finished in '1' seconds
INFO: [USF-XSim-3] XSim::Elaborate design
INFO: [USF-XSim-61] Executing 'ELABORATE' step in 'C:/Users/James/Desktop/myLab6.xpr/myLab6/myLab6.sim/sim_1/behav/xsim'
"xelab -wto 898d4c071ede4ab2b8ae6a95c6db8bff --incr --debug typical --relax --mt 2 -L xil_defaultlib -L unisims_ver -L unimacro_ver -L secureip --snapshot lab6_SMtestbench_behav xil_defaultlib.lab6_SMtestbench xil_defaultlib.glbl -log elaborate.log"
Vivado Simulator 2019.1
Copyright 1986-1999, 2001-2019 Xilinx, Inc. All Rights Reserved.
Running: C:/Users/James/.Xilinx/Vivado/2019.1/bin/unwrapped/win64.o/xelab.exe -wto 898d4c071ede4ab2b8ae6a95c6db8bff --incr --debug typical --relax --mt 2 -L xil_defaultlib -L unisims_ver -L unimacro_ver -L secureip --snapshot lab6_SMtestbench_behav xil_defaultlib.lab6_SMtestbench xil_defaultlib.glbl -log elaborate.log 
Using 2 slave threads.
Starting static elaboration
Completed static elaboration
Starting simulation data flow analysis
Completed simulation data flow analysis
Time Resolution for simulation is 1ps
Compiling module unisims_ver.FDRE(INIT=1'b1)
Compiling module unisims_ver.FDRE_default
Compiling module xil_defaultlib.StateMachine
Compiling module xil_defaultlib.lab6_SMtestbench
Compiling module xil_defaultlib.glbl
Built simulation snapshot lab6_SMtestbench_behav
INFO: [USF-XSim-69] 'elaborate' step finished in '1' seconds
INFO: [USF-XSim-4] XSim::Simulate design
INFO: [USF-XSim-61] Executing 'SIMULATE' step in 'C:/Users/James/Desktop/myLab6.xpr/myLab6/myLab6.sim/sim_1/behav/xsim'
INFO: [USF-XSim-98] *** Running xsim
   with args "lab6_SMtestbench_behav -key {Behavioral:sim_1:Functional:lab6_SMtestbench} -tclbatch {lab6_SMtestbench.tcl} -log {simulate.log}"
INFO: [USF-XSim-8] Loading simulator feature
Vivado Simulator 2019.1
Time resolution is 1 ps
source lab6_SMtestbench.tcl
# set curr_wave [current_wave_config]
# if { [string length $curr_wave] == 0 } {
#   if { [llength [get_objects]] > 0} {
#     add_wave /
#     set_property needs_save false [current_wave_config]
#   } else {
#      send_msg_id Add_Wave-1 WARNING "No top level signals found. Simulator will start without a wave window. If you want to open a wave window go to 'File->New Waveform Configuration' or type 'create_wave_config' in the TCL console."
#   }
# }
# run 1000ns
INFO: [USF-XSim-96] XSim completed. Design snapshot 'lab6_SMtestbench_behav' loaded.
INFO: [USF-XSim-97] XSim simulation ran for 1000ns
run 1000 ns
run 1000 ns
close_sim
INFO: [Simtcl 6-16] Simulation closed
launch_simulation
INFO: [Vivado 12-5682] Launching behavioral simulation in 'C:/Users/James/Desktop/myLab6.xpr/myLab6/myLab6.sim/sim_1/behav/xsim'
INFO: [SIM-utils-51] Simulation object is 'sim_1'
INFO: [SIM-utils-54] Inspecting design source files for 'lab6_SMtestbench' in fileset 'sim_1'...
INFO: [USF-XSim-97] Finding global include files...
INFO: [USF-XSim-98] Fetching design files from 'sim_1'...
INFO: [USF-XSim-2] XSim::Compile design
INFO: [USF-XSim-61] Executing 'COMPILE and ANALYZE' step in 'C:/Users/James/Desktop/myLab6.xpr/myLab6/myLab6.sim/sim_1/behav/xsim'
"xvlog --incr --relax -prj lab6_SMtestbench_vlog.prj"
INFO: [USF-XSim-69] 'compile' step finished in '1' seconds
INFO: [USF-XSim-3] XSim::Elaborate design
INFO: [USF-XSim-61] Executing 'ELABORATE' step in 'C:/Users/James/Desktop/myLab6.xpr/myLab6/myLab6.sim/sim_1/behav/xsim'
"xelab -wto 898d4c071ede4ab2b8ae6a95c6db8bff --incr --debug typical --relax --mt 2 -L xil_defaultlib -L unisims_ver -L unimacro_ver -L secureip --snapshot lab6_SMtestbench_behav xil_defaultlib.lab6_SMtestbench xil_defaultlib.glbl -log elaborate.log"
Vivado Simulator 2019.1
Copyright 1986-1999, 2001-2019 Xilinx, Inc. All Rights Reserved.
Running: C:/Users/James/.Xilinx/Vivado/2019.1/bin/unwrapped/win64.o/xelab.exe -wto 898d4c071ede4ab2b8ae6a95c6db8bff --incr --debug typical --relax --mt 2 -L xil_defaultlib -L unisims_ver -L unimacro_ver -L secureip --snapshot lab6_SMtestbench_behav xil_defaultlib.lab6_SMtestbench xil_defaultlib.glbl -log elaborate.log 
Using 2 slave threads.
Starting static elaboration
Completed static elaboration
INFO: [XSIM 43-4323] No Change in HDL. Linking previously generated obj files to create kernel
INFO: [USF-XSim-69] 'elaborate' step finished in '1' seconds
INFO: [USF-XSim-4] XSim::Simulate design
INFO: [USF-XSim-61] Executing 'SIMULATE' step in 'C:/Users/James/Desktop/myLab6.xpr/myLab6/myLab6.sim/sim_1/behav/xsim'
INFO: [USF-XSim-98] *** Running xsim
   with args "lab6_SMtestbench_behav -key {Behavioral:sim_1:Functional:lab6_SMtestbench} -tclbatch {lab6_SMtestbench.tcl} -log {simulate.log}"
INFO: [USF-XSim-8] Loading simulator feature
Vivado Simulator 2019.1
Time resolution is 1 ps
source lab6_SMtestbench.tcl
# set curr_wave [current_wave_config]
# if { [string length $curr_wave] == 0 } {
#   if { [llength [get_objects]] > 0} {
#     add_wave /
#     set_property needs_save false [current_wave_config]
#   } else {
#      send_msg_id Add_Wave-1 WARNING "No top level signals found. Simulator will start without a wave window. If you want to open a wave window go to 'File->New Waveform Configuration' or type 'create_wave_config' in the TCL console."
#   }
# }
# run 1000ns
INFO: [USF-XSim-96] XSim completed. Design snapshot 'lab6_SMtestbench_behav' loaded.
INFO: [USF-XSim-97] XSim simulation ran for 1000ns
relaunch_sim
INFO: [Vivado 12-5682] Launching behavioral simulation in 'C:/Users/James/Desktop/myLab6.xpr/myLab6/myLab6.sim/sim_1/behav/xsim'
INFO: [SIM-utils-51] Simulation object is 'sim_1'
INFO: [SIM-utils-54] Inspecting design source files for 'lab6_SMtestbench' in fileset 'sim_1'...
INFO: [USF-XSim-97] Finding global include files...
INFO: [USF-XSim-98] Fetching design files from 'sim_1'...
INFO: [USF-XSim-2] XSim::Compile design
INFO: [USF-XSim-61] Executing 'COMPILE and ANALYZE' step in 'C:/Users/James/Desktop/myLab6.xpr/myLab6/myLab6.sim/sim_1/behav/xsim'
"xvlog --incr --relax -prj lab6_SMtestbench_vlog.prj"
INFO: [USF-XSim-69] 'compile' step finished in '1' seconds
INFO: [Vivado 12-5682] Launching behavioral simulation in 'C:/Users/James/Desktop/myLab6.xpr/myLab6/myLab6.sim/sim_1/behav/xsim'
INFO: [USF-XSim-3] XSim::Elaborate design
INFO: [USF-XSim-61] Executing 'ELABORATE' step in 'C:/Users/James/Desktop/myLab6.xpr/myLab6/myLab6.sim/sim_1/behav/xsim'
"xelab -wto 898d4c071ede4ab2b8ae6a95c6db8bff --incr --debug typical --relax --mt 2 -L xil_defaultlib -L unisims_ver -L unimacro_ver -L secureip --snapshot lab6_SMtestbench_behav xil_defaultlib.lab6_SMtestbench xil_defaultlib.glbl -log elaborate.log"
Vivado Simulator 2019.1
Copyright 1986-1999, 2001-2019 Xilinx, Inc. All Rights Reserved.
Running: C:/Users/James/.Xilinx/Vivado/2019.1/bin/unwrapped/win64.o/xelab.exe -wto 898d4c071ede4ab2b8ae6a95c6db8bff --incr --debug typical --relax --mt 2 -L xil_defaultlib -L unisims_ver -L unimacro_ver -L secureip --snapshot lab6_SMtestbench_behav xil_defaultlib.lab6_SMtestbench xil_defaultlib.glbl -log elaborate.log 
Using 2 slave threads.
Starting static elaboration
Completed static elaboration
INFO: [XSIM 43-4323] No Change in HDL. Linking previously generated obj files to create kernel
INFO: [USF-XSim-69] 'elaborate' step finished in '1' seconds
Vivado Simulator 2019.1
Time resolution is 1 ps
relaunch_sim: Time (s): cpu = 00:00:01 ; elapsed = 00:00:06 . Memory (MB): peak = 732.141 ; gain = 0.000
run 1000 ns
run 1000 ns
save_wave_config {C:/Users/James/Desktop/myLab6.xpr/myLab6/lab6_SMtestbench_behav.wcfg}
add_files -fileset sim_1 -norecurse C:/Users/James/Desktop/myLab6.xpr/myLab6/lab6_SMtestbench_behav.wcfg
set_property xsim.view {C:/../../../../../../../lab6_toptestbench_behav.wcfg C:/Users/James/Desktop/myLab6.xpr/myLab6/lab6_SMtestbench_behav.wcfg} [get_filesets sim_1]
close_sim
INFO: [Simtcl 6-16] Simulation closed
exit
INFO: [Common 17-206] Exiting Vivado at Tue Nov  9 20:15:58 2021...
