#-----------------------------------------------------------
# Vivado v2019.1 (64-bit)
# SW Build 2552052 on Fri May 24 14:49:42 MDT 2019
# IP Build 2548770 on Fri May 24 18:01:18 MDT 2019
# Start of session at: Tue Nov  2 22:46:27 2021
# Process ID: 20172
# Current directory: C:/Users/James/Desktop/CSE100/Labs/myLab4.xpr/myLab4
# Command line: vivado.exe -gui_launcher_event rodinguilauncherevent5444 C:\Users\James\Desktop\CSE100\Labs\myLab4.xpr\myLab4\myLab4.xpr
# Log file: C:/Users/James/Desktop/CSE100/Labs/myLab4.xpr/myLab4/vivado.log
# Journal file: C:/Users/James/Desktop/CSE100/Labs/myLab4.xpr/myLab4\vivado.jou
#-----------------------------------------------------------
start_gui
open_project C:/Users/James/Desktop/CSE100/Labs/myLab4.xpr/myLab4/myLab4.xpr
Scanning sources...
Finished scanning sources
INFO: [IP_Flow 19-234] Refreshing IP repositories
INFO: [IP_Flow 19-1704] No user IP repositories specified
INFO: [IP_Flow 19-2313] Loaded Vivado IP repository 'C:/Users/James/.Xilinx/Vivado/2019.1/data/ip'.
open_project: Time (s): cpu = 00:00:10 ; elapsed = 00:00:07 . Memory (MB): peak = 737.371 ; gain = 92.020
exit
INFO: [Common 17-206] Exiting Vivado at Tue Nov  2 23:35:06 2021...
