#-----------------------------------------------------------
# Vivado v2019.1 (64-bit)
# SW Build 2552052 on Fri May 24 14:49:42 MDT 2019
# IP Build 2548770 on Fri May 24 18:01:18 MDT 2019
# Start of session at: Thu Oct 14 16:50:05 2021
# Process ID: 10172
# Current directory: C:/Users/James/Desktop/myLab3.xpr/myLab3
# Command line: vivado.exe -gui_launcher_event rodinguilauncherevent11364 C:\Users\James\Desktop\myLab3.xpr\myLab3\myLab3.xpr
# Log file: C:/Users/James/Desktop/myLab3.xpr/myLab3/vivado.log
# Journal file: C:/Users/James/Desktop/myLab3.xpr/myLab3\vivado.jou
#-----------------------------------------------------------
start_gui
open_project C:/Users/James/Desktop/myLab3.xpr/myLab3/myLab3.xpr
INFO: [Project 1-313] Project file moved from 'C:/Users/jensming/Desktop/myLab3.xpr/myLab3/.Xil/Vivado-3296-104PC25/PrjAr/_X_' since last save.
Scanning sources...
Finished scanning sources
INFO: [IP_Flow 19-234] Refreshing IP repositories
INFO: [IP_Flow 19-1704] No user IP repositories specified
INFO: [IP_Flow 19-2313] Loaded Vivado IP repository 'C:/Users/James/.Xilinx/Vivado/2019.1/data/ip'.
update_compile_order -fileset sources_1
synth_design -rtl -name rtl_1
Command: synth_design -rtl -name rtl_1
Starting synth_design
Using part: xc7a35tcpg236-1
Top: top_module
INFO: [Device 21-403] Loading part xc7a35tcpg236-1
---------------------------------------------------------------------------------
Starting RTL Elaboration : Time (s): cpu = 00:00:03 ; elapsed = 00:00:03 . Memory (MB): peak = 1152.000 ; gain = 169.258
---------------------------------------------------------------------------------
INFO: [Synth 8-6157] synthesizing module 'top_module' [C:/Users/James/Desktop/myLab3.xpr/myLab3/myLab3.srcs/sources_1/new/top_module.v:23]
INFO: [Synth 8-6157] synthesizing module 'lab3_digsel' [C:/Users/James/Desktop/myLab3.xpr/myLab3/myLab3.srcs/sources_1/new/lab3_digsel.v:232]
INFO: [Synth 8-6157] synthesizing module 'clk_wiz_0' [C:/Users/James/Desktop/myLab3.xpr/myLab3/myLab3.srcs/sources_1/new/lab3_digsel.v:24]
INFO: [Synth 8-6157] synthesizing module 'IBUF' [C:/Users/James/.Xilinx/Vivado/2019.1/scripts/rt/data/unisim_comp.v:32856]
	Parameter CAPACITANCE bound to: DONT_CARE - type: string 
	Parameter IBUF_DELAY_VALUE bound to: 0 - type: string 
	Parameter IBUF_LOW_PWR bound to: TRUE - type: string 
	Parameter IFD_DELAY_VALUE bound to: AUTO - type: string 
	Parameter IOSTANDARD bound to: DEFAULT - type: string 
INFO: [Synth 8-6155] done synthesizing module 'IBUF' (1#1) [C:/Users/James/.Xilinx/Vivado/2019.1/scripts/rt/data/unisim_comp.v:32856]
INFO: [Synth 8-6157] synthesizing module 'MMCME2_ADV' [C:/Users/James/.Xilinx/Vivado/2019.1/scripts/rt/data/unisim_comp.v:39813]
	Parameter BANDWIDTH bound to: OPTIMIZED - type: string 
	Parameter CLKFBOUT_MULT_F bound to: 9.125000 - type: float 
	Parameter CLKFBOUT_PHASE bound to: 0.000000 - type: float 
	Parameter CLKFBOUT_USE_FINE_PS bound to: FALSE - type: string 
	Parameter CLKIN1_PERIOD bound to: 10.000000 - type: float 
	Parameter CLKIN2_PERIOD bound to: 0.000000 - type: float 
	Parameter CLKOUT0_DIVIDE_F bound to: 36.500000 - type: float 
	Parameter CLKOUT0_DUTY_CYCLE bound to: 0.500000 - type: float 
	Parameter CLKOUT0_PHASE bound to: 0.000000 - type: float 
	Parameter CLKOUT0_USE_FINE_PS bound to: FALSE - type: string 
	Parameter CLKOUT1_DIVIDE bound to: 1 - type: integer 
	Parameter CLKOUT1_DUTY_CYCLE bound to: 0.500000 - type: float 
	Parameter CLKOUT1_PHASE bound to: 0.000000 - type: float 
	Parameter CLKOUT1_USE_FINE_PS bound to: FALSE - type: string 
	Parameter CLKOUT2_DIVIDE bound to: 1 - type: integer 
	Parameter CLKOUT2_DUTY_CYCLE bound to: 0.500000 - type: float 
	Parameter CLKOUT2_PHASE bound to: 0.000000 - type: float 
	Parameter CLKOUT2_USE_FINE_PS bound to: FALSE - type: string 
	Parameter CLKOUT3_DIVIDE bound to: 1 - type: integer 
	Parameter CLKOUT3_DUTY_CYCLE bound to: 0.500000 - type: float 
	Parameter CLKOUT3_PHASE bound to: 0.000000 - type: float 
	Parameter CLKOUT3_USE_FINE_PS bound to: FALSE - type: string 
	Parameter CLKOUT4_CASCADE bound to: FALSE - type: string 
	Parameter CLKOUT4_DIVIDE bound to: 1 - type: integer 
	Parameter CLKOUT4_DUTY_CYCLE bound to: 0.500000 - type: float 
	Parameter CLKOUT4_PHASE bound to: 0.000000 - type: float 
	Parameter CLKOUT4_USE_FINE_PS bound to: FALSE - type: string 
	Parameter CLKOUT5_DIVIDE bound to: 1 - type: integer 
	Parameter CLKOUT5_DUTY_CYCLE bound to: 0.500000 - type: float 
	Parameter CLKOUT5_PHASE bound to: 0.000000 - type: float 
	Parameter CLKOUT5_USE_FINE_PS bound to: FALSE - type: string 
	Parameter CLKOUT6_DIVIDE bound to: 1 - type: integer 
	Parameter CLKOUT6_DUTY_CYCLE bound to: 0.500000 - type: float 
	Parameter CLKOUT6_PHASE bound to: 0.000000 - type: float 
	Parameter CLKOUT6_USE_FINE_PS bound to: FALSE - type: string 
	Parameter COMPENSATION bound to: ZHOLD - type: string 
	Parameter DIVCLK_DIVIDE bound to: 1 - type: integer 
	Parameter IS_CLKINSEL_INVERTED bound to: 1'b0 
	Parameter IS_PSEN_INVERTED bound to: 1'b0 
	Parameter IS_PSINCDEC_INVERTED bound to: 1'b0 
	Parameter IS_PWRDWN_INVERTED bound to: 1'b0 
	Parameter IS_RST_INVERTED bound to: 1'b0 
	Parameter REF_JITTER1 bound to: 0.010000 - type: float 
	Parameter REF_JITTER2 bound to: 0.010000 - type: float 
	Parameter SS_EN bound to: FALSE - type: string 
	Parameter SS_MODE bound to: CENTER_HIGH - type: string 
	Parameter SS_MOD_PERIOD bound to: 10000 - type: integer 
	Parameter STARTUP_WAIT bound to: FALSE - type: string 
INFO: [Synth 8-6155] done synthesizing module 'MMCME2_ADV' (2#1) [C:/Users/James/.Xilinx/Vivado/2019.1/scripts/rt/data/unisim_comp.v:39813]
INFO: [Synth 8-6157] synthesizing module 'BUFG' [C:/Users/James/.Xilinx/Vivado/2019.1/scripts/rt/data/unisim_comp.v:1075]
INFO: [Synth 8-6155] done synthesizing module 'BUFG' (3#1) [C:/Users/James/.Xilinx/Vivado/2019.1/scripts/rt/data/unisim_comp.v:1075]
INFO: [Synth 8-6155] done synthesizing module 'clk_wiz_0' (4#1) [C:/Users/James/Desktop/myLab3.xpr/myLab3/myLab3.srcs/sources_1/new/lab3_digsel.v:24]
INFO: [Synth 8-6157] synthesizing module 'clkcntrl4' [C:/Users/James/Desktop/myLab3.xpr/myLab3/myLab3.srcs/sources_1/new/lab3_digsel.v:157]
INFO: [Synth 8-6157] synthesizing module 'GND' [C:/Users/James/.Xilinx/Vivado/2019.1/scripts/rt/data/unisim_comp.v:14643]
INFO: [Synth 8-6155] done synthesizing module 'GND' (5#1) [C:/Users/James/.Xilinx/Vivado/2019.1/scripts/rt/data/unisim_comp.v:14643]
INFO: [Synth 8-6157] synthesizing module 'CB4CE_MXILINX_clkcntrl4' [C:/Users/James/Desktop/myLab3.xpr/myLab3/myLab3.srcs/sources_1/new/lab3_digsel.v:294]
INFO: [Synth 8-6157] synthesizing module 'FTCE_MXILINX_clkcntrl4' [C:/Users/James/Desktop/myLab3.xpr/myLab3/myLab3.srcs/sources_1/new/lab3_digsel.v:264]
	Parameter INIT bound to: 1'b0 
INFO: [Synth 8-6157] synthesizing module 'XOR2' [C:/Users/James/.Xilinx/Vivado/2019.1/scripts/rt/data/unisim_comp.v:81988]
INFO: [Synth 8-6155] done synthesizing module 'XOR2' (6#1) [C:/Users/James/.Xilinx/Vivado/2019.1/scripts/rt/data/unisim_comp.v:81988]
INFO: [Synth 8-6157] synthesizing module 'FDCE' [C:/Users/James/.Xilinx/Vivado/2019.1/scripts/rt/data/unisim_comp.v:13448]
	Parameter INIT bound to: 1'b0 
	Parameter IS_CLR_INVERTED bound to: 1'b0 
	Parameter IS_C_INVERTED bound to: 1'b0 
	Parameter IS_D_INVERTED bound to: 1'b0 
INFO: [Synth 8-6155] done synthesizing module 'FDCE' (7#1) [C:/Users/James/.Xilinx/Vivado/2019.1/scripts/rt/data/unisim_comp.v:13448]
INFO: [Synth 8-6155] done synthesizing module 'FTCE_MXILINX_clkcntrl4' (8#1) [C:/Users/James/Desktop/myLab3.xpr/myLab3/myLab3.srcs/sources_1/new/lab3_digsel.v:264]
INFO: [Synth 8-6157] synthesizing module 'AND4' [C:/Users/James/.Xilinx/Vivado/2019.1/scripts/rt/data/unisim_comp.v:562]
INFO: [Synth 8-6155] done synthesizing module 'AND4' (9#1) [C:/Users/James/.Xilinx/Vivado/2019.1/scripts/rt/data/unisim_comp.v:562]
INFO: [Synth 8-6157] synthesizing module 'AND3' [C:/Users/James/.Xilinx/Vivado/2019.1/scripts/rt/data/unisim_comp.v:514]
INFO: [Synth 8-6155] done synthesizing module 'AND3' (10#1) [C:/Users/James/.Xilinx/Vivado/2019.1/scripts/rt/data/unisim_comp.v:514]
INFO: [Synth 8-6157] synthesizing module 'AND2' [C:/Users/James/.Xilinx/Vivado/2019.1/scripts/rt/data/unisim_comp.v:466]
INFO: [Synth 8-6155] done synthesizing module 'AND2' (11#1) [C:/Users/James/.Xilinx/Vivado/2019.1/scripts/rt/data/unisim_comp.v:466]
INFO: [Synth 8-6157] synthesizing module 'VCC' [C:/Users/James/.Xilinx/Vivado/2019.1/scripts/rt/data/unisim_comp.v:81391]
INFO: [Synth 8-6155] done synthesizing module 'VCC' (12#1) [C:/Users/James/.Xilinx/Vivado/2019.1/scripts/rt/data/unisim_comp.v:81391]
INFO: [Synth 8-6155] done synthesizing module 'CB4CE_MXILINX_clkcntrl4' (13#1) [C:/Users/James/Desktop/myLab3.xpr/myLab3/myLab3.srcs/sources_1/new/lab3_digsel.v:294]
INFO: [Synth 8-6157] synthesizing module 'BUF' [C:/Users/James/.Xilinx/Vivado/2019.1/scripts/rt/data/unisim_comp.v:1021]
INFO: [Synth 8-6155] done synthesizing module 'BUF' (14#1) [C:/Users/James/.Xilinx/Vivado/2019.1/scripts/rt/data/unisim_comp.v:1021]
INFO: [Synth 8-6155] done synthesizing module 'clkcntrl4' (15#1) [C:/Users/James/Desktop/myLab3.xpr/myLab3/myLab3.srcs/sources_1/new/lab3_digsel.v:157]
WARNING: [Synth 8-4446] all outputs are unconnected for this instance and logic may be removed [C:/Users/James/Desktop/myLab3.xpr/myLab3/myLab3.srcs/sources_1/new/lab3_digsel.v:245]
INFO: [Synth 8-6157] synthesizing module 'STARTUPE2' [C:/Users/James/.Xilinx/Vivado/2019.1/scripts/rt/data/unisim_comp.v:77870]
	Parameter PROG_USR bound to: FALSE - type: string 
	Parameter SIM_CCLK_FREQ bound to: 0.000000 - type: float 
INFO: [Synth 8-6155] done synthesizing module 'STARTUPE2' (16#1) [C:/Users/James/.Xilinx/Vivado/2019.1/scripts/rt/data/unisim_comp.v:77870]
INFO: [Synth 8-6155] done synthesizing module 'lab3_digsel' (17#1) [C:/Users/James/Desktop/myLab3.xpr/myLab3/myLab3.srcs/sources_1/new/lab3_digsel.v:232]
INFO: [Synth 8-6157] synthesizing module 'Incrementer' [C:/Users/James/Desktop/myLab3.xpr/myLab3/myLab3.srcs/sources_1/new/Incrementer.v:23]
INFO: [Synth 8-6157] synthesizing module 'EightBitAdder' [C:/Users/James/Desktop/myLab3.xpr/myLab3/myLab3.srcs/sources_1/new/EightBitAdder.v:23]
INFO: [Synth 8-6157] synthesizing module 'FullAdder' [C:/Users/James/Desktop/myLab3.xpr/myLab3/myLab3.srcs/sources_1/new/FullAdder.v:23]
INFO: [Synth 8-6157] synthesizing module 'm4_1' [C:/Users/James/Desktop/myLab3.xpr/myLab3/myLab3.srcs/sources_1/new/m4_1.v:23]
INFO: [Synth 8-6155] done synthesizing module 'm4_1' (18#1) [C:/Users/James/Desktop/myLab3.xpr/myLab3/myLab3.srcs/sources_1/new/m4_1.v:23]
INFO: [Synth 8-6155] done synthesizing module 'FullAdder' (19#1) [C:/Users/James/Desktop/myLab3.xpr/myLab3/myLab3.srcs/sources_1/new/FullAdder.v:23]
INFO: [Synth 8-6155] done synthesizing module 'EightBitAdder' (20#1) [C:/Users/James/Desktop/myLab3.xpr/myLab3/myLab3.srcs/sources_1/new/EightBitAdder.v:23]
WARNING: [Synth 8-7023] instance 'add' of module 'EightBitAdder' has 4 connections declared, but only 3 given [C:/Users/James/Desktop/myLab3.xpr/myLab3/myLab3.srcs/sources_1/new/Incrementer.v:29]
INFO: [Synth 8-6155] done synthesizing module 'Incrementer' (21#1) [C:/Users/James/Desktop/myLab3.xpr/myLab3/myLab3.srcs/sources_1/new/Incrementer.v:23]
INFO: [Synth 8-6157] synthesizing module 'hex7seg' [C:/Users/James/Desktop/myLab3.xpr/myLab3/myLab3.srcs/sources_1/new/hex7seg.v:23]
INFO: [Synth 8-6157] synthesizing module 'm8_1' [C:/Users/James/Desktop/myLab3.xpr/myLab3/myLab3.srcs/sources_1/new/m8_1.v:23]
INFO: [Synth 8-6155] done synthesizing module 'm8_1' (22#1) [C:/Users/James/Desktop/myLab3.xpr/myLab3/myLab3.srcs/sources_1/new/m8_1.v:23]
INFO: [Synth 8-6155] done synthesizing module 'hex7seg' (23#1) [C:/Users/James/Desktop/myLab3.xpr/myLab3/myLab3.srcs/sources_1/new/hex7seg.v:23]
INFO: [Synth 8-6157] synthesizing module 'm2_1x8' [C:/Users/James/Desktop/myLab3.xpr/myLab3/myLab3.srcs/sources_1/new/m2_1x8.v:23]
INFO: [Synth 8-6155] done synthesizing module 'm2_1x8' (24#1) [C:/Users/James/Desktop/myLab3.xpr/myLab3/myLab3.srcs/sources_1/new/m2_1x8.v:23]
INFO: [Synth 8-6155] done synthesizing module 'top_module' (25#1) [C:/Users/James/Desktop/myLab3.xpr/myLab3/myLab3.srcs/sources_1/new/top_module.v:23]
WARNING: [Synth 8-3917] design top_module has port dp driven by constant 1
WARNING: [Synth 8-3917] design top_module has port an[3] driven by constant 1
WARNING: [Synth 8-3917] design top_module has port an[2] driven by constant 1
---------------------------------------------------------------------------------
Finished RTL Elaboration : Time (s): cpu = 00:00:03 ; elapsed = 00:00:04 . Memory (MB): peak = 1192.383 ; gain = 209.641
---------------------------------------------------------------------------------

Report Check Netlist: 
+------+------------------+-------+---------+-------+------------------+
|      |Item              |Errors |Warnings |Status |Description       |
+------+------------------+-------+---------+-------+------------------+
|1     |multi_driven_nets |      0|        0|Passed |Multi driven nets |
+------+------------------+-------+---------+-------+------------------+
---------------------------------------------------------------------------------
Start Handling Custom Attributes
---------------------------------------------------------------------------------
---------------------------------------------------------------------------------
Finished Handling Custom Attributes : Time (s): cpu = 00:00:03 ; elapsed = 00:00:05 . Memory (MB): peak = 1192.383 ; gain = 209.641
---------------------------------------------------------------------------------
---------------------------------------------------------------------------------
Finished RTL Optimization Phase 1 : Time (s): cpu = 00:00:03 ; elapsed = 00:00:05 . Memory (MB): peak = 1192.383 ; gain = 209.641
---------------------------------------------------------------------------------
INFO: [Netlist 29-17] Analyzing 36 Unisim elements for replacement
INFO: [Netlist 29-28] Unisim Transformation completed in 0 CPU seconds
INFO: [Project 1-570] Preparing netlist for logic optimization
INFO: [Opt 31-140] Inserted 1 IBUFs to IO ports without IO buffers.
INFO: [Opt 31-141] Inserted 5 OBUFs to IO ports without IO buffers.

Processing XDC Constraints
Initializing timing engine
Parsing XDC File [C:/Users/James/Desktop/myLab3.xpr/myLab3/myLab3.srcs/constrs_1/imports/Desktop/Basys3_Master.xdc]
Finished Parsing XDC File [C:/Users/James/Desktop/myLab3.xpr/myLab3/myLab3.srcs/constrs_1/imports/Desktop/Basys3_Master.xdc]
Completed Processing XDC Constraints

INFO: [Opt 31-138] Pushed 0 inverter(s) to 0 load pin(s).
Netlist sorting complete. Time (s): cpu = 00:00:00 ; elapsed = 00:00:00 . Memory (MB): peak = 1330.566 ; gain = 0.000
INFO: [Project 1-111] Unisim Transformation Summary:
  A total of 34 instances were transformed.
  AND2 => LUT2: 8 instances
  AND3 => LUT3: 4 instances
  AND4 => LUT4: 4 instances
  BUF => LUT1: 2 instances
  XOR2 => LUT2: 16 instances

RTL Elaboration Complete:  : Time (s): cpu = 00:00:11 ; elapsed = 00:00:09 . Memory (MB): peak = 1370.992 ; gain = 388.250
58 Infos, 5 Warnings, 0 Critical Warnings and 0 Errors encountered.
synth_design completed successfully
synth_design: Time (s): cpu = 00:00:15 ; elapsed = 00:00:15 . Memory (MB): peak = 1370.992 ; gain = 584.586
refresh_design
---------------------------------------------------------------------------------
Starting RTL Elaboration : Time (s): cpu = 00:00:03 ; elapsed = 00:00:03 . Memory (MB): peak = 1370.992 ; gain = 0.000
---------------------------------------------------------------------------------
INFO: [Synth 8-6157] synthesizing module 'top_module' [C:/Users/James/Desktop/myLab3.xpr/myLab3/myLab3.srcs/sources_1/new/top_module.v:23]
INFO: [Synth 8-6157] synthesizing module 'lab3_digsel' [C:/Users/James/Desktop/myLab3.xpr/myLab3/myLab3.srcs/sources_1/new/lab3_digsel.v:232]
INFO: [Synth 8-6157] synthesizing module 'clk_wiz_0' [C:/Users/James/Desktop/myLab3.xpr/myLab3/myLab3.srcs/sources_1/new/lab3_digsel.v:24]
INFO: [Synth 8-6157] synthesizing module 'IBUF' [C:/Users/James/.Xilinx/Vivado/2019.1/scripts/rt/data/unisim_comp.v:32856]
	Parameter CAPACITANCE bound to: DONT_CARE - type: string 
	Parameter IBUF_DELAY_VALUE bound to: 0 - type: string 
	Parameter IBUF_LOW_PWR bound to: TRUE - type: string 
	Parameter IFD_DELAY_VALUE bound to: AUTO - type: string 
	Parameter IOSTANDARD bound to: DEFAULT - type: string 
INFO: [Synth 8-6155] done synthesizing module 'IBUF' (1#1) [C:/Users/James/.Xilinx/Vivado/2019.1/scripts/rt/data/unisim_comp.v:32856]
INFO: [Synth 8-6157] synthesizing module 'MMCME2_ADV' [C:/Users/James/.Xilinx/Vivado/2019.1/scripts/rt/data/unisim_comp.v:39813]
	Parameter BANDWIDTH bound to: OPTIMIZED - type: string 
	Parameter CLKFBOUT_MULT_F bound to: 9.125000 - type: float 
	Parameter CLKFBOUT_PHASE bound to: 0.000000 - type: float 
	Parameter CLKFBOUT_USE_FINE_PS bound to: FALSE - type: string 
	Parameter CLKIN1_PERIOD bound to: 10.000000 - type: float 
	Parameter CLKIN2_PERIOD bound to: 0.000000 - type: float 
	Parameter CLKOUT0_DIVIDE_F bound to: 36.500000 - type: float 
	Parameter CLKOUT0_DUTY_CYCLE bound to: 0.500000 - type: float 
	Parameter CLKOUT0_PHASE bound to: 0.000000 - type: float 
	Parameter CLKOUT0_USE_FINE_PS bound to: FALSE - type: string 
	Parameter CLKOUT1_DIVIDE bound to: 1 - type: integer 
	Parameter CLKOUT1_DUTY_CYCLE bound to: 0.500000 - type: float 
	Parameter CLKOUT1_PHASE bound to: 0.000000 - type: float 
	Parameter CLKOUT1_USE_FINE_PS bound to: FALSE - type: string 
	Parameter CLKOUT2_DIVIDE bound to: 1 - type: integer 
	Parameter CLKOUT2_DUTY_CYCLE bound to: 0.500000 - type: float 
	Parameter CLKOUT2_PHASE bound to: 0.000000 - type: float 
	Parameter CLKOUT2_USE_FINE_PS bound to: FALSE - type: string 
	Parameter CLKOUT3_DIVIDE bound to: 1 - type: integer 
	Parameter CLKOUT3_DUTY_CYCLE bound to: 0.500000 - type: float 
	Parameter CLKOUT3_PHASE bound to: 0.000000 - type: float 
	Parameter CLKOUT3_USE_FINE_PS bound to: FALSE - type: string 
	Parameter CLKOUT4_CASCADE bound to: FALSE - type: string 
	Parameter CLKOUT4_DIVIDE bound to: 1 - type: integer 
	Parameter CLKOUT4_DUTY_CYCLE bound to: 0.500000 - type: float 
	Parameter CLKOUT4_PHASE bound to: 0.000000 - type: float 
	Parameter CLKOUT4_USE_FINE_PS bound to: FALSE - type: string 
	Parameter CLKOUT5_DIVIDE bound to: 1 - type: integer 
	Parameter CLKOUT5_DUTY_CYCLE bound to: 0.500000 - type: float 
	Parameter CLKOUT5_PHASE bound to: 0.000000 - type: float 
	Parameter CLKOUT5_USE_FINE_PS bound to: FALSE - type: string 
	Parameter CLKOUT6_DIVIDE bound to: 1 - type: integer 
	Parameter CLKOUT6_DUTY_CYCLE bound to: 0.500000 - type: float 
	Parameter CLKOUT6_PHASE bound to: 0.000000 - type: float 
	Parameter CLKOUT6_USE_FINE_PS bound to: FALSE - type: string 
	Parameter COMPENSATION bound to: ZHOLD - type: string 
	Parameter DIVCLK_DIVIDE bound to: 1 - type: integer 
	Parameter IS_CLKINSEL_INVERTED bound to: 1'b0 
	Parameter IS_PSEN_INVERTED bound to: 1'b0 
	Parameter IS_PSINCDEC_INVERTED bound to: 1'b0 
	Parameter IS_PWRDWN_INVERTED bound to: 1'b0 
	Parameter IS_RST_INVERTED bound to: 1'b0 
	Parameter REF_JITTER1 bound to: 0.010000 - type: float 
	Parameter REF_JITTER2 bound to: 0.010000 - type: float 
	Parameter SS_EN bound to: FALSE - type: string 
	Parameter SS_MODE bound to: CENTER_HIGH - type: string 
	Parameter SS_MOD_PERIOD bound to: 10000 - type: integer 
	Parameter STARTUP_WAIT bound to: FALSE - type: string 
INFO: [Synth 8-6155] done synthesizing module 'MMCME2_ADV' (2#1) [C:/Users/James/.Xilinx/Vivado/2019.1/scripts/rt/data/unisim_comp.v:39813]
INFO: [Synth 8-6157] synthesizing module 'BUFG' [C:/Users/James/.Xilinx/Vivado/2019.1/scripts/rt/data/unisim_comp.v:1075]
INFO: [Synth 8-6155] done synthesizing module 'BUFG' (3#1) [C:/Users/James/.Xilinx/Vivado/2019.1/scripts/rt/data/unisim_comp.v:1075]
INFO: [Synth 8-6155] done synthesizing module 'clk_wiz_0' (4#1) [C:/Users/James/Desktop/myLab3.xpr/myLab3/myLab3.srcs/sources_1/new/lab3_digsel.v:24]
INFO: [Synth 8-6157] synthesizing module 'clkcntrl4' [C:/Users/James/Desktop/myLab3.xpr/myLab3/myLab3.srcs/sources_1/new/lab3_digsel.v:157]
INFO: [Synth 8-6157] synthesizing module 'GND' [C:/Users/James/.Xilinx/Vivado/2019.1/scripts/rt/data/unisim_comp.v:14643]
INFO: [Synth 8-6155] done synthesizing module 'GND' (5#1) [C:/Users/James/.Xilinx/Vivado/2019.1/scripts/rt/data/unisim_comp.v:14643]
INFO: [Synth 8-6157] synthesizing module 'CB4CE_MXILINX_clkcntrl4' [C:/Users/James/Desktop/myLab3.xpr/myLab3/myLab3.srcs/sources_1/new/lab3_digsel.v:294]
INFO: [Synth 8-6157] synthesizing module 'FTCE_MXILINX_clkcntrl4' [C:/Users/James/Desktop/myLab3.xpr/myLab3/myLab3.srcs/sources_1/new/lab3_digsel.v:264]
	Parameter INIT bound to: 1'b0 
INFO: [Synth 8-6157] synthesizing module 'XOR2' [C:/Users/James/.Xilinx/Vivado/2019.1/scripts/rt/data/unisim_comp.v:81988]
INFO: [Synth 8-6155] done synthesizing module 'XOR2' (6#1) [C:/Users/James/.Xilinx/Vivado/2019.1/scripts/rt/data/unisim_comp.v:81988]
INFO: [Synth 8-6157] synthesizing module 'FDCE' [C:/Users/James/.Xilinx/Vivado/2019.1/scripts/rt/data/unisim_comp.v:13448]
	Parameter INIT bound to: 1'b0 
	Parameter IS_CLR_INVERTED bound to: 1'b0 
	Parameter IS_C_INVERTED bound to: 1'b0 
	Parameter IS_D_INVERTED bound to: 1'b0 
INFO: [Synth 8-6155] done synthesizing module 'FDCE' (7#1) [C:/Users/James/.Xilinx/Vivado/2019.1/scripts/rt/data/unisim_comp.v:13448]
INFO: [Synth 8-6155] done synthesizing module 'FTCE_MXILINX_clkcntrl4' (8#1) [C:/Users/James/Desktop/myLab3.xpr/myLab3/myLab3.srcs/sources_1/new/lab3_digsel.v:264]
INFO: [Synth 8-6157] synthesizing module 'AND4' [C:/Users/James/.Xilinx/Vivado/2019.1/scripts/rt/data/unisim_comp.v:562]
INFO: [Synth 8-6155] done synthesizing module 'AND4' (9#1) [C:/Users/James/.Xilinx/Vivado/2019.1/scripts/rt/data/unisim_comp.v:562]
INFO: [Synth 8-6157] synthesizing module 'AND3' [C:/Users/James/.Xilinx/Vivado/2019.1/scripts/rt/data/unisim_comp.v:514]
INFO: [Synth 8-6155] done synthesizing module 'AND3' (10#1) [C:/Users/James/.Xilinx/Vivado/2019.1/scripts/rt/data/unisim_comp.v:514]
INFO: [Synth 8-6157] synthesizing module 'AND2' [C:/Users/James/.Xilinx/Vivado/2019.1/scripts/rt/data/unisim_comp.v:466]
INFO: [Synth 8-6155] done synthesizing module 'AND2' (11#1) [C:/Users/James/.Xilinx/Vivado/2019.1/scripts/rt/data/unisim_comp.v:466]
INFO: [Synth 8-6157] synthesizing module 'VCC' [C:/Users/James/.Xilinx/Vivado/2019.1/scripts/rt/data/unisim_comp.v:81391]
INFO: [Synth 8-6155] done synthesizing module 'VCC' (12#1) [C:/Users/James/.Xilinx/Vivado/2019.1/scripts/rt/data/unisim_comp.v:81391]
INFO: [Synth 8-6155] done synthesizing module 'CB4CE_MXILINX_clkcntrl4' (13#1) [C:/Users/James/Desktop/myLab3.xpr/myLab3/myLab3.srcs/sources_1/new/lab3_digsel.v:294]
INFO: [Synth 8-6157] synthesizing module 'BUF' [C:/Users/James/.Xilinx/Vivado/2019.1/scripts/rt/data/unisim_comp.v:1021]
INFO: [Synth 8-6155] done synthesizing module 'BUF' (14#1) [C:/Users/James/.Xilinx/Vivado/2019.1/scripts/rt/data/unisim_comp.v:1021]
INFO: [Synth 8-6155] done synthesizing module 'clkcntrl4' (15#1) [C:/Users/James/Desktop/myLab3.xpr/myLab3/myLab3.srcs/sources_1/new/lab3_digsel.v:157]
WARNING: [Synth 8-4446] all outputs are unconnected for this instance and logic may be removed [C:/Users/James/Desktop/myLab3.xpr/myLab3/myLab3.srcs/sources_1/new/lab3_digsel.v:245]
INFO: [Synth 8-6157] synthesizing module 'STARTUPE2' [C:/Users/James/.Xilinx/Vivado/2019.1/scripts/rt/data/unisim_comp.v:77870]
	Parameter PROG_USR bound to: FALSE - type: string 
	Parameter SIM_CCLK_FREQ bound to: 0.000000 - type: float 
INFO: [Synth 8-6155] done synthesizing module 'STARTUPE2' (16#1) [C:/Users/James/.Xilinx/Vivado/2019.1/scripts/rt/data/unisim_comp.v:77870]
INFO: [Synth 8-6155] done synthesizing module 'lab3_digsel' (17#1) [C:/Users/James/Desktop/myLab3.xpr/myLab3/myLab3.srcs/sources_1/new/lab3_digsel.v:232]
INFO: [Synth 8-6157] synthesizing module 'Incrementer' [C:/Users/James/Desktop/myLab3.xpr/myLab3/myLab3.srcs/sources_1/new/Incrementer.v:23]
INFO: [Synth 8-6157] synthesizing module 'EightBitAdder' [C:/Users/James/Desktop/myLab3.xpr/myLab3/myLab3.srcs/sources_1/new/EightBitAdder.v:23]
INFO: [Synth 8-6157] synthesizing module 'FullAdder' [C:/Users/James/Desktop/myLab3.xpr/myLab3/myLab3.srcs/sources_1/new/FullAdder.v:23]
INFO: [Synth 8-6157] synthesizing module 'm4_1' [C:/Users/James/Desktop/myLab3.xpr/myLab3/myLab3.srcs/sources_1/new/m4_1.v:23]
INFO: [Synth 8-6155] done synthesizing module 'm4_1' (18#1) [C:/Users/James/Desktop/myLab3.xpr/myLab3/myLab3.srcs/sources_1/new/m4_1.v:23]
INFO: [Synth 8-6155] done synthesizing module 'FullAdder' (19#1) [C:/Users/James/Desktop/myLab3.xpr/myLab3/myLab3.srcs/sources_1/new/FullAdder.v:23]
INFO: [Synth 8-6155] done synthesizing module 'EightBitAdder' (20#1) [C:/Users/James/Desktop/myLab3.xpr/myLab3/myLab3.srcs/sources_1/new/EightBitAdder.v:23]
WARNING: [Synth 8-7023] instance 'add' of module 'EightBitAdder' has 4 connections declared, but only 3 given [C:/Users/James/Desktop/myLab3.xpr/myLab3/myLab3.srcs/sources_1/new/Incrementer.v:29]
INFO: [Synth 8-6155] done synthesizing module 'Incrementer' (21#1) [C:/Users/James/Desktop/myLab3.xpr/myLab3/myLab3.srcs/sources_1/new/Incrementer.v:23]
INFO: [Synth 8-6157] synthesizing module 'hex7seg' [C:/Users/James/Desktop/myLab3.xpr/myLab3/myLab3.srcs/sources_1/new/hex7seg.v:23]
INFO: [Synth 8-6157] synthesizing module 'm8_1' [C:/Users/James/Desktop/myLab3.xpr/myLab3/myLab3.srcs/sources_1/new/m8_1.v:23]
INFO: [Synth 8-6155] done synthesizing module 'm8_1' (22#1) [C:/Users/James/Desktop/myLab3.xpr/myLab3/myLab3.srcs/sources_1/new/m8_1.v:23]
INFO: [Synth 8-6155] done synthesizing module 'hex7seg' (23#1) [C:/Users/James/Desktop/myLab3.xpr/myLab3/myLab3.srcs/sources_1/new/hex7seg.v:23]
INFO: [Synth 8-6157] synthesizing module 'm2_1x8' [C:/Users/James/Desktop/myLab3.xpr/myLab3/myLab3.srcs/sources_1/new/m2_1x8.v:23]
INFO: [Synth 8-6155] done synthesizing module 'm2_1x8' (24#1) [C:/Users/James/Desktop/myLab3.xpr/myLab3/myLab3.srcs/sources_1/new/m2_1x8.v:23]
INFO: [Synth 8-6155] done synthesizing module 'top_module' (25#1) [C:/Users/James/Desktop/myLab3.xpr/myLab3/myLab3.srcs/sources_1/new/top_module.v:23]
WARNING: [Synth 8-3917] design top_module has port dp driven by constant 1
WARNING: [Synth 8-3917] design top_module has port an[3] driven by constant 1
WARNING: [Synth 8-3917] design top_module has port an[2] driven by constant 1
---------------------------------------------------------------------------------
Finished RTL Elaboration : Time (s): cpu = 00:00:04 ; elapsed = 00:00:03 . Memory (MB): peak = 1397.977 ; gain = 26.984
---------------------------------------------------------------------------------

Report Check Netlist: 
+------+------------------+-------+---------+-------+------------------+
|      |Item              |Errors |Warnings |Status |Description       |
+------+------------------+-------+---------+-------+------------------+
|1     |multi_driven_nets |      0|        0|Passed |Multi driven nets |
+------+------------------+-------+---------+-------+------------------+
---------------------------------------------------------------------------------
Start Handling Custom Attributes
---------------------------------------------------------------------------------
---------------------------------------------------------------------------------
Finished Handling Custom Attributes : Time (s): cpu = 00:00:04 ; elapsed = 00:00:03 . Memory (MB): peak = 1397.977 ; gain = 26.984
---------------------------------------------------------------------------------
---------------------------------------------------------------------------------
Finished RTL Optimization Phase 1 : Time (s): cpu = 00:00:04 ; elapsed = 00:00:03 . Memory (MB): peak = 1397.977 ; gain = 26.984
---------------------------------------------------------------------------------
INFO: [Netlist 29-17] Analyzing 36 Unisim elements for replacement
INFO: [Netlist 29-28] Unisim Transformation completed in 0 CPU seconds
INFO: [Project 1-570] Preparing netlist for logic optimization
INFO: [Opt 31-140] Inserted 1 IBUFs to IO ports without IO buffers.
INFO: [Opt 31-141] Inserted 5 OBUFs to IO ports without IO buffers.

Processing XDC Constraints
Initializing timing engine
Parsing XDC File [C:/Users/James/Desktop/myLab3.xpr/myLab3/myLab3.srcs/constrs_1/imports/Desktop/Basys3_Master.xdc]
Finished Parsing XDC File [C:/Users/James/Desktop/myLab3.xpr/myLab3/myLab3.srcs/constrs_1/imports/Desktop/Basys3_Master.xdc]
Completed Processing XDC Constraints

INFO: [Opt 31-138] Pushed 0 inverter(s) to 0 load pin(s).
refresh_design: Time (s): cpu = 00:00:11 ; elapsed = 00:00:07 . Memory (MB): peak = 1401.266 ; gain = 30.273
launch_simulation
INFO: [Vivado 12-5682] Launching behavioral simulation in 'C:/Users/James/Desktop/myLab3.xpr/myLab3/myLab3.sim/sim_1/behav/xsim'
INFO: [SIM-utils-51] Simulation object is 'sim_1'
INFO: [SIM-utils-54] Inspecting design source files for 'lab3_testbench' in fileset 'sim_1'...
INFO: [USF-XSim-97] Finding global include files...
INFO: [USF-XSim-98] Fetching design files from 'sim_1'...
INFO: [USF-XSim-2] XSim::Compile design
INFO: [USF-XSim-61] Executing 'COMPILE and ANALYZE' step in 'C:/Users/James/Desktop/myLab3.xpr/myLab3/myLab3.sim/sim_1/behav/xsim'
"xvlog --incr --relax -prj lab3_testbench_vlog.prj"
INFO: [VRFC 10-2263] Analyzing Verilog file "C:/Users/James/Desktop/myLab3.xpr/myLab3/myLab3.srcs/sources_1/new/EightBitAdder.v" into library xil_defaultlib
INFO: [VRFC 10-311] analyzing module EightBitAdder
INFO: [VRFC 10-2263] Analyzing Verilog file "C:/Users/James/Desktop/myLab3.xpr/myLab3/myLab3.srcs/sources_1/new/FullAdder.v" into library xil_defaultlib
INFO: [VRFC 10-311] analyzing module FullAdder
INFO: [VRFC 10-2263] Analyzing Verilog file "C:/Users/James/Desktop/myLab3.xpr/myLab3/myLab3.srcs/sources_1/new/Incrementer.v" into library xil_defaultlib
INFO: [VRFC 10-311] analyzing module Incrementer
INFO: [VRFC 10-2263] Analyzing Verilog file "C:/Users/James/Desktop/myLab3.xpr/myLab3/myLab3.srcs/sources_1/new/hex7seg.v" into library xil_defaultlib
INFO: [VRFC 10-311] analyzing module hex7seg
INFO: [VRFC 10-2263] Analyzing Verilog file "C:/Users/James/Desktop/myLab3.xpr/myLab3/myLab3.srcs/sources_1/new/lab3_digsel.v" into library xil_defaultlib
INFO: [VRFC 10-311] analyzing module clk_wiz_0
INFO: [VRFC 10-311] analyzing module clkcntrl4
INFO: [VRFC 10-311] analyzing module lab3_digsel
INFO: [VRFC 10-2458] undeclared symbol clk, assumed default net type wire [C:/Users/James/Desktop/myLab3.xpr/myLab3/myLab3.srcs/sources_1/new/lab3_digsel.v:237]
INFO: [VRFC 10-311] analyzing module FTCE_MXILINX_clkcntrl4
INFO: [VRFC 10-311] analyzing module CB4CE_MXILINX_clkcntrl4
INFO: [VRFC 10-2263] Analyzing Verilog file "C:/Users/James/Desktop/myLab3.xpr/myLab3/myLab3.srcs/sources_1/new/m2_1x8.v" into library xil_defaultlib
INFO: [VRFC 10-311] analyzing module m2_1x8
INFO: [VRFC 10-2263] Analyzing Verilog file "C:/Users/James/Desktop/myLab3.xpr/myLab3/myLab3.srcs/sources_1/new/m4_1.v" into library xil_defaultlib
INFO: [VRFC 10-311] analyzing module m4_1
INFO: [VRFC 10-2263] Analyzing Verilog file "C:/Users/James/Desktop/myLab3.xpr/myLab3/myLab3.srcs/sources_1/new/m8_1.v" into library xil_defaultlib
INFO: [VRFC 10-311] analyzing module m8_1
INFO: [VRFC 10-2263] Analyzing Verilog file "C:/Users/James/Desktop/myLab3.xpr/myLab3/myLab3.srcs/sources_1/new/top_module.v" into library xil_defaultlib
INFO: [VRFC 10-311] analyzing module top_module
INFO: [VRFC 10-2263] Analyzing Verilog file "C:/Users/James/Desktop/myLab3.xpr/myLab3/myLab3.srcs/sim_1/new/lab3_testbench.v" into library xil_defaultlib
INFO: [VRFC 10-311] analyzing module lab3_testbench
INFO: [VRFC 10-311] analyzing module show_7segDisplay
INFO: [VRFC 10-2263] Analyzing Verilog file "C:/Users/James/Desktop/myLab3.xpr/myLab3/myLab3.sim/sim_1/behav/xsim/glbl.v" into library xil_defaultlib
INFO: [VRFC 10-311] analyzing module glbl
INFO: [USF-XSim-69] 'compile' step finished in '1' seconds
INFO: [USF-XSim-3] XSim::Elaborate design
INFO: [USF-XSim-61] Executing 'ELABORATE' step in 'C:/Users/James/Desktop/myLab3.xpr/myLab3/myLab3.sim/sim_1/behav/xsim'
"xelab -wto fb33e4cb19ed4c1a9dfb6c3b3c7f2ca2 --incr --debug typical --relax --mt 2 -L xil_defaultlib -L unisims_ver -L unimacro_ver -L secureip --snapshot lab3_testbench_behav xil_defaultlib.lab3_testbench xil_defaultlib.glbl -log elaborate.log"
Vivado Simulator 2019.1
Copyright 1986-1999, 2001-2019 Xilinx, Inc. All Rights Reserved.
Running: C:/Users/James/.Xilinx/Vivado/2019.1/bin/unwrapped/win64.o/xelab.exe -wto fb33e4cb19ed4c1a9dfb6c3b3c7f2ca2 --incr --debug typical --relax --mt 2 -L xil_defaultlib -L unisims_ver -L unimacro_ver -L secureip --snapshot lab3_testbench_behav xil_defaultlib.lab3_testbench xil_defaultlib.glbl -log elaborate.log 
Using 2 slave threads.
Starting static elaboration
WARNING: [VRFC 10-3091] actual bit length 7 differs from formal bit length 8 for port 'in0' [C:/Users/James/Desktop/myLab3.xpr/myLab3/myLab3.srcs/sources_1/new/top_module.v:42]
Completed static elaboration
Starting simulation data flow analysis
Completed simulation data flow analysis
Time Resolution for simulation is 1ps
Compiling module unisims_ver.IBUF
Compiling module unisims_ver.MMCME2_ADV(CLKFBOUT_MULT_F=9.125...
Compiling module unisims_ver.BUFG
Compiling module xil_defaultlib.clk_wiz_0
Compiling module unisims_ver.GND
Compiling module unisims_ver.x_lut2_mux4
Compiling module unisims_ver.LUT2
Compiling module unisims_ver.XOR2
Compiling module unisims_ver.FDCE_default
Compiling module xil_defaultlib.FTCE_MXILINX_clkcntrl4
Compiling module unisims_ver.LUT4
Compiling module unisims_ver.AND4
Compiling module unisims_ver.x_lut3_mux8
Compiling module unisims_ver.LUT3
Compiling module unisims_ver.AND3
Compiling module unisims_ver.AND2
Compiling module unisims_ver.VCC
Compiling module xil_defaultlib.CB4CE_MXILINX_clkcntrl4
Compiling module unisims_ver.BUF
Compiling module xil_defaultlib.clkcntrl4
Compiling module unisims_ver.STARTUPE2
Compiling module xil_defaultlib.lab3_digsel
Compiling module xil_defaultlib.m4_1
Compiling module xil_defaultlib.FullAdder
Compiling module xil_defaultlib.EightBitAdder
Compiling module xil_defaultlib.Incrementer
Compiling module xil_defaultlib.m8_1
Compiling module xil_defaultlib.hex7seg
Compiling module xil_defaultlib.m2_1x8
Compiling module xil_defaultlib.top_module
Compiling module xil_defaultlib.show_7segDisplay
Compiling module xil_defaultlib.lab3_testbench
Compiling module xil_defaultlib.glbl
Built simulation snapshot lab3_testbench_behav
INFO: [USF-XSim-69] 'elaborate' step finished in '3' seconds
INFO: [USF-XSim-4] XSim::Simulate design
INFO: [USF-XSim-61] Executing 'SIMULATE' step in 'C:/Users/James/Desktop/myLab3.xpr/myLab3/myLab3.sim/sim_1/behav/xsim'
INFO: [USF-XSim-98] *** Running xsim
   with args "lab3_testbench_behav -key {Behavioral:sim_1:Functional:lab3_testbench} -tclbatch {lab3_testbench.tcl} -log {simulate.log}"
INFO: [USF-XSim-8] Loading simulator feature
Vivado Simulator 2019.1
Time resolution is 1 ps
source lab3_testbench.tcl
# set curr_wave [current_wave_config]
# if { [string length $curr_wave] == 0 } {
#   if { [llength [get_objects]] > 0} {
#     add_wave /
#     set_property needs_save false [current_wave_config]
#   } else {
#      send_msg_id Add_Wave-1 WARNING "No top level signals found. Simulator will start without a wave window. If you want to open a wave window go to 'File->New Waveform Configuration' or type 'create_wave_config' in the TCL console."
#   }
# }
# run 1000ns
INFO: [USF-XSim-96] XSim completed. Design snapshot 'lab3_testbench_behav' loaded.
INFO: [USF-XSim-97] XSim simulation ran for 1000ns
launch_simulation: Time (s): cpu = 00:00:05 ; elapsed = 00:00:09 . Memory (MB): peak = 1420.668 ; gain = 19.402
run 1000 ns
run 1000 ns
run 1000 ns
close_sim
INFO: [Simtcl 6-16] Simulation closed
refresh_design
---------------------------------------------------------------------------------
Starting RTL Elaboration : Time (s): cpu = 00:00:03 ; elapsed = 00:00:03 . Memory (MB): peak = 1449.715 ; gain = 21.266
---------------------------------------------------------------------------------
INFO: [Synth 8-6157] synthesizing module 'top_module' [C:/Users/James/Desktop/myLab3.xpr/myLab3/myLab3.srcs/sources_1/new/top_module.v:23]
INFO: [Synth 8-6157] synthesizing module 'lab3_digsel' [C:/Users/James/Desktop/myLab3.xpr/myLab3/myLab3.srcs/sources_1/new/lab3_digsel.v:232]
INFO: [Synth 8-6157] synthesizing module 'clk_wiz_0' [C:/Users/James/Desktop/myLab3.xpr/myLab3/myLab3.srcs/sources_1/new/lab3_digsel.v:24]
INFO: [Synth 8-6157] synthesizing module 'IBUF' [C:/Users/James/.Xilinx/Vivado/2019.1/scripts/rt/data/unisim_comp.v:32856]
	Parameter CAPACITANCE bound to: DONT_CARE - type: string 
	Parameter IBUF_DELAY_VALUE bound to: 0 - type: string 
	Parameter IBUF_LOW_PWR bound to: TRUE - type: string 
	Parameter IFD_DELAY_VALUE bound to: AUTO - type: string 
	Parameter IOSTANDARD bound to: DEFAULT - type: string 
INFO: [Synth 8-6155] done synthesizing module 'IBUF' (1#1) [C:/Users/James/.Xilinx/Vivado/2019.1/scripts/rt/data/unisim_comp.v:32856]
INFO: [Synth 8-6157] synthesizing module 'MMCME2_ADV' [C:/Users/James/.Xilinx/Vivado/2019.1/scripts/rt/data/unisim_comp.v:39813]
	Parameter BANDWIDTH bound to: OPTIMIZED - type: string 
	Parameter CLKFBOUT_MULT_F bound to: 9.125000 - type: float 
	Parameter CLKFBOUT_PHASE bound to: 0.000000 - type: float 
	Parameter CLKFBOUT_USE_FINE_PS bound to: FALSE - type: string 
	Parameter CLKIN1_PERIOD bound to: 10.000000 - type: float 
	Parameter CLKIN2_PERIOD bound to: 0.000000 - type: float 
	Parameter CLKOUT0_DIVIDE_F bound to: 36.500000 - type: float 
	Parameter CLKOUT0_DUTY_CYCLE bound to: 0.500000 - type: float 
	Parameter CLKOUT0_PHASE bound to: 0.000000 - type: float 
	Parameter CLKOUT0_USE_FINE_PS bound to: FALSE - type: string 
	Parameter CLKOUT1_DIVIDE bound to: 1 - type: integer 
	Parameter CLKOUT1_DUTY_CYCLE bound to: 0.500000 - type: float 
	Parameter CLKOUT1_PHASE bound to: 0.000000 - type: float 
	Parameter CLKOUT1_USE_FINE_PS bound to: FALSE - type: string 
	Parameter CLKOUT2_DIVIDE bound to: 1 - type: integer 
	Parameter CLKOUT2_DUTY_CYCLE bound to: 0.500000 - type: float 
	Parameter CLKOUT2_PHASE bound to: 0.000000 - type: float 
	Parameter CLKOUT2_USE_FINE_PS bound to: FALSE - type: string 
	Parameter CLKOUT3_DIVIDE bound to: 1 - type: integer 
	Parameter CLKOUT3_DUTY_CYCLE bound to: 0.500000 - type: float 
	Parameter CLKOUT3_PHASE bound to: 0.000000 - type: float 
	Parameter CLKOUT3_USE_FINE_PS bound to: FALSE - type: string 
	Parameter CLKOUT4_CASCADE bound to: FALSE - type: string 
	Parameter CLKOUT4_DIVIDE bound to: 1 - type: integer 
	Parameter CLKOUT4_DUTY_CYCLE bound to: 0.500000 - type: float 
	Parameter CLKOUT4_PHASE bound to: 0.000000 - type: float 
	Parameter CLKOUT4_USE_FINE_PS bound to: FALSE - type: string 
	Parameter CLKOUT5_DIVIDE bound to: 1 - type: integer 
	Parameter CLKOUT5_DUTY_CYCLE bound to: 0.500000 - type: float 
	Parameter CLKOUT5_PHASE bound to: 0.000000 - type: float 
	Parameter CLKOUT5_USE_FINE_PS bound to: FALSE - type: string 
	Parameter CLKOUT6_DIVIDE bound to: 1 - type: integer 
	Parameter CLKOUT6_DUTY_CYCLE bound to: 0.500000 - type: float 
	Parameter CLKOUT6_PHASE bound to: 0.000000 - type: float 
	Parameter CLKOUT6_USE_FINE_PS bound to: FALSE - type: string 
	Parameter COMPENSATION bound to: ZHOLD - type: string 
	Parameter DIVCLK_DIVIDE bound to: 1 - type: integer 
	Parameter IS_CLKINSEL_INVERTED bound to: 1'b0 
	Parameter IS_PSEN_INVERTED bound to: 1'b0 
	Parameter IS_PSINCDEC_INVERTED bound to: 1'b0 
	Parameter IS_PWRDWN_INVERTED bound to: 1'b0 
	Parameter IS_RST_INVERTED bound to: 1'b0 
	Parameter REF_JITTER1 bound to: 0.010000 - type: float 
	Parameter REF_JITTER2 bound to: 0.010000 - type: float 
	Parameter SS_EN bound to: FALSE - type: string 
	Parameter SS_MODE bound to: CENTER_HIGH - type: string 
	Parameter SS_MOD_PERIOD bound to: 10000 - type: integer 
	Parameter STARTUP_WAIT bound to: FALSE - type: string 
INFO: [Synth 8-6155] done synthesizing module 'MMCME2_ADV' (2#1) [C:/Users/James/.Xilinx/Vivado/2019.1/scripts/rt/data/unisim_comp.v:39813]
INFO: [Synth 8-6157] synthesizing module 'BUFG' [C:/Users/James/.Xilinx/Vivado/2019.1/scripts/rt/data/unisim_comp.v:1075]
INFO: [Synth 8-6155] done synthesizing module 'BUFG' (3#1) [C:/Users/James/.Xilinx/Vivado/2019.1/scripts/rt/data/unisim_comp.v:1075]
INFO: [Synth 8-6155] done synthesizing module 'clk_wiz_0' (4#1) [C:/Users/James/Desktop/myLab3.xpr/myLab3/myLab3.srcs/sources_1/new/lab3_digsel.v:24]
INFO: [Synth 8-6157] synthesizing module 'clkcntrl4' [C:/Users/James/Desktop/myLab3.xpr/myLab3/myLab3.srcs/sources_1/new/lab3_digsel.v:157]
INFO: [Synth 8-6157] synthesizing module 'GND' [C:/Users/James/.Xilinx/Vivado/2019.1/scripts/rt/data/unisim_comp.v:14643]
INFO: [Synth 8-6155] done synthesizing module 'GND' (5#1) [C:/Users/James/.Xilinx/Vivado/2019.1/scripts/rt/data/unisim_comp.v:14643]
INFO: [Synth 8-6157] synthesizing module 'CB4CE_MXILINX_clkcntrl4' [C:/Users/James/Desktop/myLab3.xpr/myLab3/myLab3.srcs/sources_1/new/lab3_digsel.v:294]
INFO: [Synth 8-6157] synthesizing module 'FTCE_MXILINX_clkcntrl4' [C:/Users/James/Desktop/myLab3.xpr/myLab3/myLab3.srcs/sources_1/new/lab3_digsel.v:264]
	Parameter INIT bound to: 1'b0 
INFO: [Synth 8-6157] synthesizing module 'XOR2' [C:/Users/James/.Xilinx/Vivado/2019.1/scripts/rt/data/unisim_comp.v:81988]
INFO: [Synth 8-6155] done synthesizing module 'XOR2' (6#1) [C:/Users/James/.Xilinx/Vivado/2019.1/scripts/rt/data/unisim_comp.v:81988]
INFO: [Synth 8-6157] synthesizing module 'FDCE' [C:/Users/James/.Xilinx/Vivado/2019.1/scripts/rt/data/unisim_comp.v:13448]
	Parameter INIT bound to: 1'b0 
	Parameter IS_CLR_INVERTED bound to: 1'b0 
	Parameter IS_C_INVERTED bound to: 1'b0 
	Parameter IS_D_INVERTED bound to: 1'b0 
INFO: [Synth 8-6155] done synthesizing module 'FDCE' (7#1) [C:/Users/James/.Xilinx/Vivado/2019.1/scripts/rt/data/unisim_comp.v:13448]
INFO: [Synth 8-6155] done synthesizing module 'FTCE_MXILINX_clkcntrl4' (8#1) [C:/Users/James/Desktop/myLab3.xpr/myLab3/myLab3.srcs/sources_1/new/lab3_digsel.v:264]
INFO: [Synth 8-6157] synthesizing module 'AND4' [C:/Users/James/.Xilinx/Vivado/2019.1/scripts/rt/data/unisim_comp.v:562]
INFO: [Synth 8-6155] done synthesizing module 'AND4' (9#1) [C:/Users/James/.Xilinx/Vivado/2019.1/scripts/rt/data/unisim_comp.v:562]
INFO: [Synth 8-6157] synthesizing module 'AND3' [C:/Users/James/.Xilinx/Vivado/2019.1/scripts/rt/data/unisim_comp.v:514]
INFO: [Synth 8-6155] done synthesizing module 'AND3' (10#1) [C:/Users/James/.Xilinx/Vivado/2019.1/scripts/rt/data/unisim_comp.v:514]
INFO: [Synth 8-6157] synthesizing module 'AND2' [C:/Users/James/.Xilinx/Vivado/2019.1/scripts/rt/data/unisim_comp.v:466]
INFO: [Synth 8-6155] done synthesizing module 'AND2' (11#1) [C:/Users/James/.Xilinx/Vivado/2019.1/scripts/rt/data/unisim_comp.v:466]
INFO: [Synth 8-6157] synthesizing module 'VCC' [C:/Users/James/.Xilinx/Vivado/2019.1/scripts/rt/data/unisim_comp.v:81391]
INFO: [Synth 8-6155] done synthesizing module 'VCC' (12#1) [C:/Users/James/.Xilinx/Vivado/2019.1/scripts/rt/data/unisim_comp.v:81391]
INFO: [Synth 8-6155] done synthesizing module 'CB4CE_MXILINX_clkcntrl4' (13#1) [C:/Users/James/Desktop/myLab3.xpr/myLab3/myLab3.srcs/sources_1/new/lab3_digsel.v:294]
INFO: [Synth 8-6157] synthesizing module 'BUF' [C:/Users/James/.Xilinx/Vivado/2019.1/scripts/rt/data/unisim_comp.v:1021]
INFO: [Synth 8-6155] done synthesizing module 'BUF' (14#1) [C:/Users/James/.Xilinx/Vivado/2019.1/scripts/rt/data/unisim_comp.v:1021]
INFO: [Synth 8-6155] done synthesizing module 'clkcntrl4' (15#1) [C:/Users/James/Desktop/myLab3.xpr/myLab3/myLab3.srcs/sources_1/new/lab3_digsel.v:157]
WARNING: [Synth 8-4446] all outputs are unconnected for this instance and logic may be removed [C:/Users/James/Desktop/myLab3.xpr/myLab3/myLab3.srcs/sources_1/new/lab3_digsel.v:245]
INFO: [Synth 8-6157] synthesizing module 'STARTUPE2' [C:/Users/James/.Xilinx/Vivado/2019.1/scripts/rt/data/unisim_comp.v:77870]
	Parameter PROG_USR bound to: FALSE - type: string 
	Parameter SIM_CCLK_FREQ bound to: 0.000000 - type: float 
INFO: [Synth 8-6155] done synthesizing module 'STARTUPE2' (16#1) [C:/Users/James/.Xilinx/Vivado/2019.1/scripts/rt/data/unisim_comp.v:77870]
INFO: [Synth 8-6155] done synthesizing module 'lab3_digsel' (17#1) [C:/Users/James/Desktop/myLab3.xpr/myLab3/myLab3.srcs/sources_1/new/lab3_digsel.v:232]
INFO: [Synth 8-6157] synthesizing module 'Incrementer' [C:/Users/James/Desktop/myLab3.xpr/myLab3/myLab3.srcs/sources_1/new/Incrementer.v:23]
INFO: [Synth 8-6157] synthesizing module 'EightBitAdder' [C:/Users/James/Desktop/myLab3.xpr/myLab3/myLab3.srcs/sources_1/new/EightBitAdder.v:23]
INFO: [Synth 8-6157] synthesizing module 'FullAdder' [C:/Users/James/Desktop/myLab3.xpr/myLab3/myLab3.srcs/sources_1/new/FullAdder.v:23]
INFO: [Synth 8-6157] synthesizing module 'm4_1' [C:/Users/James/Desktop/myLab3.xpr/myLab3/myLab3.srcs/sources_1/new/m4_1.v:23]
INFO: [Synth 8-6155] done synthesizing module 'm4_1' (18#1) [C:/Users/James/Desktop/myLab3.xpr/myLab3/myLab3.srcs/sources_1/new/m4_1.v:23]
INFO: [Synth 8-6155] done synthesizing module 'FullAdder' (19#1) [C:/Users/James/Desktop/myLab3.xpr/myLab3/myLab3.srcs/sources_1/new/FullAdder.v:23]
INFO: [Synth 8-6155] done synthesizing module 'EightBitAdder' (20#1) [C:/Users/James/Desktop/myLab3.xpr/myLab3/myLab3.srcs/sources_1/new/EightBitAdder.v:23]
WARNING: [Synth 8-7023] instance 'add' of module 'EightBitAdder' has 4 connections declared, but only 3 given [C:/Users/James/Desktop/myLab3.xpr/myLab3/myLab3.srcs/sources_1/new/Incrementer.v:29]
INFO: [Synth 8-6155] done synthesizing module 'Incrementer' (21#1) [C:/Users/James/Desktop/myLab3.xpr/myLab3/myLab3.srcs/sources_1/new/Incrementer.v:23]
INFO: [Synth 8-6157] synthesizing module 'hex7seg' [C:/Users/James/Desktop/myLab3.xpr/myLab3/myLab3.srcs/sources_1/new/hex7seg.v:23]
INFO: [Synth 8-6157] synthesizing module 'm8_1' [C:/Users/James/Desktop/myLab3.xpr/myLab3/myLab3.srcs/sources_1/new/m8_1.v:23]
INFO: [Synth 8-6155] done synthesizing module 'm8_1' (22#1) [C:/Users/James/Desktop/myLab3.xpr/myLab3/myLab3.srcs/sources_1/new/m8_1.v:23]
INFO: [Synth 8-6155] done synthesizing module 'hex7seg' (23#1) [C:/Users/James/Desktop/myLab3.xpr/myLab3/myLab3.srcs/sources_1/new/hex7seg.v:23]
INFO: [Synth 8-6157] synthesizing module 'm2_1x8' [C:/Users/James/Desktop/myLab3.xpr/myLab3/myLab3.srcs/sources_1/new/m2_1x8.v:23]
INFO: [Synth 8-6155] done synthesizing module 'm2_1x8' (24#1) [C:/Users/James/Desktop/myLab3.xpr/myLab3/myLab3.srcs/sources_1/new/m2_1x8.v:23]
WARNING: [Synth 8-689] width (7) of port connection 'o' does not match port width (8) of module 'm2_1x8' [C:/Users/James/Desktop/myLab3.xpr/myLab3/myLab3.srcs/sources_1/new/top_module.v:42]
INFO: [Synth 8-6155] done synthesizing module 'top_module' (25#1) [C:/Users/James/Desktop/myLab3.xpr/myLab3/myLab3.srcs/sources_1/new/top_module.v:23]
WARNING: [Synth 8-3917] design top_module has port dp driven by constant 1
WARNING: [Synth 8-3917] design top_module has port an[3] driven by constant 1
WARNING: [Synth 8-3917] design top_module has port an[2] driven by constant 1
---------------------------------------------------------------------------------
Finished RTL Elaboration : Time (s): cpu = 00:00:04 ; elapsed = 00:00:03 . Memory (MB): peak = 1485.461 ; gain = 57.012
---------------------------------------------------------------------------------

Report Check Netlist: 
+------+------------------+-------+---------+-------+------------------+
|      |Item              |Errors |Warnings |Status |Description       |
+------+------------------+-------+---------+-------+------------------+
|1     |multi_driven_nets |      0|        0|Passed |Multi driven nets |
+------+------------------+-------+---------+-------+------------------+
---------------------------------------------------------------------------------
Start Handling Custom Attributes
---------------------------------------------------------------------------------
---------------------------------------------------------------------------------
Finished Handling Custom Attributes : Time (s): cpu = 00:00:04 ; elapsed = 00:00:03 . Memory (MB): peak = 1496.090 ; gain = 67.641
---------------------------------------------------------------------------------
---------------------------------------------------------------------------------
Finished RTL Optimization Phase 1 : Time (s): cpu = 00:00:04 ; elapsed = 00:00:03 . Memory (MB): peak = 1496.090 ; gain = 67.641
---------------------------------------------------------------------------------
INFO: [Netlist 29-17] Analyzing 36 Unisim elements for replacement
INFO: [Netlist 29-28] Unisim Transformation completed in 0 CPU seconds
INFO: [Project 1-570] Preparing netlist for logic optimization
INFO: [Opt 31-140] Inserted 1 IBUFs to IO ports without IO buffers.
INFO: [Opt 31-141] Inserted 5 OBUFs to IO ports without IO buffers.

Processing XDC Constraints
Initializing timing engine
Parsing XDC File [C:/Users/James/Desktop/myLab3.xpr/myLab3/myLab3.srcs/constrs_1/imports/Desktop/Basys3_Master.xdc]
Finished Parsing XDC File [C:/Users/James/Desktop/myLab3.xpr/myLab3/myLab3.srcs/constrs_1/imports/Desktop/Basys3_Master.xdc]
Completed Processing XDC Constraints

INFO: [Opt 31-138] Pushed 0 inverter(s) to 0 load pin(s).
refresh_design: Time (s): cpu = 00:00:09 ; elapsed = 00:00:06 . Memory (MB): peak = 1585.973 ; gain = 157.523
archive_project C:/Users/James/Desktop/myLab3.xpr/myLab3.xpr.zip -temp_dir C:/Users/James/Desktop/myLab3.xpr/myLab3/.Xil/Vivado-10172-DESKTOP-IE1ITJ6 -force -include_local_ip_cache
INFO: [Coretcl 2-137] starting archive...
INFO: [Coretcl 2-1499] Saving project copy to temporary location 'C:/Users/James/Desktop/myLab3.xpr/myLab3/.Xil/Vivado-10172-DESKTOP-IE1ITJ6' for archiving project
Scanning sources...
Finished scanning sources
INFO: [Coretcl 2-1211] Creating project copy for archival...
INFO: [ProjectBase 1-495] The host OS only allows 260 characters in a normal path. The project is stored in a path with more than 80 characters. If you experience any problem with archiving the project, please consider setting environment variable $TEMP to a shorter path.
Current project path is 'C:/Users/James/Desktop/myLab3.xpr/myLab3/.Xil/Vivado-10172-DESKTOP-IE1ITJ6/PrjAr/_X_'.
INFO: [Coretcl 2-1213] Including run results for 'synth_1'
INFO: [Coretcl 2-1213] Including run results for 'impl_1'
INFO: [Coretcl 2-1212] Importing remotely added design sources and verilog include files (if any)...
INFO: [filemgmt 20-334] All file(s) are already imported in fileset: 'constrs_1'
INFO: [filemgmt 20-348] Importing the appropriate files for fileset: 'constrs_1'
INFO: [filemgmt 20-334] All file(s) are already imported in fileset: 'sim_1'
INFO: [filemgmt 20-348] Importing the appropriate files for fileset: 'sim_1'
INFO: [filemgmt 20-348] Importing the appropriate files for fileset: 'sources_1'
