Vivado Simulator 2019.1
Copyright 1986-1999, 2001-2019 Xilinx, Inc. All Rights Reserved.
Running: C:/Users/James/.Xilinx/Vivado/2019.1/bin/unwrapped/win64.o/xelab.exe -wto fb33e4cb19ed4c1a9dfb6c3b3c7f2ca2 --incr --debug typical --relax --mt 2 -L xil_defaultlib -L unisims_ver -L unimacro_ver -L secureip --snapshot lab3_testbench_behav xil_defaultlib.lab3_testbench xil_defaultlib.glbl -log elaborate.log 
Using 2 slave threads.
Starting static elaboration
WARNING: [VRFC 10-3091] actual bit length 7 differs from formal bit length 8 for port 'in0' [C:/Users/James/Desktop/myLab3.xpr/myLab3/myLab3.srcs/sources_1/new/top_module.v:42]
Completed static elaboration
Starting simulation data flow analysis
Completed simulation data flow analysis
Time Resolution for simulation is 1ps
Compiling module unisims_ver.IBUF
Compiling module unisims_ver.MMCME2_ADV(CLKFBOUT_MULT_F=9.125...
Compiling module unisims_ver.BUFG
Compiling module xil_defaultlib.clk_wiz_0
Compiling module unisims_ver.GND
Compiling module unisims_ver.x_lut2_mux4
Compiling module unisims_ver.LUT2
Compiling module unisims_ver.XOR2
Compiling module unisims_ver.FDCE_default
Compiling module xil_defaultlib.FTCE_MXILINX_clkcntrl4
Compiling module unisims_ver.LUT4
Compiling module unisims_ver.AND4
Compiling module unisims_ver.x_lut3_mux8
Compiling module unisims_ver.LUT3
Compiling module unisims_ver.AND3
Compiling module unisims_ver.AND2
Compiling module unisims_ver.VCC
Compiling module xil_defaultlib.CB4CE_MXILINX_clkcntrl4
Compiling module unisims_ver.BUF
Compiling module xil_defaultlib.clkcntrl4
Compiling module unisims_ver.STARTUPE2
Compiling module xil_defaultlib.lab3_digsel
Compiling module xil_defaultlib.m4_1
Compiling module xil_defaultlib.FullAdder
Compiling module xil_defaultlib.EightBitAdder
Compiling module xil_defaultlib.Incrementer
Compiling module xil_defaultlib.m8_1
Compiling module xil_defaultlib.hex7seg
Compiling module xil_defaultlib.m2_1x8
Compiling module xil_defaultlib.top_module
Compiling module xil_defaultlib.show_7segDisplay
Compiling module xil_defaultlib.lab3_testbench
Compiling module xil_defaultlib.glbl
Built simulation snapshot lab3_testbench_behav
