#-----------------------------------------------------------
# Vivado v2019.1 (64-bit)
# SW Build 2552052 on Fri May 24 14:49:42 MDT 2019
# IP Build 2548770 on Fri May 24 18:01:18 MDT 2019
# Start of session at: Tue Nov 30 10:43:25 2021
# Process ID: 14688
# Current directory: C:/Users/James/Desktop/myLab7.xpr/myLab7
# Command line: vivado.exe -gui_launcher_event rodinguilauncherevent11104 C:\Users\James\Desktop\myLab7.xpr\myLab7\myLab7.xpr
# Log file: C:/Users/James/Desktop/myLab7.xpr/myLab7/vivado.log
# Journal file: C:/Users/James/Desktop/myLab7.xpr/myLab7\vivado.jou
#-----------------------------------------------------------
start_gui
open_project C:/Users/James/Desktop/myLab7.xpr/myLab7/myLab7.xpr
INFO: [Project 1-313] Project file moved from 'C:/Users/jensming/Desktop/myLab7.xpr/myLab7/.Xil/Vivado-5148-104PC03/PrjAr/_X_' since last save.
Scanning sources...
Finished scanning sources
INFO: [IP_Flow 19-234] Refreshing IP repositories
INFO: [IP_Flow 19-1704] No user IP repositories specified
INFO: [IP_Flow 19-2313] Loaded Vivado IP repository 'C:/Users/James/.Xilinx/Vivado/2019.1/data/ip'.
open_project: Time (s): cpu = 00:00:11 ; elapsed = 00:00:29 . Memory (MB): peak = 684.293 ; gain = 84.961
update_compile_order -fileset sources_1
exit
INFO: [Common 17-206] Exiting Vivado at Tue Nov 30 10:48:09 2021...
